[2024-09-30T13:55:16.584+0000] {local_task_job_runner.py:123} INFO - ::group::Pre task execution logs
[2024-09-30T13:55:16.596+0000] {taskinstance.py:2612} INFO - Dependencies all met for dep_context=non-requeueable deps ti=<TaskInstance: tab_soccer_statics.dim_league scheduled__2024-09-29T12:00:00+00:00 [queued]>
[2024-09-30T13:55:16.602+0000] {taskinstance.py:2612} INFO - Dependencies all met for dep_context=requeueable deps ti=<TaskInstance: tab_soccer_statics.dim_league scheduled__2024-09-29T12:00:00+00:00 [queued]>
[2024-09-30T13:55:16.603+0000] {taskinstance.py:2865} INFO - Starting attempt 1 of 2
[2024-09-30T13:55:16.612+0000] {taskinstance.py:2888} INFO - Executing <Task(PythonOperator): dim_league> on 2024-09-29 12:00:00+00:00
[2024-09-30T13:55:16.621+0000] {warnings.py:112} WARNING - /home/***/.local/lib/python3.12/site-packages/***/task/task_runner/standard_task_runner.py:70: DeprecationWarning: This process (pid=2352) is multi-threaded, use of fork() may lead to deadlocks in the child.
  pid = os.fork()

[2024-09-30T13:55:16.622+0000] {standard_task_runner.py:72} INFO - Started process 2379 to run task
[2024-09-30T13:55:16.623+0000] {standard_task_runner.py:104} INFO - Running: ['***', 'tasks', 'run', 'tab_soccer_statics', 'dim_league', 'scheduled__2024-09-29T12:00:00+00:00', '--job-id', '155', '--raw', '--subdir', 'DAGS_FOLDER/tab_soccer_statics.py', '--cfg-path', '/tmp/tmp5vosnz6p']
[2024-09-30T13:55:16.624+0000] {standard_task_runner.py:105} INFO - Job 155: Subtask dim_league
[2024-09-30T13:55:16.657+0000] {task_command.py:467} INFO - Running <TaskInstance: tab_soccer_statics.dim_league scheduled__2024-09-29T12:00:00+00:00 [running]> on host 58fa97ed942d
[2024-09-30T13:55:16.719+0000] {taskinstance.py:3131} INFO - Exporting env vars: AIRFLOW_CTX_DAG_OWNER='daniel.cristancho' AIRFLOW_CTX_DAG_ID='tab_soccer_statics' AIRFLOW_CTX_TASK_ID='dim_league' AIRFLOW_CTX_EXECUTION_DATE='2024-09-29T12:00:00+00:00' AIRFLOW_CTX_TRY_NUMBER='1' AIRFLOW_CTX_DAG_RUN_ID='scheduled__2024-09-29T12:00:00+00:00'
[2024-09-30T13:55:16.720+0000] {taskinstance.py:731} INFO - ::endgroup::
[2024-09-30T13:55:16.743+0000] {warnings.py:112} WARNING - /opt/***/dags/tab_soccer_statics.py:52: FutureWarning: Passing literal json to 'read_json' is deprecated and will be removed in a future version. To read from a literal string, wrap it in a 'StringIO' object.
  data_extract = pd.read_json(data_extract)

[2024-09-30T13:55:18.622+0000] {dim_league.py:35} INFO - Start extract loaded data
[2024-09-30T13:55:18.622+0000] {dim_league.py:180} INFO - Staring data extraction for dim_league
[2024-09-30T13:55:19.591+0000] {dim_league.py:184} INFO - 4 rows extracted from dim_league
[2024-09-30T13:55:19.591+0000] {dim_league.py:185} INFO - Data extraction successfully finished
[2024-09-30T13:55:19.592+0000] {dim_league.py:40} INFO - Start transform data
[2024-09-30T13:55:20.816+0000] {dim_league.py:53} INFO - Start update old data
[2024-09-30T13:55:22.067+0000] {dim_league.py:66} INFO - The update of 1 rows was made.
[2024-09-30T13:55:22.171+0000] {logging_mixin.py:190} INFO - ****************** Success process update dim league
[2024-09-30T13:55:22.171+0000] {python.py:240} INFO - Done. Returned value was: None
[2024-09-30T13:55:22.180+0000] {taskinstance.py:340} INFO - ::group::Post task execution logs
[2024-09-30T13:55:22.180+0000] {taskinstance.py:352} INFO - Marking task as SUCCESS. dag_id=tab_soccer_statics, task_id=dim_league, run_id=scheduled__2024-09-29T12:00:00+00:00, execution_date=20240929T120000, start_date=20240930T135516, end_date=20240930T135522
[2024-09-30T13:55:22.198+0000] {local_task_job_runner.py:266} INFO - Task exited with return code 0
[2024-09-30T13:55:22.224+0000] {taskinstance.py:3900} INFO - 0 downstream tasks scheduled from follow-on schedule check
[2024-09-30T13:55:22.225+0000] {local_task_job_runner.py:245} INFO - ::endgroup::
