[2024-10-08T01:49:02.385+0000] {local_task_job_runner.py:123} INFO - ::group::Pre task execution logs
[2024-10-08T01:49:02.399+0000] {taskinstance.py:2612} INFO - Dependencies all met for dep_context=non-requeueable deps ti=<TaskInstance: tab_soccer_statics.fact_matches scheduled__2024-10-06T12:00:00+00:00 [queued]>
[2024-10-08T01:49:02.405+0000] {taskinstance.py:2612} INFO - Dependencies all met for dep_context=requeueable deps ti=<TaskInstance: tab_soccer_statics.fact_matches scheduled__2024-10-06T12:00:00+00:00 [queued]>
[2024-10-08T01:49:02.405+0000] {taskinstance.py:2865} INFO - Starting attempt 1 of 2
[2024-10-08T01:49:02.414+0000] {taskinstance.py:2888} INFO - Executing <Task(PythonOperator): fact_matches> on 2024-10-06 12:00:00+00:00
[2024-10-08T01:49:02.425+0000] {warnings.py:112} WARNING - /home/***/.local/lib/python3.12/site-packages/***/task/task_runner/standard_task_runner.py:70: DeprecationWarning: This process (pid=297) is multi-threaded, use of fork() may lead to deadlocks in the child.
  pid = os.fork()

[2024-10-08T01:49:02.426+0000] {standard_task_runner.py:72} INFO - Started process 323 to run task
[2024-10-08T01:49:02.427+0000] {standard_task_runner.py:104} INFO - Running: ['***', 'tasks', 'run', 'tab_soccer_statics', 'fact_matches', 'scheduled__2024-10-06T12:00:00+00:00', '--job-id', '94', '--raw', '--subdir', 'DAGS_FOLDER/tab_soccer_statics.py', '--cfg-path', '/tmp/tmpf550jn6u']
[2024-10-08T01:49:02.429+0000] {standard_task_runner.py:105} INFO - Job 94: Subtask fact_matches
[2024-10-08T01:49:02.464+0000] {task_command.py:467} INFO - Running <TaskInstance: tab_soccer_statics.fact_matches scheduled__2024-10-06T12:00:00+00:00 [running]> on host f74ce347067d
[2024-10-08T01:49:02.534+0000] {taskinstance.py:3131} INFO - Exporting env vars: AIRFLOW_CTX_DAG_OWNER='daniel.cristancho' AIRFLOW_CTX_DAG_ID='tab_soccer_statics' AIRFLOW_CTX_TASK_ID='fact_matches' AIRFLOW_CTX_EXECUTION_DATE='2024-10-06T12:00:00+00:00' AIRFLOW_CTX_TRY_NUMBER='1' AIRFLOW_CTX_DAG_RUN_ID='scheduled__2024-10-06T12:00:00+00:00'
[2024-10-08T01:49:02.535+0000] {taskinstance.py:731} INFO - ::endgroup::
[2024-10-08T01:49:02.565+0000] {warnings.py:112} WARNING - /opt/***/dags/tab_soccer_statics.py:69: FutureWarning: Passing literal json to 'read_json' is deprecated and will be removed in a future version. To read from a literal string, wrap it in a 'StringIO' object.
  data_extract = pd.read_json(data_extract)

[2024-10-08T01:49:04.328+0000] {fact_matches.py:31} INFO - Start extract loaded data
[2024-10-08T01:49:04.329+0000] {fact_matches.py:175} INFO - Staring data extraction for dim_teams
[2024-10-08T01:49:11.173+0000] {fact_matches.py:179} INFO - 244 rows extracted from dim_teams
[2024-10-08T01:49:11.173+0000] {fact_matches.py:180} INFO - Data extraction successfully finished
[2024-10-08T01:49:11.174+0000] {fact_matches.py:175} INFO - Staring data extraction for dim_league
[2024-10-08T01:49:11.804+0000] {fact_matches.py:179} INFO - 9 rows extracted from dim_league
[2024-10-08T01:49:11.805+0000] {fact_matches.py:180} INFO - Data extraction successfully finished
[2024-10-08T01:49:11.805+0000] {fact_matches.py:175} INFO - Staring data extraction for fact_matches
[2024-10-08T01:49:12.016+0000] {fact_matches.py:179} INFO - 553 rows extracted from fact_matches
[2024-10-08T01:49:12.016+0000] {fact_matches.py:180} INFO - Data extraction successfully finished
[2024-10-08T01:49:12.017+0000] {fact_matches.py:42} INFO - Start transform data
[2024-10-08T01:49:12.054+0000] {warnings.py:112} WARNING - /opt/***/dags/src/soccer_statics/fact_matches.py:120: SettingWithCopyWarning: 
A value is trying to be set on a copy of a slice from a DataFrame.
Try using .loc[row_indexer,col_indexer] = value instead

See the caveats in the documentation: https://pandas.pydata.org/pandas-docs/stable/user_guide/indexing.html#returning-a-view-versus-a-copy
  result_append["uuid"] = result_append.apply(lambda _: uuid.uuid4(), axis=1)

[2024-10-08T01:49:12.056+0000] {warnings.py:112} WARNING - /opt/***/dags/src/soccer_statics/fact_matches.py:121: SettingWithCopyWarning: 
A value is trying to be set on a copy of a slice from a DataFrame.
Try using .loc[row_indexer,col_indexer] = value instead

See the caveats in the documentation: https://pandas.pydata.org/pandas-docs/stable/user_guide/indexing.html#returning-a-view-versus-a-copy
  result_append["created_at"] = pd.to_datetime(

[2024-10-08T01:49:12.057+0000] {warnings.py:112} WARNING - /opt/***/dags/src/soccer_statics/fact_matches.py:124: SettingWithCopyWarning: 
A value is trying to be set on a copy of a slice from a DataFrame.
Try using .loc[row_indexer,col_indexer] = value instead

See the caveats in the documentation: https://pandas.pydata.org/pandas-docs/stable/user_guide/indexing.html#returning-a-view-versus-a-copy
  result_append["updated_at"] = pd.to_datetime(

[2024-10-08T01:49:12.058+0000] {warnings.py:112} WARNING - /opt/***/dags/src/soccer_statics/fact_matches.py:127: SettingWithCopyWarning: 
A value is trying to be set on a copy of a slice from a DataFrame.
Try using .loc[row_indexer,col_indexer] = value instead

See the caveats in the documentation: https://pandas.pydata.org/pandas-docs/stable/user_guide/indexing.html#returning-a-view-versus-a-copy
  result_append["id_match"] = result_append["id_match"].astype("Int64")

[2024-10-08T01:49:12.058+0000] {warnings.py:112} WARNING - /opt/***/dags/src/soccer_statics/fact_matches.py:128: SettingWithCopyWarning: 
A value is trying to be set on a copy of a slice from a DataFrame.
Try using .loc[row_indexer,col_indexer] = value instead

See the caveats in the documentation: https://pandas.pydata.org/pandas-docs/stable/user_guide/indexing.html#returning-a-view-versus-a-copy
  result_append["home_goals"] = result_append["home_goals"].astype("Int64")

[2024-10-08T01:49:12.059+0000] {warnings.py:112} WARNING - /opt/***/dags/src/soccer_statics/fact_matches.py:129: SettingWithCopyWarning: 
A value is trying to be set on a copy of a slice from a DataFrame.
Try using .loc[row_indexer,col_indexer] = value instead

See the caveats in the documentation: https://pandas.pydata.org/pandas-docs/stable/user_guide/indexing.html#returning-a-view-versus-a-copy
  result_append["away_goals"] = result_append["away_goals"].astype("Int64")

[2024-10-08T01:49:12.059+0000] {warnings.py:112} WARNING - /opt/***/dags/src/soccer_statics/fact_matches.py:130: SettingWithCopyWarning: 
A value is trying to be set on a copy of a slice from a DataFrame.
Try using .loc[row_indexer,col_indexer] = value instead

See the caveats in the documentation: https://pandas.pydata.org/pandas-docs/stable/user_guide/indexing.html#returning-a-view-versus-a-copy
  result_append["home_goals_half_time"] = result_append[

[2024-10-08T01:49:12.059+0000] {warnings.py:112} WARNING - /opt/***/dags/src/soccer_statics/fact_matches.py:133: SettingWithCopyWarning: 
A value is trying to be set on a copy of a slice from a DataFrame.
Try using .loc[row_indexer,col_indexer] = value instead

See the caveats in the documentation: https://pandas.pydata.org/pandas-docs/stable/user_guide/indexing.html#returning-a-view-versus-a-copy
  result_append["away_goals_half_time"] = result_append[

[2024-10-08T01:49:12.060+0000] {warnings.py:112} WARNING - /opt/***/dags/src/soccer_statics/fact_matches.py:136: SettingWithCopyWarning: 
A value is trying to be set on a copy of a slice from a DataFrame.
Try using .loc[row_indexer,col_indexer] = value instead

See the caveats in the documentation: https://pandas.pydata.org/pandas-docs/stable/user_guide/indexing.html#returning-a-view-versus-a-copy
  result_append["date_match"] = result_append["date_match"].astype("Int64")

[2024-10-08T01:49:12.060+0000] {warnings.py:112} WARNING - /opt/***/dags/src/soccer_statics/fact_matches.py:137: SettingWithCopyWarning: 
A value is trying to be set on a copy of a slice from a DataFrame.
Try using .loc[row_indexer,col_indexer] = value instead

See the caveats in the documentation: https://pandas.pydata.org/pandas-docs/stable/user_guide/indexing.html#returning-a-view-versus-a-copy
  result_append["hour_match"] = result_append["hour_match"].astype("Int64")

[2024-10-08T01:49:12.061+0000] {fact_matches.py:45} INFO - Start load new data
[2024-10-08T01:49:12.061+0000] {fact_matches.py:160} INFO - writing fact_matches table
[2024-10-08T01:49:14.317+0000] {fact_matches.py:164} INFO - 10 rows load in fact_matches
[2024-10-08T01:49:14.318+0000] {fact_matches.py:165} INFO - loading operation finished successfully for fact_matches
[2024-10-08T01:49:14.427+0000] {logging_mixin.py:190} INFO - ****************** Success process update fact matches
[2024-10-08T01:49:14.429+0000] {python.py:240} INFO - Done. Returned value was: None
[2024-10-08T01:49:14.439+0000] {taskinstance.py:340} INFO - ::group::Post task execution logs
[2024-10-08T01:49:14.439+0000] {taskinstance.py:352} INFO - Marking task as SUCCESS. dag_id=tab_soccer_statics, task_id=fact_matches, run_id=scheduled__2024-10-06T12:00:00+00:00, execution_date=20241006T120000, start_date=20241008T014902, end_date=20241008T014914
[2024-10-08T01:49:14.489+0000] {local_task_job_runner.py:266} INFO - Task exited with return code 0
[2024-10-08T01:49:14.506+0000] {taskinstance.py:3900} INFO - 1 downstream tasks scheduled from follow-on schedule check
[2024-10-08T01:49:14.507+0000] {local_task_job_runner.py:245} INFO - ::endgroup::
