[2024-10-08T12:00:53.033+0000] {local_task_job_runner.py:123} INFO - ::group::Pre task execution logs
[2024-10-08T12:00:53.045+0000] {taskinstance.py:2612} INFO - Dependencies all met for dep_context=non-requeueable deps ti=<TaskInstance: tab_soccer_statics.fact_matches_statistics scheduled__2024-10-07T12:00:00+00:00 [queued]>
[2024-10-08T12:00:53.050+0000] {taskinstance.py:2612} INFO - Dependencies all met for dep_context=requeueable deps ti=<TaskInstance: tab_soccer_statics.fact_matches_statistics scheduled__2024-10-07T12:00:00+00:00 [queued]>
[2024-10-08T12:00:53.050+0000] {taskinstance.py:2865} INFO - Starting attempt 1 of 2
[2024-10-08T12:00:53.058+0000] {taskinstance.py:2888} INFO - Executing <Task(PythonOperator): fact_matches_statistics> on 2024-10-07 12:00:00+00:00
[2024-10-08T12:00:53.068+0000] {warnings.py:112} WARNING - /home/***/.local/lib/python3.12/site-packages/***/task/task_runner/standard_task_runner.py:70: DeprecationWarning: This process (pid=25687) is multi-threaded, use of fork() may lead to deadlocks in the child.
  pid = os.fork()

[2024-10-08T12:00:53.069+0000] {standard_task_runner.py:72} INFO - Started process 25700 to run task
[2024-10-08T12:00:53.069+0000] {standard_task_runner.py:104} INFO - Running: ['***', 'tasks', 'run', 'tab_soccer_statics', 'fact_matches_statistics', 'scheduled__2024-10-07T12:00:00+00:00', '--job-id', '114', '--raw', '--subdir', 'DAGS_FOLDER/tab_soccer_statics.py', '--cfg-path', '/tmp/tmp65_uz9rm']
[2024-10-08T12:00:53.071+0000] {standard_task_runner.py:105} INFO - Job 114: Subtask fact_matches_statistics
[2024-10-08T12:00:53.104+0000] {task_command.py:467} INFO - Running <TaskInstance: tab_soccer_statics.fact_matches_statistics scheduled__2024-10-07T12:00:00+00:00 [running]> on host f74ce347067d
[2024-10-08T12:00:53.165+0000] {taskinstance.py:3131} INFO - Exporting env vars: AIRFLOW_CTX_DAG_OWNER='daniel.cristancho' AIRFLOW_CTX_DAG_ID='tab_soccer_statics' AIRFLOW_CTX_TASK_ID='fact_matches_statistics' AIRFLOW_CTX_EXECUTION_DATE='2024-10-07T12:00:00+00:00' AIRFLOW_CTX_TRY_NUMBER='1' AIRFLOW_CTX_DAG_RUN_ID='scheduled__2024-10-07T12:00:00+00:00'
[2024-10-08T12:00:53.166+0000] {taskinstance.py:731} INFO - ::endgroup::
[2024-10-08T12:00:55.067+0000] {fact_matches_statics.py:32} INFO - Start extract loaded data
[2024-10-08T12:00:55.068+0000] {fact_matches_statics.py:243} INFO - Staring data extraction for dim_teams
[2024-10-08T12:00:58.336+0000] {fact_matches_statics.py:247} INFO - 265 rows extracted from dim_teams
[2024-10-08T12:00:58.337+0000] {fact_matches_statics.py:248} INFO - Data extraction successfully finished
[2024-10-08T12:00:58.337+0000] {fact_matches_statics.py:243} INFO - Staring data extraction for fact_matches_statistics
[2024-10-08T12:00:58.554+0000] {fact_matches_statics.py:247} INFO - 30 rows extracted from fact_matches_statistics
[2024-10-08T12:00:58.554+0000] {fact_matches_statics.py:248} INFO - Data extraction successfully finished
[2024-10-08T12:01:00.301+0000] {fact_matches_statics.py:56} INFO - Start transform data
[2024-10-08T12:01:00.315+0000] {fact_matches_statics.py:59} INFO - Start load new data
[2024-10-08T12:01:00.315+0000] {fact_matches_statics.py:228} INFO - writing fact_matches_statistics table
[2024-10-08T12:01:02.730+0000] {fact_matches_statics.py:232} INFO - 52 rows load in fact_matches_statistics
[2024-10-08T12:01:02.731+0000] {fact_matches_statics.py:233} INFO - loading operation finished successfully for fact_matches_statistics
[2024-10-08T12:01:02.845+0000] {logging_mixin.py:190} INFO - ****************** Success process update fact matches statistics
[2024-10-08T12:01:02.846+0000] {python.py:240} INFO - Done. Returned value was: None
[2024-10-08T12:01:02.854+0000] {taskinstance.py:340} INFO - ::group::Post task execution logs
[2024-10-08T12:01:02.855+0000] {taskinstance.py:352} INFO - Marking task as SUCCESS. dag_id=tab_soccer_statics, task_id=fact_matches_statistics, run_id=scheduled__2024-10-07T12:00:00+00:00, execution_date=20241007T120000, start_date=20241008T120053, end_date=20241008T120102
[2024-10-08T12:01:02.883+0000] {local_task_job_runner.py:266} INFO - Task exited with return code 0
[2024-10-08T12:01:02.896+0000] {taskinstance.py:3900} INFO - 0 downstream tasks scheduled from follow-on schedule check
[2024-10-08T12:01:02.897+0000] {local_task_job_runner.py:245} INFO - ::endgroup::
