[2024-10-08T01:54:02.863+0000] {local_task_job_runner.py:123} INFO - ::group::Pre task execution logs
[2024-10-08T01:54:02.876+0000] {taskinstance.py:2612} INFO - Dependencies all met for dep_context=non-requeueable deps ti=<TaskInstance: tab_soccer_statics.dim_league manual__2024-10-08T01:53:55.590451+00:00 [queued]>
[2024-10-08T01:54:02.882+0000] {taskinstance.py:2612} INFO - Dependencies all met for dep_context=requeueable deps ti=<TaskInstance: tab_soccer_statics.dim_league manual__2024-10-08T01:53:55.590451+00:00 [queued]>
[2024-10-08T01:54:02.882+0000] {taskinstance.py:2865} INFO - Starting attempt 1 of 2
[2024-10-08T01:54:02.891+0000] {taskinstance.py:2888} INFO - Executing <Task(PythonOperator): dim_league> on 2024-10-08 01:53:55.590451+00:00
[2024-10-08T01:54:02.901+0000] {warnings.py:112} WARNING - /home/***/.local/lib/python3.12/site-packages/***/task/task_runner/standard_task_runner.py:70: DeprecationWarning: This process (pid=765) is multi-threaded, use of fork() may lead to deadlocks in the child.
  pid = os.fork()

[2024-10-08T01:54:02.903+0000] {standard_task_runner.py:72} INFO - Started process 790 to run task
[2024-10-08T01:54:02.903+0000] {standard_task_runner.py:104} INFO - Running: ['***', 'tasks', 'run', 'tab_soccer_statics', 'dim_league', 'manual__2024-10-08T01:53:55.590451+00:00', '--job-id', '107', '--raw', '--subdir', 'DAGS_FOLDER/tab_soccer_statics.py', '--cfg-path', '/tmp/tmp02n95dfk']
[2024-10-08T01:54:02.905+0000] {standard_task_runner.py:105} INFO - Job 107: Subtask dim_league
[2024-10-08T01:54:02.941+0000] {task_command.py:467} INFO - Running <TaskInstance: tab_soccer_statics.dim_league manual__2024-10-08T01:53:55.590451+00:00 [running]> on host f74ce347067d
[2024-10-08T01:54:03.010+0000] {taskinstance.py:3131} INFO - Exporting env vars: AIRFLOW_CTX_DAG_OWNER='daniel.cristancho' AIRFLOW_CTX_DAG_ID='tab_soccer_statics' AIRFLOW_CTX_TASK_ID='dim_league' AIRFLOW_CTX_EXECUTION_DATE='2024-10-08T01:53:55.590451+00:00' AIRFLOW_CTX_TRY_NUMBER='1' AIRFLOW_CTX_DAG_RUN_ID='manual__2024-10-08T01:53:55.590451+00:00'
[2024-10-08T01:54:03.011+0000] {taskinstance.py:731} INFO - ::endgroup::
[2024-10-08T01:54:03.057+0000] {warnings.py:112} WARNING - /opt/***/dags/tab_soccer_statics.py:52: FutureWarning: Passing literal json to 'read_json' is deprecated and will be removed in a future version. To read from a literal string, wrap it in a 'StringIO' object.
  data_extract = pd.read_json(data_extract)

[2024-10-08T01:54:04.824+0000] {dim_league.py:35} INFO - Start extract loaded data
[2024-10-08T01:54:04.824+0000] {dim_league.py:180} INFO - Staring data extraction for dim_league
[2024-10-08T01:54:05.902+0000] {dim_league.py:184} INFO - 9 rows extracted from dim_league
[2024-10-08T01:54:05.903+0000] {dim_league.py:185} INFO - Data extraction successfully finished
[2024-10-08T01:54:05.903+0000] {dim_league.py:40} INFO - Start transform data
[2024-10-08T01:54:09.006+0000] {dim_league.py:53} INFO - Start update old data
[2024-10-08T01:54:10.513+0000] {dim_league.py:66} INFO - The update of 4 rows was made.
[2024-10-08T01:54:10.618+0000] {logging_mixin.py:190} INFO - ****************** Success process update dim league
[2024-10-08T01:54:10.622+0000] {python.py:240} INFO - Done. Returned value was: None
[2024-10-08T01:54:10.630+0000] {taskinstance.py:340} INFO - ::group::Post task execution logs
[2024-10-08T01:54:10.631+0000] {taskinstance.py:352} INFO - Marking task as SUCCESS. dag_id=tab_soccer_statics, task_id=dim_league, run_id=manual__2024-10-08T01:53:55.590451+00:00, execution_date=20241008T015355, start_date=20241008T015402, end_date=20241008T015410
[2024-10-08T01:54:10.696+0000] {local_task_job_runner.py:266} INFO - Task exited with return code 0
[2024-10-08T01:54:10.715+0000] {taskinstance.py:3900} INFO - 0 downstream tasks scheduled from follow-on schedule check
[2024-10-08T01:54:10.716+0000] {local_task_job_runner.py:245} INFO - ::endgroup::
