[2024-10-01T03:10:37.604+0000] {processor.py:186} INFO - Started process (PID=84) to work on /opt/airflow/dags/prueba_dag.py
[2024-10-01T03:10:37.604+0000] {processor.py:914} INFO - Processing file /opt/airflow/dags/prueba_dag.py for tasks to queue
[2024-10-01T03:10:37.606+0000] {logging_mixin.py:190} INFO - [2024-10-01T03:10:37.606+0000] {dagbag.py:587} INFO - Filling up the DagBag from /opt/airflow/dags/prueba_dag.py
[2024-10-01T03:10:37.623+0000] {processor.py:925} INFO - DAG(s) 'prueba_librerias' retrieved from /opt/airflow/dags/prueba_dag.py
[2024-10-01T03:10:37.907+0000] {logging_mixin.py:190} INFO - [2024-10-01T03:10:37.906+0000] {dag.py:3229} INFO - Sync 1 DAGs
[2024-10-01T03:10:37.927+0000] {logging_mixin.py:190} INFO - [2024-10-01T03:10:37.927+0000] {dag.py:4156} INFO - Setting next_dagrun for prueba_librerias to 2024-09-30 10:00:00+00:00, run_after=2024-09-30 12:00:00+00:00
[2024-10-01T03:10:38.172+0000] {processor.py:208} INFO - Processing /opt/airflow/dags/prueba_dag.py took 0.574 seconds
[2024-10-01T03:11:08.754+0000] {processor.py:186} INFO - Started process (PID=103) to work on /opt/airflow/dags/prueba_dag.py
[2024-10-01T03:11:08.755+0000] {processor.py:914} INFO - Processing file /opt/airflow/dags/prueba_dag.py for tasks to queue
[2024-10-01T03:11:08.757+0000] {logging_mixin.py:190} INFO - [2024-10-01T03:11:08.757+0000] {dagbag.py:587} INFO - Filling up the DagBag from /opt/airflow/dags/prueba_dag.py
[2024-10-01T03:11:08.768+0000] {processor.py:925} INFO - DAG(s) 'prueba_librerias' retrieved from /opt/airflow/dags/prueba_dag.py
[2024-10-01T03:11:08.797+0000] {logging_mixin.py:190} INFO - [2024-10-01T03:11:08.797+0000] {dag.py:3229} INFO - Sync 1 DAGs
[2024-10-01T03:11:08.815+0000] {logging_mixin.py:190} INFO - [2024-10-01T03:11:08.815+0000] {dag.py:4156} INFO - Setting next_dagrun for prueba_librerias to 2024-09-30 10:00:00+00:00, run_after=2024-09-30 12:00:00+00:00
[2024-10-01T03:11:08.825+0000] {processor.py:208} INFO - Processing /opt/airflow/dags/prueba_dag.py took 0.077 seconds
[2024-10-01T03:11:38.976+0000] {processor.py:186} INFO - Started process (PID=123) to work on /opt/airflow/dags/prueba_dag.py
[2024-10-01T03:11:38.977+0000] {processor.py:914} INFO - Processing file /opt/airflow/dags/prueba_dag.py for tasks to queue
[2024-10-01T03:11:38.978+0000] {logging_mixin.py:190} INFO - [2024-10-01T03:11:38.978+0000] {dagbag.py:587} INFO - Filling up the DagBag from /opt/airflow/dags/prueba_dag.py
[2024-10-01T03:11:38.987+0000] {processor.py:925} INFO - DAG(s) 'prueba_librerias' retrieved from /opt/airflow/dags/prueba_dag.py
[2024-10-01T03:11:39.007+0000] {logging_mixin.py:190} INFO - [2024-10-01T03:11:39.007+0000] {dag.py:3229} INFO - Sync 1 DAGs
[2024-10-01T03:11:39.027+0000] {logging_mixin.py:190} INFO - [2024-10-01T03:11:39.027+0000] {dag.py:4156} INFO - Setting next_dagrun for prueba_librerias to 2024-09-30 10:00:00+00:00, run_after=2024-09-30 12:00:00+00:00
[2024-10-01T03:11:39.038+0000] {processor.py:208} INFO - Processing /opt/airflow/dags/prueba_dag.py took 0.065 seconds
[2024-10-01T03:12:09.176+0000] {processor.py:186} INFO - Started process (PID=143) to work on /opt/airflow/dags/prueba_dag.py
[2024-10-01T03:12:09.176+0000] {processor.py:914} INFO - Processing file /opt/airflow/dags/prueba_dag.py for tasks to queue
[2024-10-01T03:12:09.178+0000] {logging_mixin.py:190} INFO - [2024-10-01T03:12:09.178+0000] {dagbag.py:587} INFO - Filling up the DagBag from /opt/airflow/dags/prueba_dag.py
[2024-10-01T03:12:09.187+0000] {processor.py:925} INFO - DAG(s) 'prueba_librerias' retrieved from /opt/airflow/dags/prueba_dag.py
[2024-10-01T03:12:09.211+0000] {logging_mixin.py:190} INFO - [2024-10-01T03:12:09.210+0000] {dag.py:3229} INFO - Sync 1 DAGs
[2024-10-01T03:12:09.229+0000] {logging_mixin.py:190} INFO - [2024-10-01T03:12:09.229+0000] {dag.py:4156} INFO - Setting next_dagrun for prueba_librerias to 2024-09-30 10:00:00+00:00, run_after=2024-09-30 12:00:00+00:00
[2024-10-01T03:12:09.240+0000] {processor.py:208} INFO - Processing /opt/airflow/dags/prueba_dag.py took 0.069 seconds
[2024-10-01T03:16:00.502+0000] {processor.py:186} INFO - Started process (PID=85) to work on /opt/airflow/dags/prueba_dag.py
[2024-10-01T03:16:00.503+0000] {processor.py:914} INFO - Processing file /opt/airflow/dags/prueba_dag.py for tasks to queue
[2024-10-01T03:16:00.505+0000] {logging_mixin.py:190} INFO - [2024-10-01T03:16:00.505+0000] {dagbag.py:587} INFO - Filling up the DagBag from /opt/airflow/dags/prueba_dag.py
[2024-10-01T03:16:00.524+0000] {processor.py:925} INFO - DAG(s) 'prueba_librerias' retrieved from /opt/airflow/dags/prueba_dag.py
[2024-10-01T03:16:00.774+0000] {logging_mixin.py:190} INFO - [2024-10-01T03:16:00.773+0000] {override.py:1900} INFO - Created Permission View: can read on DAG:prueba_librerias
[2024-10-01T03:16:00.781+0000] {logging_mixin.py:190} INFO - [2024-10-01T03:16:00.781+0000] {override.py:1900} INFO - Created Permission View: can delete on DAG:prueba_librerias
[2024-10-01T03:16:00.785+0000] {logging_mixin.py:190} INFO - [2024-10-01T03:16:00.785+0000] {override.py:1900} INFO - Created Permission View: can edit on DAG:prueba_librerias
[2024-10-01T03:16:00.791+0000] {logging_mixin.py:190} INFO - [2024-10-01T03:16:00.790+0000] {override.py:1900} INFO - Created Permission View: can read on DAG Run:prueba_librerias
[2024-10-01T03:16:00.795+0000] {logging_mixin.py:190} INFO - [2024-10-01T03:16:00.795+0000] {override.py:1900} INFO - Created Permission View: can delete on DAG Run:prueba_librerias
[2024-10-01T03:16:00.801+0000] {logging_mixin.py:190} INFO - [2024-10-01T03:16:00.800+0000] {override.py:1900} INFO - Created Permission View: menu access on DAG Run:prueba_librerias
[2024-10-01T03:16:00.807+0000] {logging_mixin.py:190} INFO - [2024-10-01T03:16:00.806+0000] {override.py:1900} INFO - Created Permission View: can create on DAG Run:prueba_librerias
[2024-10-01T03:16:00.808+0000] {logging_mixin.py:190} INFO - [2024-10-01T03:16:00.807+0000] {dag.py:3229} INFO - Sync 1 DAGs
[2024-10-01T03:16:00.824+0000] {logging_mixin.py:190} INFO - [2024-10-01T03:16:00.824+0000] {dag.py:3252} INFO - Creating ORM DAG for prueba_librerias
[2024-10-01T03:16:00.834+0000] {logging_mixin.py:190} INFO - [2024-10-01T03:16:00.834+0000] {dag.py:4156} INFO - Setting next_dagrun for prueba_librerias to 2024-09-30 10:00:00+00:00, run_after=2024-09-30 12:00:00+00:00
[2024-10-01T03:16:00.846+0000] {processor.py:208} INFO - Processing /opt/airflow/dags/prueba_dag.py took 0.349 seconds
[2024-10-01T03:16:31.669+0000] {processor.py:186} INFO - Started process (PID=104) to work on /opt/airflow/dags/prueba_dag.py
[2024-10-01T03:16:31.670+0000] {processor.py:914} INFO - Processing file /opt/airflow/dags/prueba_dag.py for tasks to queue
[2024-10-01T03:16:31.671+0000] {logging_mixin.py:190} INFO - [2024-10-01T03:16:31.671+0000] {dagbag.py:587} INFO - Filling up the DagBag from /opt/airflow/dags/prueba_dag.py
[2024-10-01T03:16:31.680+0000] {processor.py:925} INFO - DAG(s) 'prueba_librerias' retrieved from /opt/airflow/dags/prueba_dag.py
[2024-10-01T03:16:31.705+0000] {logging_mixin.py:190} INFO - [2024-10-01T03:16:31.705+0000] {dag.py:3229} INFO - Sync 1 DAGs
[2024-10-01T03:16:31.726+0000] {logging_mixin.py:190} INFO - [2024-10-01T03:16:31.726+0000] {dag.py:4156} INFO - Setting next_dagrun for prueba_librerias to 2024-09-30 10:00:00+00:00, run_after=2024-09-30 12:00:00+00:00
[2024-10-01T03:16:31.739+0000] {processor.py:208} INFO - Processing /opt/airflow/dags/prueba_dag.py took 0.074 seconds
[2024-10-01T03:17:01.883+0000] {processor.py:186} INFO - Started process (PID=124) to work on /opt/airflow/dags/prueba_dag.py
[2024-10-01T03:17:01.891+0000] {processor.py:914} INFO - Processing file /opt/airflow/dags/prueba_dag.py for tasks to queue
[2024-10-01T03:17:01.893+0000] {logging_mixin.py:190} INFO - [2024-10-01T03:17:01.893+0000] {dagbag.py:587} INFO - Filling up the DagBag from /opt/airflow/dags/prueba_dag.py
[2024-10-01T03:17:01.901+0000] {processor.py:925} INFO - DAG(s) 'prueba_librerias' retrieved from /opt/airflow/dags/prueba_dag.py
[2024-10-01T03:17:01.925+0000] {logging_mixin.py:190} INFO - [2024-10-01T03:17:01.924+0000] {dag.py:3229} INFO - Sync 1 DAGs
[2024-10-01T03:17:01.941+0000] {logging_mixin.py:190} INFO - [2024-10-01T03:17:01.940+0000] {dag.py:4156} INFO - Setting next_dagrun for prueba_librerias to 2024-09-30 10:00:00+00:00, run_after=2024-09-30 12:00:00+00:00
[2024-10-01T03:17:01.952+0000] {processor.py:208} INFO - Processing /opt/airflow/dags/prueba_dag.py took 0.074 seconds
[2024-10-01T03:17:32.089+0000] {processor.py:186} INFO - Started process (PID=144) to work on /opt/airflow/dags/prueba_dag.py
[2024-10-01T03:17:32.097+0000] {processor.py:914} INFO - Processing file /opt/airflow/dags/prueba_dag.py for tasks to queue
[2024-10-01T03:17:32.099+0000] {logging_mixin.py:190} INFO - [2024-10-01T03:17:32.099+0000] {dagbag.py:587} INFO - Filling up the DagBag from /opt/airflow/dags/prueba_dag.py
[2024-10-01T03:17:32.107+0000] {processor.py:925} INFO - DAG(s) 'prueba_librerias' retrieved from /opt/airflow/dags/prueba_dag.py
[2024-10-01T03:17:32.127+0000] {logging_mixin.py:190} INFO - [2024-10-01T03:17:32.127+0000] {dag.py:3229} INFO - Sync 1 DAGs
[2024-10-01T03:17:32.153+0000] {logging_mixin.py:190} INFO - [2024-10-01T03:17:32.152+0000] {dag.py:4156} INFO - Setting next_dagrun for prueba_librerias to 2024-09-30 10:00:00+00:00, run_after=2024-09-30 12:00:00+00:00
[2024-10-01T03:17:32.177+0000] {processor.py:208} INFO - Processing /opt/airflow/dags/prueba_dag.py took 0.092 seconds
[2024-10-01T03:18:02.319+0000] {processor.py:186} INFO - Started process (PID=164) to work on /opt/airflow/dags/prueba_dag.py
[2024-10-01T03:18:02.320+0000] {processor.py:914} INFO - Processing file /opt/airflow/dags/prueba_dag.py for tasks to queue
[2024-10-01T03:18:02.322+0000] {logging_mixin.py:190} INFO - [2024-10-01T03:18:02.322+0000] {dagbag.py:587} INFO - Filling up the DagBag from /opt/airflow/dags/prueba_dag.py
[2024-10-01T03:18:02.331+0000] {processor.py:925} INFO - DAG(s) 'prueba_librerias' retrieved from /opt/airflow/dags/prueba_dag.py
[2024-10-01T03:18:02.356+0000] {logging_mixin.py:190} INFO - [2024-10-01T03:18:02.355+0000] {dag.py:3229} INFO - Sync 1 DAGs
[2024-10-01T03:18:02.374+0000] {logging_mixin.py:190} INFO - [2024-10-01T03:18:02.374+0000] {dag.py:4156} INFO - Setting next_dagrun for prueba_librerias to 2024-09-30 10:00:00+00:00, run_after=2024-09-30 12:00:00+00:00
[2024-10-01T03:18:02.384+0000] {processor.py:208} INFO - Processing /opt/airflow/dags/prueba_dag.py took 0.070 seconds
[2024-10-01T03:18:32.517+0000] {processor.py:186} INFO - Started process (PID=184) to work on /opt/airflow/dags/prueba_dag.py
[2024-10-01T03:18:32.525+0000] {processor.py:914} INFO - Processing file /opt/airflow/dags/prueba_dag.py for tasks to queue
[2024-10-01T03:18:32.528+0000] {logging_mixin.py:190} INFO - [2024-10-01T03:18:32.527+0000] {dagbag.py:587} INFO - Filling up the DagBag from /opt/airflow/dags/prueba_dag.py
[2024-10-01T03:18:32.538+0000] {processor.py:925} INFO - DAG(s) 'prueba_librerias' retrieved from /opt/airflow/dags/prueba_dag.py
[2024-10-01T03:18:32.561+0000] {logging_mixin.py:190} INFO - [2024-10-01T03:18:32.560+0000] {dag.py:3229} INFO - Sync 1 DAGs
[2024-10-01T03:18:32.577+0000] {logging_mixin.py:190} INFO - [2024-10-01T03:18:32.576+0000] {dag.py:4156} INFO - Setting next_dagrun for prueba_librerias to 2024-09-30 10:00:00+00:00, run_after=2024-09-30 12:00:00+00:00
[2024-10-01T03:18:32.587+0000] {processor.py:208} INFO - Processing /opt/airflow/dags/prueba_dag.py took 0.074 seconds
[2024-10-01T03:19:02.728+0000] {processor.py:186} INFO - Started process (PID=204) to work on /opt/airflow/dags/prueba_dag.py
[2024-10-01T03:19:02.728+0000] {processor.py:914} INFO - Processing file /opt/airflow/dags/prueba_dag.py for tasks to queue
[2024-10-01T03:19:02.730+0000] {logging_mixin.py:190} INFO - [2024-10-01T03:19:02.730+0000] {dagbag.py:587} INFO - Filling up the DagBag from /opt/airflow/dags/prueba_dag.py
[2024-10-01T03:19:02.738+0000] {processor.py:925} INFO - DAG(s) 'prueba_librerias' retrieved from /opt/airflow/dags/prueba_dag.py
[2024-10-01T03:19:02.756+0000] {logging_mixin.py:190} INFO - [2024-10-01T03:19:02.756+0000] {dag.py:3229} INFO - Sync 1 DAGs
[2024-10-01T03:19:02.779+0000] {logging_mixin.py:190} INFO - [2024-10-01T03:19:02.779+0000] {dag.py:4156} INFO - Setting next_dagrun for prueba_librerias to 2024-09-30 10:00:00+00:00, run_after=2024-09-30 12:00:00+00:00
[2024-10-01T03:19:02.791+0000] {processor.py:208} INFO - Processing /opt/airflow/dags/prueba_dag.py took 0.067 seconds
[2024-10-01T03:19:32.931+0000] {processor.py:186} INFO - Started process (PID=224) to work on /opt/airflow/dags/prueba_dag.py
[2024-10-01T03:19:32.933+0000] {processor.py:914} INFO - Processing file /opt/airflow/dags/prueba_dag.py for tasks to queue
[2024-10-01T03:19:32.940+0000] {logging_mixin.py:190} INFO - [2024-10-01T03:19:32.939+0000] {dagbag.py:587} INFO - Filling up the DagBag from /opt/airflow/dags/prueba_dag.py
[2024-10-01T03:19:32.958+0000] {processor.py:925} INFO - DAG(s) 'prueba_librerias' retrieved from /opt/airflow/dags/prueba_dag.py
[2024-10-01T03:19:32.988+0000] {logging_mixin.py:190} INFO - [2024-10-01T03:19:32.988+0000] {dag.py:3229} INFO - Sync 1 DAGs
[2024-10-01T03:19:33.229+0000] {logging_mixin.py:190} INFO - [2024-10-01T03:19:33.229+0000] {dag.py:4156} INFO - Setting next_dagrun for prueba_librerias to 2024-09-30 10:00:00+00:00, run_after=2024-09-30 12:00:00+00:00
[2024-10-01T03:19:33.249+0000] {processor.py:208} INFO - Processing /opt/airflow/dags/prueba_dag.py took 0.327 seconds
[2024-10-01T03:20:03.322+0000] {processor.py:186} INFO - Started process (PID=244) to work on /opt/airflow/dags/prueba_dag.py
[2024-10-01T03:20:03.323+0000] {processor.py:914} INFO - Processing file /opt/airflow/dags/prueba_dag.py for tasks to queue
[2024-10-01T03:20:03.327+0000] {logging_mixin.py:190} INFO - [2024-10-01T03:20:03.326+0000] {dagbag.py:587} INFO - Filling up the DagBag from /opt/airflow/dags/prueba_dag.py
[2024-10-01T03:20:03.347+0000] {processor.py:925} INFO - DAG(s) 'prueba_librerias' retrieved from /opt/airflow/dags/prueba_dag.py
[2024-10-01T03:20:03.385+0000] {logging_mixin.py:190} INFO - [2024-10-01T03:20:03.384+0000] {dag.py:3229} INFO - Sync 1 DAGs
[2024-10-01T03:20:03.416+0000] {logging_mixin.py:190} INFO - [2024-10-01T03:20:03.415+0000] {dag.py:4156} INFO - Setting next_dagrun for prueba_librerias to 2024-09-30 10:00:00+00:00, run_after=2024-09-30 12:00:00+00:00
[2024-10-01T03:20:03.435+0000] {processor.py:208} INFO - Processing /opt/airflow/dags/prueba_dag.py took 0.121 seconds
[2024-10-01T03:20:33.582+0000] {processor.py:186} INFO - Started process (PID=264) to work on /opt/airflow/dags/prueba_dag.py
[2024-10-01T03:20:33.583+0000] {processor.py:914} INFO - Processing file /opt/airflow/dags/prueba_dag.py for tasks to queue
[2024-10-01T03:20:33.585+0000] {logging_mixin.py:190} INFO - [2024-10-01T03:20:33.585+0000] {dagbag.py:587} INFO - Filling up the DagBag from /opt/airflow/dags/prueba_dag.py
[2024-10-01T03:20:33.596+0000] {processor.py:925} INFO - DAG(s) 'prueba_librerias' retrieved from /opt/airflow/dags/prueba_dag.py
[2024-10-01T03:20:33.628+0000] {logging_mixin.py:190} INFO - [2024-10-01T03:20:33.628+0000] {dag.py:3229} INFO - Sync 1 DAGs
[2024-10-01T03:20:33.653+0000] {logging_mixin.py:190} INFO - [2024-10-01T03:20:33.652+0000] {dag.py:4156} INFO - Setting next_dagrun for prueba_librerias to 2024-09-30 10:00:00+00:00, run_after=2024-09-30 12:00:00+00:00
[2024-10-01T03:20:33.668+0000] {processor.py:208} INFO - Processing /opt/airflow/dags/prueba_dag.py took 0.091 seconds
[2024-10-01T03:21:03.820+0000] {processor.py:186} INFO - Started process (PID=284) to work on /opt/airflow/dags/prueba_dag.py
[2024-10-01T03:21:03.829+0000] {processor.py:914} INFO - Processing file /opt/airflow/dags/prueba_dag.py for tasks to queue
[2024-10-01T03:21:03.831+0000] {logging_mixin.py:190} INFO - [2024-10-01T03:21:03.831+0000] {dagbag.py:587} INFO - Filling up the DagBag from /opt/airflow/dags/prueba_dag.py
[2024-10-01T03:21:03.839+0000] {processor.py:925} INFO - DAG(s) 'prueba_librerias' retrieved from /opt/airflow/dags/prueba_dag.py
[2024-10-01T03:21:03.857+0000] {logging_mixin.py:190} INFO - [2024-10-01T03:21:03.857+0000] {dag.py:3229} INFO - Sync 1 DAGs
[2024-10-01T03:21:03.873+0000] {logging_mixin.py:190} INFO - [2024-10-01T03:21:03.873+0000] {dag.py:4156} INFO - Setting next_dagrun for prueba_librerias to 2024-09-30 10:00:00+00:00, run_after=2024-09-30 12:00:00+00:00
[2024-10-01T03:21:03.891+0000] {processor.py:208} INFO - Processing /opt/airflow/dags/prueba_dag.py took 0.076 seconds
[2024-10-01T03:21:33.994+0000] {processor.py:186} INFO - Started process (PID=304) to work on /opt/airflow/dags/prueba_dag.py
[2024-10-01T03:21:33.995+0000] {processor.py:914} INFO - Processing file /opt/airflow/dags/prueba_dag.py for tasks to queue
[2024-10-01T03:21:33.997+0000] {logging_mixin.py:190} INFO - [2024-10-01T03:21:33.997+0000] {dagbag.py:587} INFO - Filling up the DagBag from /opt/airflow/dags/prueba_dag.py
[2024-10-01T03:21:34.012+0000] {processor.py:925} INFO - DAG(s) 'prueba_librerias' retrieved from /opt/airflow/dags/prueba_dag.py
[2024-10-01T03:21:34.054+0000] {logging_mixin.py:190} INFO - [2024-10-01T03:21:34.054+0000] {dag.py:3229} INFO - Sync 1 DAGs
[2024-10-01T03:21:34.298+0000] {logging_mixin.py:190} INFO - [2024-10-01T03:21:34.297+0000] {dag.py:4156} INFO - Setting next_dagrun for prueba_librerias to 2024-09-30 10:00:00+00:00, run_after=2024-09-30 12:00:00+00:00
[2024-10-01T03:21:34.321+0000] {processor.py:208} INFO - Processing /opt/airflow/dags/prueba_dag.py took 0.335 seconds
[2024-10-01T03:22:04.466+0000] {processor.py:186} INFO - Started process (PID=324) to work on /opt/airflow/dags/prueba_dag.py
[2024-10-01T03:22:04.475+0000] {processor.py:914} INFO - Processing file /opt/airflow/dags/prueba_dag.py for tasks to queue
[2024-10-01T03:22:04.477+0000] {logging_mixin.py:190} INFO - [2024-10-01T03:22:04.477+0000] {dagbag.py:587} INFO - Filling up the DagBag from /opt/airflow/dags/prueba_dag.py
[2024-10-01T03:22:04.488+0000] {processor.py:925} INFO - DAG(s) 'prueba_librerias' retrieved from /opt/airflow/dags/prueba_dag.py
[2024-10-01T03:22:04.514+0000] {logging_mixin.py:190} INFO - [2024-10-01T03:22:04.513+0000] {dag.py:3229} INFO - Sync 1 DAGs
[2024-10-01T03:22:04.734+0000] {logging_mixin.py:190} INFO - [2024-10-01T03:22:04.733+0000] {dag.py:4156} INFO - Setting next_dagrun for prueba_librerias to 2024-09-30 10:00:00+00:00, run_after=2024-09-30 12:00:00+00:00
[2024-10-01T03:22:04.760+0000] {processor.py:208} INFO - Processing /opt/airflow/dags/prueba_dag.py took 0.298 seconds
[2024-10-01T03:22:34.838+0000] {processor.py:186} INFO - Started process (PID=344) to work on /opt/airflow/dags/prueba_dag.py
[2024-10-01T03:22:34.839+0000] {processor.py:914} INFO - Processing file /opt/airflow/dags/prueba_dag.py for tasks to queue
[2024-10-01T03:22:34.840+0000] {logging_mixin.py:190} INFO - [2024-10-01T03:22:34.840+0000] {dagbag.py:587} INFO - Filling up the DagBag from /opt/airflow/dags/prueba_dag.py
[2024-10-01T03:22:34.852+0000] {processor.py:925} INFO - DAG(s) 'prueba_librerias' retrieved from /opt/airflow/dags/prueba_dag.py
[2024-10-01T03:22:34.873+0000] {logging_mixin.py:190} INFO - [2024-10-01T03:22:34.873+0000] {dag.py:3229} INFO - Sync 1 DAGs
[2024-10-01T03:22:34.890+0000] {logging_mixin.py:190} INFO - [2024-10-01T03:22:34.889+0000] {dag.py:4156} INFO - Setting next_dagrun for prueba_librerias to 2024-09-30 10:00:00+00:00, run_after=2024-09-30 12:00:00+00:00
[2024-10-01T03:22:34.900+0000] {processor.py:208} INFO - Processing /opt/airflow/dags/prueba_dag.py took 0.067 seconds
[2024-10-01T03:23:05.038+0000] {processor.py:186} INFO - Started process (PID=364) to work on /opt/airflow/dags/prueba_dag.py
[2024-10-01T03:23:05.047+0000] {processor.py:914} INFO - Processing file /opt/airflow/dags/prueba_dag.py for tasks to queue
[2024-10-01T03:23:05.050+0000] {logging_mixin.py:190} INFO - [2024-10-01T03:23:05.049+0000] {dagbag.py:587} INFO - Filling up the DagBag from /opt/airflow/dags/prueba_dag.py
[2024-10-01T03:23:05.058+0000] {processor.py:925} INFO - DAG(s) 'prueba_librerias' retrieved from /opt/airflow/dags/prueba_dag.py
[2024-10-01T03:23:05.077+0000] {logging_mixin.py:190} INFO - [2024-10-01T03:23:05.077+0000] {dag.py:3229} INFO - Sync 1 DAGs
[2024-10-01T03:23:05.094+0000] {logging_mixin.py:190} INFO - [2024-10-01T03:23:05.094+0000] {dag.py:4156} INFO - Setting next_dagrun for prueba_librerias to 2024-09-30 10:00:00+00:00, run_after=2024-09-30 12:00:00+00:00
[2024-10-01T03:23:05.106+0000] {processor.py:208} INFO - Processing /opt/airflow/dags/prueba_dag.py took 0.074 seconds
[2024-10-01T03:23:35.243+0000] {processor.py:186} INFO - Started process (PID=384) to work on /opt/airflow/dags/prueba_dag.py
[2024-10-01T03:23:35.251+0000] {processor.py:914} INFO - Processing file /opt/airflow/dags/prueba_dag.py for tasks to queue
[2024-10-01T03:23:35.253+0000] {logging_mixin.py:190} INFO - [2024-10-01T03:23:35.253+0000] {dagbag.py:587} INFO - Filling up the DagBag from /opt/airflow/dags/prueba_dag.py
[2024-10-01T03:23:35.261+0000] {processor.py:925} INFO - DAG(s) 'prueba_librerias' retrieved from /opt/airflow/dags/prueba_dag.py
[2024-10-01T03:23:35.284+0000] {logging_mixin.py:190} INFO - [2024-10-01T03:23:35.284+0000] {dag.py:3229} INFO - Sync 1 DAGs
[2024-10-01T03:23:35.469+0000] {logging_mixin.py:190} INFO - [2024-10-01T03:23:35.468+0000] {dag.py:4156} INFO - Setting next_dagrun for prueba_librerias to 2024-09-30 10:00:00+00:00, run_after=2024-09-30 12:00:00+00:00
[2024-10-01T03:23:35.492+0000] {processor.py:208} INFO - Processing /opt/airflow/dags/prueba_dag.py took 0.254 seconds
[2024-10-01T03:24:05.633+0000] {processor.py:186} INFO - Started process (PID=404) to work on /opt/airflow/dags/prueba_dag.py
[2024-10-01T03:24:05.642+0000] {processor.py:914} INFO - Processing file /opt/airflow/dags/prueba_dag.py for tasks to queue
[2024-10-01T03:24:05.643+0000] {logging_mixin.py:190} INFO - [2024-10-01T03:24:05.643+0000] {dagbag.py:587} INFO - Filling up the DagBag from /opt/airflow/dags/prueba_dag.py
[2024-10-01T03:24:05.651+0000] {processor.py:925} INFO - DAG(s) 'prueba_librerias' retrieved from /opt/airflow/dags/prueba_dag.py
[2024-10-01T03:24:05.670+0000] {logging_mixin.py:190} INFO - [2024-10-01T03:24:05.670+0000] {dag.py:3229} INFO - Sync 1 DAGs
[2024-10-01T03:24:05.852+0000] {logging_mixin.py:190} INFO - [2024-10-01T03:24:05.852+0000] {dag.py:4156} INFO - Setting next_dagrun for prueba_librerias to 2024-09-30 10:00:00+00:00, run_after=2024-09-30 12:00:00+00:00
[2024-10-01T03:24:05.871+0000] {processor.py:208} INFO - Processing /opt/airflow/dags/prueba_dag.py took 0.242 seconds
[2024-10-01T03:24:36.014+0000] {processor.py:186} INFO - Started process (PID=424) to work on /opt/airflow/dags/prueba_dag.py
[2024-10-01T03:24:36.023+0000] {processor.py:914} INFO - Processing file /opt/airflow/dags/prueba_dag.py for tasks to queue
[2024-10-01T03:24:36.025+0000] {logging_mixin.py:190} INFO - [2024-10-01T03:24:36.025+0000] {dagbag.py:587} INFO - Filling up the DagBag from /opt/airflow/dags/prueba_dag.py
[2024-10-01T03:24:36.035+0000] {processor.py:925} INFO - DAG(s) 'prueba_librerias' retrieved from /opt/airflow/dags/prueba_dag.py
[2024-10-01T03:24:36.065+0000] {logging_mixin.py:190} INFO - [2024-10-01T03:24:36.065+0000] {dag.py:3229} INFO - Sync 1 DAGs
[2024-10-01T03:24:36.083+0000] {logging_mixin.py:190} INFO - [2024-10-01T03:24:36.083+0000] {dag.py:4156} INFO - Setting next_dagrun for prueba_librerias to 2024-09-30 10:00:00+00:00, run_after=2024-09-30 12:00:00+00:00
[2024-10-01T03:24:36.096+0000] {processor.py:208} INFO - Processing /opt/airflow/dags/prueba_dag.py took 0.086 seconds
[2024-10-01T03:25:06.238+0000] {processor.py:186} INFO - Started process (PID=444) to work on /opt/airflow/dags/prueba_dag.py
[2024-10-01T03:25:06.243+0000] {processor.py:914} INFO - Processing file /opt/airflow/dags/prueba_dag.py for tasks to queue
[2024-10-01T03:25:06.245+0000] {logging_mixin.py:190} INFO - [2024-10-01T03:25:06.245+0000] {dagbag.py:587} INFO - Filling up the DagBag from /opt/airflow/dags/prueba_dag.py
[2024-10-01T03:25:06.257+0000] {processor.py:925} INFO - DAG(s) 'prueba_librerias' retrieved from /opt/airflow/dags/prueba_dag.py
[2024-10-01T03:25:06.276+0000] {logging_mixin.py:190} INFO - [2024-10-01T03:25:06.276+0000] {dag.py:3229} INFO - Sync 1 DAGs
[2024-10-01T03:25:06.292+0000] {logging_mixin.py:190} INFO - [2024-10-01T03:25:06.292+0000] {dag.py:4156} INFO - Setting next_dagrun for prueba_librerias to 2024-09-30 10:00:00+00:00, run_after=2024-09-30 12:00:00+00:00
[2024-10-01T03:25:06.302+0000] {processor.py:208} INFO - Processing /opt/airflow/dags/prueba_dag.py took 0.068 seconds
[2024-10-01T03:25:36.466+0000] {processor.py:186} INFO - Started process (PID=464) to work on /opt/airflow/dags/prueba_dag.py
[2024-10-01T03:25:36.468+0000] {processor.py:914} INFO - Processing file /opt/airflow/dags/prueba_dag.py for tasks to queue
[2024-10-01T03:25:36.472+0000] {logging_mixin.py:190} INFO - [2024-10-01T03:25:36.472+0000] {dagbag.py:587} INFO - Filling up the DagBag from /opt/airflow/dags/prueba_dag.py
[2024-10-01T03:25:36.486+0000] {processor.py:925} INFO - DAG(s) 'prueba_librerias' retrieved from /opt/airflow/dags/prueba_dag.py
[2024-10-01T03:25:36.518+0000] {logging_mixin.py:190} INFO - [2024-10-01T03:25:36.518+0000] {dag.py:3229} INFO - Sync 1 DAGs
[2024-10-01T03:25:36.542+0000] {logging_mixin.py:190} INFO - [2024-10-01T03:25:36.542+0000] {dag.py:4156} INFO - Setting next_dagrun for prueba_librerias to 2024-09-30 10:00:00+00:00, run_after=2024-09-30 12:00:00+00:00
[2024-10-01T03:25:36.792+0000] {processor.py:208} INFO - Processing /opt/airflow/dags/prueba_dag.py took 0.336 seconds
[2024-10-01T03:26:06.975+0000] {processor.py:186} INFO - Started process (PID=484) to work on /opt/airflow/dags/prueba_dag.py
[2024-10-01T03:26:06.975+0000] {processor.py:914} INFO - Processing file /opt/airflow/dags/prueba_dag.py for tasks to queue
[2024-10-01T03:26:06.977+0000] {logging_mixin.py:190} INFO - [2024-10-01T03:26:06.977+0000] {dagbag.py:587} INFO - Filling up the DagBag from /opt/airflow/dags/prueba_dag.py
[2024-10-01T03:26:06.985+0000] {processor.py:925} INFO - DAG(s) 'prueba_librerias' retrieved from /opt/airflow/dags/prueba_dag.py
[2024-10-01T03:26:07.005+0000] {logging_mixin.py:190} INFO - [2024-10-01T03:26:07.005+0000] {dag.py:3229} INFO - Sync 1 DAGs
[2024-10-01T03:26:07.201+0000] {logging_mixin.py:190} INFO - [2024-10-01T03:26:07.200+0000] {dag.py:4156} INFO - Setting next_dagrun for prueba_librerias to 2024-09-30 10:00:00+00:00, run_after=2024-09-30 12:00:00+00:00
[2024-10-01T03:26:07.211+0000] {processor.py:208} INFO - Processing /opt/airflow/dags/prueba_dag.py took 0.241 seconds
[2024-10-01T03:26:37.359+0000] {processor.py:186} INFO - Started process (PID=504) to work on /opt/airflow/dags/prueba_dag.py
[2024-10-01T03:26:37.367+0000] {processor.py:914} INFO - Processing file /opt/airflow/dags/prueba_dag.py for tasks to queue
[2024-10-01T03:26:37.369+0000] {logging_mixin.py:190} INFO - [2024-10-01T03:26:37.369+0000] {dagbag.py:587} INFO - Filling up the DagBag from /opt/airflow/dags/prueba_dag.py
[2024-10-01T03:26:37.377+0000] {processor.py:925} INFO - DAG(s) 'prueba_librerias' retrieved from /opt/airflow/dags/prueba_dag.py
[2024-10-01T03:26:37.398+0000] {logging_mixin.py:190} INFO - [2024-10-01T03:26:37.397+0000] {dag.py:3229} INFO - Sync 1 DAGs
[2024-10-01T03:26:37.422+0000] {logging_mixin.py:190} INFO - [2024-10-01T03:26:37.421+0000] {dag.py:4156} INFO - Setting next_dagrun for prueba_librerias to 2024-09-30 10:00:00+00:00, run_after=2024-09-30 12:00:00+00:00
[2024-10-01T03:26:37.432+0000] {processor.py:208} INFO - Processing /opt/airflow/dags/prueba_dag.py took 0.078 seconds
[2024-10-01T03:27:07.562+0000] {processor.py:186} INFO - Started process (PID=524) to work on /opt/airflow/dags/prueba_dag.py
[2024-10-01T03:27:07.571+0000] {processor.py:914} INFO - Processing file /opt/airflow/dags/prueba_dag.py for tasks to queue
[2024-10-01T03:27:07.573+0000] {logging_mixin.py:190} INFO - [2024-10-01T03:27:07.573+0000] {dagbag.py:587} INFO - Filling up the DagBag from /opt/airflow/dags/prueba_dag.py
[2024-10-01T03:27:07.581+0000] {processor.py:925} INFO - DAG(s) 'prueba_librerias' retrieved from /opt/airflow/dags/prueba_dag.py
[2024-10-01T03:27:07.599+0000] {logging_mixin.py:190} INFO - [2024-10-01T03:27:07.599+0000] {dag.py:3229} INFO - Sync 1 DAGs
[2024-10-01T03:27:07.615+0000] {logging_mixin.py:190} INFO - [2024-10-01T03:27:07.615+0000] {dag.py:4156} INFO - Setting next_dagrun for prueba_librerias to 2024-09-30 10:00:00+00:00, run_after=2024-09-30 12:00:00+00:00
[2024-10-01T03:27:07.627+0000] {processor.py:208} INFO - Processing /opt/airflow/dags/prueba_dag.py took 0.070 seconds
[2024-10-01T03:27:37.767+0000] {processor.py:186} INFO - Started process (PID=544) to work on /opt/airflow/dags/prueba_dag.py
[2024-10-01T03:27:37.768+0000] {processor.py:914} INFO - Processing file /opt/airflow/dags/prueba_dag.py for tasks to queue
[2024-10-01T03:27:37.769+0000] {logging_mixin.py:190} INFO - [2024-10-01T03:27:37.769+0000] {dagbag.py:587} INFO - Filling up the DagBag from /opt/airflow/dags/prueba_dag.py
[2024-10-01T03:27:37.778+0000] {processor.py:925} INFO - DAG(s) 'prueba_librerias' retrieved from /opt/airflow/dags/prueba_dag.py
[2024-10-01T03:27:37.803+0000] {logging_mixin.py:190} INFO - [2024-10-01T03:27:37.803+0000] {dag.py:3229} INFO - Sync 1 DAGs
[2024-10-01T03:27:37.822+0000] {logging_mixin.py:190} INFO - [2024-10-01T03:27:37.822+0000] {dag.py:4156} INFO - Setting next_dagrun for prueba_librerias to 2024-09-30 10:00:00+00:00, run_after=2024-09-30 12:00:00+00:00
[2024-10-01T03:27:38.014+0000] {processor.py:208} INFO - Processing /opt/airflow/dags/prueba_dag.py took 0.251 seconds
[2024-10-01T03:28:08.165+0000] {processor.py:186} INFO - Started process (PID=564) to work on /opt/airflow/dags/prueba_dag.py
[2024-10-01T03:28:08.174+0000] {processor.py:914} INFO - Processing file /opt/airflow/dags/prueba_dag.py for tasks to queue
[2024-10-01T03:28:08.177+0000] {logging_mixin.py:190} INFO - [2024-10-01T03:28:08.175+0000] {dagbag.py:587} INFO - Filling up the DagBag from /opt/airflow/dags/prueba_dag.py
[2024-10-01T03:28:08.191+0000] {processor.py:925} INFO - DAG(s) 'prueba_librerias' retrieved from /opt/airflow/dags/prueba_dag.py
[2024-10-01T03:28:08.221+0000] {logging_mixin.py:190} INFO - [2024-10-01T03:28:08.221+0000] {dag.py:3229} INFO - Sync 1 DAGs
[2024-10-01T03:28:08.454+0000] {logging_mixin.py:190} INFO - [2024-10-01T03:28:08.454+0000] {dag.py:4156} INFO - Setting next_dagrun for prueba_librerias to 2024-09-30 10:00:00+00:00, run_after=2024-09-30 12:00:00+00:00
[2024-10-01T03:28:08.476+0000] {processor.py:208} INFO - Processing /opt/airflow/dags/prueba_dag.py took 0.319 seconds
[2024-10-01T03:28:38.640+0000] {processor.py:186} INFO - Started process (PID=584) to work on /opt/airflow/dags/prueba_dag.py
[2024-10-01T03:28:38.648+0000] {processor.py:914} INFO - Processing file /opt/airflow/dags/prueba_dag.py for tasks to queue
[2024-10-01T03:28:38.650+0000] {logging_mixin.py:190} INFO - [2024-10-01T03:28:38.650+0000] {dagbag.py:587} INFO - Filling up the DagBag from /opt/airflow/dags/prueba_dag.py
[2024-10-01T03:28:38.659+0000] {processor.py:925} INFO - DAG(s) 'prueba_librerias' retrieved from /opt/airflow/dags/prueba_dag.py
[2024-10-01T03:28:38.686+0000] {logging_mixin.py:190} INFO - [2024-10-01T03:28:38.686+0000] {dag.py:3229} INFO - Sync 1 DAGs
[2024-10-01T03:28:38.703+0000] {logging_mixin.py:190} INFO - [2024-10-01T03:28:38.703+0000] {dag.py:4156} INFO - Setting next_dagrun for prueba_librerias to 2024-09-30 10:00:00+00:00, run_after=2024-09-30 12:00:00+00:00
[2024-10-01T03:28:38.714+0000] {processor.py:208} INFO - Processing /opt/airflow/dags/prueba_dag.py took 0.078 seconds
[2024-10-01T03:29:08.851+0000] {processor.py:186} INFO - Started process (PID=604) to work on /opt/airflow/dags/prueba_dag.py
[2024-10-01T03:29:08.860+0000] {processor.py:914} INFO - Processing file /opt/airflow/dags/prueba_dag.py for tasks to queue
[2024-10-01T03:29:08.862+0000] {logging_mixin.py:190} INFO - [2024-10-01T03:29:08.862+0000] {dagbag.py:587} INFO - Filling up the DagBag from /opt/airflow/dags/prueba_dag.py
[2024-10-01T03:29:08.871+0000] {processor.py:925} INFO - DAG(s) 'prueba_librerias' retrieved from /opt/airflow/dags/prueba_dag.py
[2024-10-01T03:29:08.891+0000] {logging_mixin.py:190} INFO - [2024-10-01T03:29:08.891+0000] {dag.py:3229} INFO - Sync 1 DAGs
[2024-10-01T03:29:08.916+0000] {logging_mixin.py:190} INFO - [2024-10-01T03:29:08.915+0000] {dag.py:4156} INFO - Setting next_dagrun for prueba_librerias to 2024-09-30 10:00:00+00:00, run_after=2024-09-30 12:00:00+00:00
[2024-10-01T03:29:08.930+0000] {processor.py:208} INFO - Processing /opt/airflow/dags/prueba_dag.py took 0.087 seconds
[2024-10-01T03:29:39.058+0000] {processor.py:186} INFO - Started process (PID=624) to work on /opt/airflow/dags/prueba_dag.py
[2024-10-01T03:29:39.067+0000] {processor.py:914} INFO - Processing file /opt/airflow/dags/prueba_dag.py for tasks to queue
[2024-10-01T03:29:39.069+0000] {logging_mixin.py:190} INFO - [2024-10-01T03:29:39.068+0000] {dagbag.py:587} INFO - Filling up the DagBag from /opt/airflow/dags/prueba_dag.py
[2024-10-01T03:29:39.079+0000] {processor.py:925} INFO - DAG(s) 'prueba_librerias' retrieved from /opt/airflow/dags/prueba_dag.py
[2024-10-01T03:29:39.105+0000] {logging_mixin.py:190} INFO - [2024-10-01T03:29:39.105+0000] {dag.py:3229} INFO - Sync 1 DAGs
[2024-10-01T03:29:39.126+0000] {logging_mixin.py:190} INFO - [2024-10-01T03:29:39.126+0000] {dag.py:4156} INFO - Setting next_dagrun for prueba_librerias to 2024-09-30 10:00:00+00:00, run_after=2024-09-30 12:00:00+00:00
[2024-10-01T03:29:39.355+0000] {processor.py:208} INFO - Processing /opt/airflow/dags/prueba_dag.py took 0.302 seconds
[2024-10-01T03:30:09.497+0000] {processor.py:186} INFO - Started process (PID=644) to work on /opt/airflow/dags/prueba_dag.py
[2024-10-01T03:30:09.498+0000] {processor.py:914} INFO - Processing file /opt/airflow/dags/prueba_dag.py for tasks to queue
[2024-10-01T03:30:09.501+0000] {logging_mixin.py:190} INFO - [2024-10-01T03:30:09.501+0000] {dagbag.py:587} INFO - Filling up the DagBag from /opt/airflow/dags/prueba_dag.py
[2024-10-01T03:30:09.513+0000] {processor.py:925} INFO - DAG(s) 'prueba_librerias' retrieved from /opt/airflow/dags/prueba_dag.py
[2024-10-01T03:30:09.534+0000] {logging_mixin.py:190} INFO - [2024-10-01T03:30:09.533+0000] {dag.py:3229} INFO - Sync 1 DAGs
[2024-10-01T03:30:09.733+0000] {logging_mixin.py:190} INFO - [2024-10-01T03:30:09.732+0000] {dag.py:4156} INFO - Setting next_dagrun for prueba_librerias to 2024-09-30 10:00:00+00:00, run_after=2024-09-30 12:00:00+00:00
[2024-10-01T03:30:09.743+0000] {processor.py:208} INFO - Processing /opt/airflow/dags/prueba_dag.py took 0.254 seconds
[2024-10-01T03:30:40.635+0000] {processor.py:186} INFO - Started process (PID=664) to work on /opt/airflow/dags/prueba_dag.py
[2024-10-01T03:30:40.636+0000] {processor.py:914} INFO - Processing file /opt/airflow/dags/prueba_dag.py for tasks to queue
[2024-10-01T03:30:40.638+0000] {logging_mixin.py:190} INFO - [2024-10-01T03:30:40.637+0000] {dagbag.py:587} INFO - Filling up the DagBag from /opt/airflow/dags/prueba_dag.py
[2024-10-01T03:30:40.646+0000] {processor.py:925} INFO - DAG(s) 'prueba_librerias' retrieved from /opt/airflow/dags/prueba_dag.py
[2024-10-01T03:30:40.667+0000] {logging_mixin.py:190} INFO - [2024-10-01T03:30:40.666+0000] {dag.py:3229} INFO - Sync 1 DAGs
[2024-10-01T03:30:40.691+0000] {logging_mixin.py:190} INFO - [2024-10-01T03:30:40.690+0000] {dag.py:4156} INFO - Setting next_dagrun for prueba_librerias to 2024-09-30 10:00:00+00:00, run_after=2024-09-30 12:00:00+00:00
[2024-10-01T03:30:40.713+0000] {processor.py:208} INFO - Processing /opt/airflow/dags/prueba_dag.py took 0.082 seconds
[2024-10-01T03:31:10.848+0000] {processor.py:186} INFO - Started process (PID=684) to work on /opt/airflow/dags/prueba_dag.py
[2024-10-01T03:31:10.849+0000] {processor.py:914} INFO - Processing file /opt/airflow/dags/prueba_dag.py for tasks to queue
[2024-10-01T03:31:10.852+0000] {logging_mixin.py:190} INFO - [2024-10-01T03:31:10.851+0000] {dagbag.py:587} INFO - Filling up the DagBag from /opt/airflow/dags/prueba_dag.py
[2024-10-01T03:31:10.864+0000] {processor.py:925} INFO - DAG(s) 'prueba_librerias' retrieved from /opt/airflow/dags/prueba_dag.py
[2024-10-01T03:31:10.884+0000] {logging_mixin.py:190} INFO - [2024-10-01T03:31:10.883+0000] {dag.py:3229} INFO - Sync 1 DAGs
[2024-10-01T03:31:10.901+0000] {logging_mixin.py:190} INFO - [2024-10-01T03:31:10.901+0000] {dag.py:4156} INFO - Setting next_dagrun for prueba_librerias to 2024-09-30 10:00:00+00:00, run_after=2024-09-30 12:00:00+00:00
[2024-10-01T03:31:10.913+0000] {processor.py:208} INFO - Processing /opt/airflow/dags/prueba_dag.py took 0.070 seconds
[2024-10-01T03:31:41.063+0000] {processor.py:186} INFO - Started process (PID=704) to work on /opt/airflow/dags/prueba_dag.py
[2024-10-01T03:31:41.071+0000] {processor.py:914} INFO - Processing file /opt/airflow/dags/prueba_dag.py for tasks to queue
[2024-10-01T03:31:41.073+0000] {logging_mixin.py:190} INFO - [2024-10-01T03:31:41.073+0000] {dagbag.py:587} INFO - Filling up the DagBag from /opt/airflow/dags/prueba_dag.py
[2024-10-01T03:31:41.082+0000] {processor.py:925} INFO - DAG(s) 'prueba_librerias' retrieved from /opt/airflow/dags/prueba_dag.py
[2024-10-01T03:31:41.109+0000] {logging_mixin.py:190} INFO - [2024-10-01T03:31:41.108+0000] {dag.py:3229} INFO - Sync 1 DAGs
[2024-10-01T03:31:41.126+0000] {logging_mixin.py:190} INFO - [2024-10-01T03:31:41.126+0000] {dag.py:4156} INFO - Setting next_dagrun for prueba_librerias to 2024-09-30 10:00:00+00:00, run_after=2024-09-30 12:00:00+00:00
[2024-10-01T03:31:41.308+0000] {processor.py:208} INFO - Processing /opt/airflow/dags/prueba_dag.py took 0.250 seconds
[2024-10-01T03:32:11.453+0000] {processor.py:186} INFO - Started process (PID=724) to work on /opt/airflow/dags/prueba_dag.py
[2024-10-01T03:32:11.462+0000] {processor.py:914} INFO - Processing file /opt/airflow/dags/prueba_dag.py for tasks to queue
[2024-10-01T03:32:11.464+0000] {logging_mixin.py:190} INFO - [2024-10-01T03:32:11.463+0000] {dagbag.py:587} INFO - Filling up the DagBag from /opt/airflow/dags/prueba_dag.py
[2024-10-01T03:32:11.472+0000] {processor.py:925} INFO - DAG(s) 'prueba_librerias' retrieved from /opt/airflow/dags/prueba_dag.py
[2024-10-01T03:32:11.490+0000] {logging_mixin.py:190} INFO - [2024-10-01T03:32:11.490+0000] {dag.py:3229} INFO - Sync 1 DAGs
[2024-10-01T03:32:11.682+0000] {logging_mixin.py:190} INFO - [2024-10-01T03:32:11.682+0000] {dag.py:4156} INFO - Setting next_dagrun for prueba_librerias to 2024-09-30 10:00:00+00:00, run_after=2024-09-30 12:00:00+00:00
[2024-10-01T03:32:11.701+0000] {processor.py:208} INFO - Processing /opt/airflow/dags/prueba_dag.py took 0.254 seconds
[2024-10-01T03:32:41.847+0000] {processor.py:186} INFO - Started process (PID=733) to work on /opt/airflow/dags/prueba_dag.py
[2024-10-01T03:32:41.855+0000] {processor.py:914} INFO - Processing file /opt/airflow/dags/prueba_dag.py for tasks to queue
[2024-10-01T03:32:41.857+0000] {logging_mixin.py:190} INFO - [2024-10-01T03:32:41.857+0000] {dagbag.py:587} INFO - Filling up the DagBag from /opt/airflow/dags/prueba_dag.py
[2024-10-01T03:32:41.865+0000] {processor.py:925} INFO - DAG(s) 'prueba_librerias' retrieved from /opt/airflow/dags/prueba_dag.py
[2024-10-01T03:32:41.889+0000] {logging_mixin.py:190} INFO - [2024-10-01T03:32:41.889+0000] {dag.py:3229} INFO - Sync 1 DAGs
[2024-10-01T03:32:41.906+0000] {logging_mixin.py:190} INFO - [2024-10-01T03:32:41.906+0000] {dag.py:4156} INFO - Setting next_dagrun for prueba_librerias to 2024-09-30 10:00:00+00:00, run_after=2024-09-30 12:00:00+00:00
[2024-10-01T03:32:41.917+0000] {processor.py:208} INFO - Processing /opt/airflow/dags/prueba_dag.py took 0.074 seconds
[2024-10-01T03:33:12.082+0000] {processor.py:186} INFO - Started process (PID=751) to work on /opt/airflow/dags/prueba_dag.py
[2024-10-01T03:33:12.083+0000] {processor.py:914} INFO - Processing file /opt/airflow/dags/prueba_dag.py for tasks to queue
[2024-10-01T03:33:12.085+0000] {logging_mixin.py:190} INFO - [2024-10-01T03:33:12.084+0000] {dagbag.py:587} INFO - Filling up the DagBag from /opt/airflow/dags/prueba_dag.py
[2024-10-01T03:33:12.097+0000] {processor.py:925} INFO - DAG(s) 'prueba_librerias' retrieved from /opt/airflow/dags/prueba_dag.py
[2024-10-01T03:33:12.119+0000] {logging_mixin.py:190} INFO - [2024-10-01T03:33:12.119+0000] {dag.py:3229} INFO - Sync 1 DAGs
[2024-10-01T03:33:12.136+0000] {logging_mixin.py:190} INFO - [2024-10-01T03:33:12.136+0000] {dag.py:4156} INFO - Setting next_dagrun for prueba_librerias to 2024-09-30 10:00:00+00:00, run_after=2024-09-30 12:00:00+00:00
[2024-10-01T03:33:12.147+0000] {processor.py:208} INFO - Processing /opt/airflow/dags/prueba_dag.py took 0.070 seconds
[2024-10-01T03:33:42.292+0000] {processor.py:186} INFO - Started process (PID=771) to work on /opt/airflow/dags/prueba_dag.py
[2024-10-01T03:33:42.300+0000] {processor.py:914} INFO - Processing file /opt/airflow/dags/prueba_dag.py for tasks to queue
[2024-10-01T03:33:42.302+0000] {logging_mixin.py:190} INFO - [2024-10-01T03:33:42.302+0000] {dagbag.py:587} INFO - Filling up the DagBag from /opt/airflow/dags/prueba_dag.py
[2024-10-01T03:33:42.315+0000] {processor.py:925} INFO - DAG(s) 'prueba_librerias' retrieved from /opt/airflow/dags/prueba_dag.py
[2024-10-01T03:33:42.339+0000] {logging_mixin.py:190} INFO - [2024-10-01T03:33:42.339+0000] {dag.py:3229} INFO - Sync 1 DAGs
[2024-10-01T03:33:42.357+0000] {logging_mixin.py:190} INFO - [2024-10-01T03:33:42.356+0000] {dag.py:4156} INFO - Setting next_dagrun for prueba_librerias to 2024-09-30 10:00:00+00:00, run_after=2024-09-30 12:00:00+00:00
[2024-10-01T03:33:42.370+0000] {processor.py:208} INFO - Processing /opt/airflow/dags/prueba_dag.py took 0.083 seconds
[2024-10-01T03:34:12.514+0000] {processor.py:186} INFO - Started process (PID=797) to work on /opt/airflow/dags/prueba_dag.py
[2024-10-01T03:34:12.522+0000] {processor.py:914} INFO - Processing file /opt/airflow/dags/prueba_dag.py for tasks to queue
[2024-10-01T03:34:12.524+0000] {logging_mixin.py:190} INFO - [2024-10-01T03:34:12.524+0000] {dagbag.py:587} INFO - Filling up the DagBag from /opt/airflow/dags/prueba_dag.py
[2024-10-01T03:34:12.532+0000] {processor.py:925} INFO - DAG(s) 'prueba_librerias' retrieved from /opt/airflow/dags/prueba_dag.py
[2024-10-01T03:34:12.557+0000] {logging_mixin.py:190} INFO - [2024-10-01T03:34:12.556+0000] {dag.py:3229} INFO - Sync 1 DAGs
[2024-10-01T03:34:12.779+0000] {logging_mixin.py:190} INFO - [2024-10-01T03:34:12.779+0000] {dag.py:4156} INFO - Setting next_dagrun for prueba_librerias to 2024-09-30 10:00:00+00:00, run_after=2024-09-30 12:00:00+00:00
[2024-10-01T03:34:12.790+0000] {processor.py:208} INFO - Processing /opt/airflow/dags/prueba_dag.py took 0.280 seconds
[2024-10-01T03:34:42.953+0000] {processor.py:186} INFO - Started process (PID=817) to work on /opt/airflow/dags/prueba_dag.py
[2024-10-01T03:34:42.955+0000] {processor.py:914} INFO - Processing file /opt/airflow/dags/prueba_dag.py for tasks to queue
[2024-10-01T03:34:42.958+0000] {logging_mixin.py:190} INFO - [2024-10-01T03:34:42.958+0000] {dagbag.py:587} INFO - Filling up the DagBag from /opt/airflow/dags/prueba_dag.py
[2024-10-01T03:34:42.974+0000] {processor.py:925} INFO - DAG(s) 'prueba_librerias' retrieved from /opt/airflow/dags/prueba_dag.py
[2024-10-01T03:34:43.225+0000] {logging_mixin.py:190} INFO - [2024-10-01T03:34:43.225+0000] {dag.py:3229} INFO - Sync 1 DAGs
[2024-10-01T03:34:43.240+0000] {logging_mixin.py:190} INFO - [2024-10-01T03:34:43.240+0000] {dag.py:4156} INFO - Setting next_dagrun for prueba_librerias to 2024-09-30 10:00:00+00:00, run_after=2024-09-30 12:00:00+00:00
[2024-10-01T03:34:43.259+0000] {processor.py:208} INFO - Processing /opt/airflow/dags/prueba_dag.py took 0.315 seconds
[2024-10-01T03:35:14.115+0000] {processor.py:186} INFO - Started process (PID=837) to work on /opt/airflow/dags/prueba_dag.py
[2024-10-01T03:35:14.116+0000] {processor.py:914} INFO - Processing file /opt/airflow/dags/prueba_dag.py for tasks to queue
[2024-10-01T03:35:14.118+0000] {logging_mixin.py:190} INFO - [2024-10-01T03:35:14.118+0000] {dagbag.py:587} INFO - Filling up the DagBag from /opt/airflow/dags/prueba_dag.py
[2024-10-01T03:35:14.129+0000] {processor.py:925} INFO - DAG(s) 'prueba_librerias' retrieved from /opt/airflow/dags/prueba_dag.py
[2024-10-01T03:35:14.170+0000] {logging_mixin.py:190} INFO - [2024-10-01T03:35:14.170+0000] {dag.py:3229} INFO - Sync 1 DAGs
[2024-10-01T03:35:14.210+0000] {logging_mixin.py:190} INFO - [2024-10-01T03:35:14.210+0000] {dag.py:4156} INFO - Setting next_dagrun for prueba_librerias to 2024-09-30 10:00:00+00:00, run_after=2024-09-30 12:00:00+00:00
[2024-10-01T03:35:14.240+0000] {processor.py:208} INFO - Processing /opt/airflow/dags/prueba_dag.py took 0.130 seconds
[2024-10-01T03:35:44.344+0000] {processor.py:186} INFO - Started process (PID=857) to work on /opt/airflow/dags/prueba_dag.py
[2024-10-01T03:35:44.345+0000] {processor.py:914} INFO - Processing file /opt/airflow/dags/prueba_dag.py for tasks to queue
[2024-10-01T03:35:44.347+0000] {logging_mixin.py:190} INFO - [2024-10-01T03:35:44.347+0000] {dagbag.py:587} INFO - Filling up the DagBag from /opt/airflow/dags/prueba_dag.py
[2024-10-01T03:35:44.357+0000] {processor.py:925} INFO - DAG(s) 'prueba_librerias' retrieved from /opt/airflow/dags/prueba_dag.py
[2024-10-01T03:35:44.377+0000] {logging_mixin.py:190} INFO - [2024-10-01T03:35:44.377+0000] {dag.py:3229} INFO - Sync 1 DAGs
[2024-10-01T03:35:44.400+0000] {logging_mixin.py:190} INFO - [2024-10-01T03:35:44.400+0000] {dag.py:4156} INFO - Setting next_dagrun for prueba_librerias to 2024-09-30 10:00:00+00:00, run_after=2024-09-30 12:00:00+00:00
[2024-10-01T03:35:44.413+0000] {processor.py:208} INFO - Processing /opt/airflow/dags/prueba_dag.py took 0.073 seconds
[2024-10-01T03:36:14.551+0000] {processor.py:186} INFO - Started process (PID=877) to work on /opt/airflow/dags/prueba_dag.py
[2024-10-01T03:36:14.554+0000] {processor.py:914} INFO - Processing file /opt/airflow/dags/prueba_dag.py for tasks to queue
[2024-10-01T03:36:14.556+0000] {logging_mixin.py:190} INFO - [2024-10-01T03:36:14.556+0000] {dagbag.py:587} INFO - Filling up the DagBag from /opt/airflow/dags/prueba_dag.py
[2024-10-01T03:36:14.567+0000] {processor.py:925} INFO - DAG(s) 'prueba_librerias' retrieved from /opt/airflow/dags/prueba_dag.py
[2024-10-01T03:36:14.589+0000] {logging_mixin.py:190} INFO - [2024-10-01T03:36:14.589+0000] {dag.py:3229} INFO - Sync 1 DAGs
[2024-10-01T03:36:14.797+0000] {logging_mixin.py:190} INFO - [2024-10-01T03:36:14.797+0000] {dag.py:4156} INFO - Setting next_dagrun for prueba_librerias to 2024-09-30 10:00:00+00:00, run_after=2024-09-30 12:00:00+00:00
[2024-10-01T03:36:14.808+0000] {processor.py:208} INFO - Processing /opt/airflow/dags/prueba_dag.py took 0.262 seconds
[2024-10-01T03:36:44.962+0000] {processor.py:186} INFO - Started process (PID=897) to work on /opt/airflow/dags/prueba_dag.py
[2024-10-01T03:36:44.971+0000] {processor.py:914} INFO - Processing file /opt/airflow/dags/prueba_dag.py for tasks to queue
[2024-10-01T03:36:44.973+0000] {logging_mixin.py:190} INFO - [2024-10-01T03:36:44.973+0000] {dagbag.py:587} INFO - Filling up the DagBag from /opt/airflow/dags/prueba_dag.py
[2024-10-01T03:36:44.982+0000] {processor.py:925} INFO - DAG(s) 'prueba_librerias' retrieved from /opt/airflow/dags/prueba_dag.py
[2024-10-01T03:36:45.181+0000] {logging_mixin.py:190} INFO - [2024-10-01T03:36:45.181+0000] {dag.py:3229} INFO - Sync 1 DAGs
[2024-10-01T03:36:45.197+0000] {logging_mixin.py:190} INFO - [2024-10-01T03:36:45.197+0000] {dag.py:4156} INFO - Setting next_dagrun for prueba_librerias to 2024-09-30 10:00:00+00:00, run_after=2024-09-30 12:00:00+00:00
[2024-10-01T03:36:45.215+0000] {processor.py:208} INFO - Processing /opt/airflow/dags/prueba_dag.py took 0.258 seconds
[2024-10-01T03:37:15.364+0000] {processor.py:186} INFO - Started process (PID=917) to work on /opt/airflow/dags/prueba_dag.py
[2024-10-01T03:37:15.373+0000] {processor.py:914} INFO - Processing file /opt/airflow/dags/prueba_dag.py for tasks to queue
[2024-10-01T03:37:15.377+0000] {logging_mixin.py:190} INFO - [2024-10-01T03:37:15.376+0000] {dagbag.py:587} INFO - Filling up the DagBag from /opt/airflow/dags/prueba_dag.py
[2024-10-01T03:37:15.385+0000] {processor.py:925} INFO - DAG(s) 'prueba_librerias' retrieved from /opt/airflow/dags/prueba_dag.py
[2024-10-01T03:37:15.404+0000] {logging_mixin.py:190} INFO - [2024-10-01T03:37:15.404+0000] {dag.py:3229} INFO - Sync 1 DAGs
[2024-10-01T03:37:15.421+0000] {logging_mixin.py:190} INFO - [2024-10-01T03:37:15.421+0000] {dag.py:4156} INFO - Setting next_dagrun for prueba_librerias to 2024-09-30 10:00:00+00:00, run_after=2024-09-30 12:00:00+00:00
[2024-10-01T03:37:15.438+0000] {processor.py:208} INFO - Processing /opt/airflow/dags/prueba_dag.py took 0.080 seconds
[2024-10-01T03:37:45.579+0000] {processor.py:186} INFO - Started process (PID=937) to work on /opt/airflow/dags/prueba_dag.py
[2024-10-01T03:37:45.580+0000] {processor.py:914} INFO - Processing file /opt/airflow/dags/prueba_dag.py for tasks to queue
[2024-10-01T03:37:45.582+0000] {logging_mixin.py:190} INFO - [2024-10-01T03:37:45.581+0000] {dagbag.py:587} INFO - Filling up the DagBag from /opt/airflow/dags/prueba_dag.py
[2024-10-01T03:37:45.590+0000] {processor.py:925} INFO - DAG(s) 'prueba_librerias' retrieved from /opt/airflow/dags/prueba_dag.py
[2024-10-01T03:37:45.611+0000] {logging_mixin.py:190} INFO - [2024-10-01T03:37:45.611+0000] {dag.py:3229} INFO - Sync 1 DAGs
[2024-10-01T03:37:45.638+0000] {logging_mixin.py:190} INFO - [2024-10-01T03:37:45.637+0000] {dag.py:4156} INFO - Setting next_dagrun for prueba_librerias to 2024-09-30 10:00:00+00:00, run_after=2024-09-30 12:00:00+00:00
[2024-10-01T03:37:45.651+0000] {processor.py:208} INFO - Processing /opt/airflow/dags/prueba_dag.py took 0.076 seconds
