[2024-10-08T01:49:15.420+0000] {local_task_job_runner.py:123} INFO - ::group::Pre task execution logs
[2024-10-08T01:49:15.433+0000] {taskinstance.py:2612} INFO - Dependencies all met for dep_context=non-requeueable deps ti=<TaskInstance: tab_soccer_statics.fact_matches scheduled__2024-10-04T12:00:00+00:00 [queued]>
[2024-10-08T01:49:15.440+0000] {taskinstance.py:2612} INFO - Dependencies all met for dep_context=requeueable deps ti=<TaskInstance: tab_soccer_statics.fact_matches scheduled__2024-10-04T12:00:00+00:00 [queued]>
[2024-10-08T01:49:15.441+0000] {taskinstance.py:2865} INFO - Starting attempt 1 of 2
[2024-10-08T01:49:15.450+0000] {taskinstance.py:2888} INFO - Executing <Task(PythonOperator): fact_matches> on 2024-10-04 12:00:00+00:00
[2024-10-08T01:49:15.461+0000] {warnings.py:112} WARNING - /home/***/.local/lib/python3.12/site-packages/***/task/task_runner/standard_task_runner.py:70: DeprecationWarning: This process (pid=346) is multi-threaded, use of fork() may lead to deadlocks in the child.
  pid = os.fork()

[2024-10-08T01:49:15.462+0000] {standard_task_runner.py:72} INFO - Started process 372 to run task
[2024-10-08T01:49:15.462+0000] {standard_task_runner.py:104} INFO - Running: ['***', 'tasks', 'run', 'tab_soccer_statics', 'fact_matches', 'scheduled__2024-10-04T12:00:00+00:00', '--job-id', '95', '--raw', '--subdir', 'DAGS_FOLDER/tab_soccer_statics.py', '--cfg-path', '/tmp/tmplm8h5dek']
[2024-10-08T01:49:15.464+0000] {standard_task_runner.py:105} INFO - Job 95: Subtask fact_matches
[2024-10-08T01:49:15.502+0000] {task_command.py:467} INFO - Running <TaskInstance: tab_soccer_statics.fact_matches scheduled__2024-10-04T12:00:00+00:00 [running]> on host f74ce347067d
[2024-10-08T01:49:15.567+0000] {taskinstance.py:3131} INFO - Exporting env vars: AIRFLOW_CTX_DAG_OWNER='daniel.cristancho' AIRFLOW_CTX_DAG_ID='tab_soccer_statics' AIRFLOW_CTX_TASK_ID='fact_matches' AIRFLOW_CTX_EXECUTION_DATE='2024-10-04T12:00:00+00:00' AIRFLOW_CTX_TRY_NUMBER='1' AIRFLOW_CTX_DAG_RUN_ID='scheduled__2024-10-04T12:00:00+00:00'
[2024-10-08T01:49:15.568+0000] {taskinstance.py:731} INFO - ::endgroup::
[2024-10-08T01:49:15.598+0000] {warnings.py:112} WARNING - /opt/***/dags/tab_soccer_statics.py:69: FutureWarning: Passing literal json to 'read_json' is deprecated and will be removed in a future version. To read from a literal string, wrap it in a 'StringIO' object.
  data_extract = pd.read_json(data_extract)

[2024-10-08T01:49:17.319+0000] {fact_matches.py:31} INFO - Start extract loaded data
[2024-10-08T01:49:17.320+0000] {fact_matches.py:175} INFO - Staring data extraction for dim_teams
[2024-10-08T01:49:23.204+0000] {fact_matches.py:179} INFO - 244 rows extracted from dim_teams
[2024-10-08T01:49:23.204+0000] {fact_matches.py:180} INFO - Data extraction successfully finished
[2024-10-08T01:49:23.204+0000] {fact_matches.py:175} INFO - Staring data extraction for dim_league
[2024-10-08T01:49:23.639+0000] {fact_matches.py:179} INFO - 9 rows extracted from dim_league
[2024-10-08T01:49:23.639+0000] {fact_matches.py:180} INFO - Data extraction successfully finished
[2024-10-08T01:49:23.639+0000] {fact_matches.py:175} INFO - Staring data extraction for fact_matches
[2024-10-08T01:49:23.850+0000] {fact_matches.py:179} INFO - 563 rows extracted from fact_matches
[2024-10-08T01:49:23.850+0000] {fact_matches.py:180} INFO - Data extraction successfully finished
[2024-10-08T01:49:23.851+0000] {fact_matches.py:42} INFO - Start transform data
[2024-10-08T01:49:23.999+0000] {logging_mixin.py:190} INFO - ****************** Success process update fact matches
[2024-10-08T01:49:24.000+0000] {python.py:240} INFO - Done. Returned value was: None
[2024-10-08T01:49:24.009+0000] {taskinstance.py:340} INFO - ::group::Post task execution logs
[2024-10-08T01:49:24.010+0000] {taskinstance.py:352} INFO - Marking task as SUCCESS. dag_id=tab_soccer_statics, task_id=fact_matches, run_id=scheduled__2024-10-04T12:00:00+00:00, execution_date=20241004T120000, start_date=20241008T014915, end_date=20241008T014924
[2024-10-08T01:49:24.054+0000] {local_task_job_runner.py:266} INFO - Task exited with return code 0
[2024-10-08T01:49:24.070+0000] {taskinstance.py:3900} INFO - 1 downstream tasks scheduled from follow-on schedule check
[2024-10-08T01:49:24.071+0000] {local_task_job_runner.py:245} INFO - ::endgroup::
