[2024-09-30T13:55:13.420+0000] {local_task_job_runner.py:123} INFO - ::group::Pre task execution logs
[2024-09-30T13:55:13.431+0000] {taskinstance.py:2612} INFO - Dependencies all met for dep_context=non-requeueable deps ti=<TaskInstance: tab_soccer_statics.extract_data scheduled__2024-09-29T12:00:00+00:00 [queued]>
[2024-09-30T13:55:13.436+0000] {taskinstance.py:2612} INFO - Dependencies all met for dep_context=requeueable deps ti=<TaskInstance: tab_soccer_statics.extract_data scheduled__2024-09-29T12:00:00+00:00 [queued]>
[2024-09-30T13:55:13.436+0000] {taskinstance.py:2865} INFO - Starting attempt 2 of 2
[2024-09-30T13:55:13.445+0000] {taskinstance.py:2888} INFO - Executing <Task(PythonOperator): extract_data> on 2024-09-29 12:00:00+00:00
[2024-09-30T13:55:13.453+0000] {warnings.py:112} WARNING - /home/***/.local/lib/python3.12/site-packages/***/task/task_runner/standard_task_runner.py:70: DeprecationWarning: This process (pid=2336) is multi-threaded, use of fork() may lead to deadlocks in the child.
  pid = os.fork()

[2024-09-30T13:55:13.454+0000] {standard_task_runner.py:72} INFO - Started process 2349 to run task
[2024-09-30T13:55:13.455+0000] {standard_task_runner.py:104} INFO - Running: ['***', 'tasks', 'run', 'tab_soccer_statics', 'extract_data', 'scheduled__2024-09-29T12:00:00+00:00', '--job-id', '153', '--raw', '--subdir', 'DAGS_FOLDER/tab_soccer_statics.py', '--cfg-path', '/tmp/tmp72c2o1z9']
[2024-09-30T13:55:13.456+0000] {standard_task_runner.py:105} INFO - Job 153: Subtask extract_data
[2024-09-30T13:55:13.487+0000] {task_command.py:467} INFO - Running <TaskInstance: tab_soccer_statics.extract_data scheduled__2024-09-29T12:00:00+00:00 [running]> on host 58fa97ed942d
[2024-09-30T13:55:13.549+0000] {taskinstance.py:3131} INFO - Exporting env vars: AIRFLOW_CTX_DAG_OWNER='daniel.cristancho' AIRFLOW_CTX_DAG_ID='tab_soccer_statics' AIRFLOW_CTX_TASK_ID='extract_data' AIRFLOW_CTX_EXECUTION_DATE='2024-09-29T12:00:00+00:00' AIRFLOW_CTX_TRY_NUMBER='2' AIRFLOW_CTX_DAG_RUN_ID='scheduled__2024-09-29T12:00:00+00:00'
[2024-09-30T13:55:13.550+0000] {taskinstance.py:731} INFO - ::endgroup::
[2024-09-30T13:55:14.751+0000] {logging_mixin.py:190} INFO - ****************** Success process extract data from api scores
[2024-09-30T13:55:14.751+0000] {python.py:240} INFO - Done. Returned value was: None
[2024-09-30T13:55:14.758+0000] {taskinstance.py:340} INFO - ::group::Post task execution logs
[2024-09-30T13:55:14.759+0000] {taskinstance.py:352} INFO - Marking task as SUCCESS. dag_id=tab_soccer_statics, task_id=extract_data, run_id=scheduled__2024-09-29T12:00:00+00:00, execution_date=20240929T120000, start_date=20240930T135513, end_date=20240930T135514
[2024-09-30T13:55:14.794+0000] {local_task_job_runner.py:266} INFO - Task exited with return code 0
[2024-09-30T13:55:14.814+0000] {taskinstance.py:3900} INFO - 2 downstream tasks scheduled from follow-on schedule check
[2024-09-30T13:55:14.815+0000] {local_task_job_runner.py:245} INFO - ::endgroup::
