[2024-10-28T20:27:26.715+0000] {local_task_job_runner.py:123} INFO - ::group::Pre task execution logs
[2024-10-28T20:27:26.735+0000] {taskinstance.py:2612} INFO - Dependencies all met for dep_context=non-requeueable deps ti=<TaskInstance: tab_social_media.instagram_publications manual__2024-10-28T18:17:02.510729+00:00 [queued]>
[2024-10-28T20:27:26.743+0000] {taskinstance.py:2612} INFO - Dependencies all met for dep_context=requeueable deps ti=<TaskInstance: tab_social_media.instagram_publications manual__2024-10-28T18:17:02.510729+00:00 [queued]>
[2024-10-28T20:27:26.744+0000] {taskinstance.py:2865} INFO - Starting attempt 13 of 14
[2024-10-28T20:27:26.756+0000] {taskinstance.py:2888} INFO - Executing <Task(PythonOperator): instagram_publications> on 2024-10-28 18:17:02.510729+00:00
[2024-10-28T20:27:26.769+0000] {warnings.py:112} WARNING - /home/***/.local/lib/python3.12/site-packages/***/task/task_runner/standard_task_runner.py:70: DeprecationWarning: This process (pid=2979) is multi-threaded, use of fork() may lead to deadlocks in the child.
  pid = os.fork()

[2024-10-28T20:27:26.770+0000] {standard_task_runner.py:72} INFO - Started process 2992 to run task
[2024-10-28T20:27:26.771+0000] {standard_task_runner.py:104} INFO - Running: ['***', 'tasks', 'run', 'tab_social_media', 'instagram_publications', 'manual__2024-10-28T18:17:02.510729+00:00', '--job-id', '42', '--raw', '--subdir', 'DAGS_FOLDER/tab_social_media.py', '--cfg-path', '/tmp/tmpzply38_2']
[2024-10-28T20:27:26.774+0000] {standard_task_runner.py:105} INFO - Job 42: Subtask instagram_publications
[2024-10-28T20:27:26.814+0000] {task_command.py:467} INFO - Running <TaskInstance: tab_social_media.instagram_publications manual__2024-10-28T18:17:02.510729+00:00 [running]> on host 7f9c284dabe4
[2024-10-28T20:27:26.892+0000] {taskinstance.py:3131} INFO - Exporting env vars: AIRFLOW_CTX_DAG_OWNER='daniel.cristancho' AIRFLOW_CTX_DAG_ID='tab_social_media' AIRFLOW_CTX_TASK_ID='instagram_publications' AIRFLOW_CTX_EXECUTION_DATE='2024-10-28T18:17:02.510729+00:00' AIRFLOW_CTX_TRY_NUMBER='13' AIRFLOW_CTX_DAG_RUN_ID='manual__2024-10-28T18:17:02.510729+00:00'
[2024-10-28T20:27:26.893+0000] {taskinstance.py:731} INFO - ::endgroup::
[2024-10-28T20:27:28.581+0000] {instagram_posts.py:34} INFO - Start extract loaded data
[2024-10-28T20:27:28.581+0000] {instagram_posts.py:187} INFO - Staring data extraction for Publications Instagram Loaded
[2024-10-28T20:27:28.894+0000] {instagram_posts.py:191} INFO - 36 rows extracted from Publications Instagram Loaded
[2024-10-28T20:27:28.895+0000] {instagram_posts.py:192} INFO - Data extraction successfully finished
[2024-10-28T20:27:37.083+0000] {instagram_posts.py:53} INFO - Start update old data
[2024-10-28T20:27:37.923+0000] {instagram_posts.py:66} INFO - The update of 1 rows was made.
[2024-10-28T20:27:38.025+0000] {logging_mixin.py:190} INFO - ****************** Success process to update instagram post
[2024-10-28T20:27:38.026+0000] {python.py:240} INFO - Done. Returned value was: None
[2024-10-28T20:27:38.034+0000] {taskinstance.py:340} INFO - ::group::Post task execution logs
[2024-10-28T20:27:38.035+0000] {taskinstance.py:352} INFO - Marking task as SUCCESS. dag_id=tab_social_media, task_id=instagram_publications, run_id=manual__2024-10-28T18:17:02.510729+00:00, execution_date=20241028T181702, start_date=20241028T202726, end_date=20241028T202738
[2024-10-28T20:27:38.075+0000] {local_task_job_runner.py:266} INFO - Task exited with return code 0
[2024-10-28T20:27:38.087+0000] {taskinstance.py:3900} INFO - 0 downstream tasks scheduled from follow-on schedule check
[2024-10-28T20:27:38.088+0000] {local_task_job_runner.py:245} INFO - ::endgroup::
