[2024-09-30T14:14:50.205+0000] {local_task_job_runner.py:123} INFO - ::group::Pre task execution logs
[2024-09-30T14:14:50.218+0000] {taskinstance.py:2612} INFO - Dependencies all met for dep_context=non-requeueable deps ti=<TaskInstance: tab_soccer_statics.fact_matches_statistics scheduled__2024-09-29T12:00:00+00:00 [queued]>
[2024-09-30T14:14:50.223+0000] {taskinstance.py:2612} INFO - Dependencies all met for dep_context=requeueable deps ti=<TaskInstance: tab_soccer_statics.fact_matches_statistics scheduled__2024-09-29T12:00:00+00:00 [queued]>
[2024-09-30T14:14:50.224+0000] {taskinstance.py:2865} INFO - Starting attempt 7 of 8
[2024-09-30T14:14:50.243+0000] {taskinstance.py:2888} INFO - Executing <Task(PythonOperator): fact_matches_statistics> on 2024-09-29 12:00:00+00:00
[2024-09-30T14:14:50.252+0000] {warnings.py:112} WARNING - /home/***/.local/lib/python3.12/site-packages/***/task/task_runner/standard_task_runner.py:70: DeprecationWarning: This process (pid=3306) is multi-threaded, use of fork() may lead to deadlocks in the child.
  pid = os.fork()

[2024-09-30T14:14:50.253+0000] {standard_task_runner.py:72} INFO - Started process 3319 to run task
[2024-09-30T14:14:50.254+0000] {standard_task_runner.py:104} INFO - Running: ['***', 'tasks', 'run', 'tab_soccer_statics', 'fact_matches_statistics', 'scheduled__2024-09-29T12:00:00+00:00', '--job-id', '163', '--raw', '--subdir', 'DAGS_FOLDER/tab_soccer_statics.py', '--cfg-path', '/tmp/tmps0k5553i']
[2024-09-30T14:14:50.255+0000] {standard_task_runner.py:105} INFO - Job 163: Subtask fact_matches_statistics
[2024-09-30T14:14:50.289+0000] {task_command.py:467} INFO - Running <TaskInstance: tab_soccer_statics.fact_matches_statistics scheduled__2024-09-29T12:00:00+00:00 [running]> on host 58fa97ed942d
[2024-09-30T14:14:50.354+0000] {taskinstance.py:3131} INFO - Exporting env vars: AIRFLOW_CTX_DAG_OWNER='daniel.cristancho' AIRFLOW_CTX_DAG_ID='tab_soccer_statics' AIRFLOW_CTX_TASK_ID='fact_matches_statistics' AIRFLOW_CTX_EXECUTION_DATE='2024-09-29T12:00:00+00:00' AIRFLOW_CTX_TRY_NUMBER='7' AIRFLOW_CTX_DAG_RUN_ID='scheduled__2024-09-29T12:00:00+00:00'
[2024-09-30T14:14:50.355+0000] {taskinstance.py:731} INFO - ::endgroup::
[2024-09-30T14:14:52.205+0000] {fact_matches_statics.py:32} INFO - Start extract loaded data
[2024-09-30T14:14:52.206+0000] {fact_matches_statics.py:189} INFO - Staring data extraction for dim_teams
[2024-09-30T14:14:54.166+0000] {fact_matches_statics.py:193} INFO - 80 rows extracted from dim_teams
[2024-09-30T14:14:54.167+0000] {fact_matches_statics.py:194} INFO - Data extraction successfully finished
[2024-09-30T14:14:54.167+0000] {fact_matches_statics.py:189} INFO - Staring data extraction for fact_matches_statistics
[2024-09-30T14:14:54.383+0000] {fact_matches_statics.py:193} INFO - 1 rows extracted from fact_matches_statistics
[2024-09-30T14:14:54.383+0000] {fact_matches_statics.py:194} INFO - Data extraction successfully finished
[2024-09-30T14:14:54.385+0000] {fact_matches_statics.py:74} INFO - Request to match 1208558
[2024-09-30T14:14:54.385+0000] {logging_mixin.py:190} INFO - <generator object Executor.map.<locals>.result_iterator at 0x7299d7c7af20>
[2024-09-30T14:14:55.183+0000] {logging_mixin.py:190} INFO - [  id_match  id_team  Shots on Goal  ...  Passes %  expected_goals  goals_prevented
0  1208558      530              4  ...       87%            1.28                0
1  1208558      541              4  ...       89%            0.76                0

[2 rows x 20 columns]]
[2024-09-30T14:14:55.183+0000] {fact_matches_statics.py:53} INFO - Start transform data
[2024-09-30T14:14:55.202+0000] {logging_mixin.py:190} INFO - [  id_match  id_team  Shots on Goal  ...  Passes %  expected_goals  goals_prevented
0  1208558      530              4  ...       87%            1.28                0
1  1208558      541              4  ...       89%            0.76                0

[2 rows x 20 columns]]
[2024-09-30T14:14:55.206+0000] {logging_mixin.py:190} INFO -   id_match                                  uuid
0  1208558  ad8a36fa-bdf0-4610-a652-102abd3957a5
[2024-09-30T14:14:55.206+0000] {logging_mixin.py:190} INFO - ****************** Unexpected error update fact matches statistics:  (<class 'TypeError'>, TypeError('list indices must be integers or slices, not list'), <traceback object at 0x7299d7df3fc0>)
[2024-09-30T14:14:55.206+0000] {taskinstance.py:3310} ERROR - Task failed with exception
Traceback (most recent call last):
  File "/home/airflow/.local/lib/python3.12/site-packages/airflow/models/taskinstance.py", line 767, in _execute_task
    result = _execute_callable(context=context, **execute_callable_kwargs)
             ^^^^^^^^^^^^^^^^^^^^^^^^^^^^^^^^^^^^^^^^^^^^^^^^^^^^^^^^^^^^^
  File "/home/airflow/.local/lib/python3.12/site-packages/airflow/models/taskinstance.py", line 733, in _execute_callable
    return ExecutionCallableRunner(
           ^^^^^^^^^^^^^^^^^^^^^^^^
  File "/home/airflow/.local/lib/python3.12/site-packages/airflow/utils/operator_helpers.py", line 252, in run
    return self.func(*args, **kwargs)
           ^^^^^^^^^^^^^^^^^^^^^^^^^^
  File "/home/airflow/.local/lib/python3.12/site-packages/airflow/models/baseoperator.py", line 406, in wrapper
    return func(self, *args, **kwargs)
           ^^^^^^^^^^^^^^^^^^^^^^^^^^^
  File "/home/airflow/.local/lib/python3.12/site-packages/airflow/operators/python.py", line 238, in execute
    return_value = self.execute_callable()
                   ^^^^^^^^^^^^^^^^^^^^^^^
  File "/home/airflow/.local/lib/python3.12/site-packages/airflow/operators/python.py", line 256, in execute_callable
    return runner.run(*self.op_args, **self.op_kwargs)
           ^^^^^^^^^^^^^^^^^^^^^^^^^^^^^^^^^^^^^^^^^^^
  File "/home/airflow/.local/lib/python3.12/site-packages/airflow/utils/operator_helpers.py", line 252, in run
    return self.func(*args, **kwargs)
           ^^^^^^^^^^^^^^^^^^^^^^^^^^
  File "/opt/airflow/dags/tab_soccer_statics.py", line 83, in fact_matches_statistics
    pf.run()
  File "/opt/airflow/dags/src/soccer_statics/fact_matches_statics.py", line 54, in run
    data_to_load = self.transform_data(data=data)
                   ^^^^^^^^^^^^^^^^^^^^^^^^^^^^^^
  File "/opt/airflow/dags/src/soccer_statics/fact_matches_statics.py", line 101, in transform_data
    data_matches_statistics = data_matches_statistics[["Shots on Goal",
                              ^^^^^^^^^^^^^^^^^^^^^^^^^^^^^^^^^^^^^^^^^
TypeError: list indices must be integers or slices, not list
[2024-09-30T14:14:55.218+0000] {taskinstance.py:1225} INFO - Marking task as UP_FOR_RETRY. dag_id=tab_soccer_statics, task_id=fact_matches_statistics, run_id=scheduled__2024-09-29T12:00:00+00:00, execution_date=20240929T120000, start_date=20240930T141450, end_date=20240930T141455
[2024-09-30T14:14:55.242+0000] {taskinstance.py:340} INFO - ::group::Post task execution logs
[2024-09-30T14:14:55.243+0000] {standard_task_runner.py:124} ERROR - Failed to execute job 163 for task fact_matches_statistics (list indices must be integers or slices, not list; 3319)
Traceback (most recent call last):
  File "/home/airflow/.local/lib/python3.12/site-packages/airflow/task/task_runner/standard_task_runner.py", line 117, in _start_by_fork
    ret = args.func(args, dag=self.dag)
          ^^^^^^^^^^^^^^^^^^^^^^^^^^^^^
  File "/home/airflow/.local/lib/python3.12/site-packages/airflow/cli/cli_config.py", line 49, in command
    return func(*args, **kwargs)
           ^^^^^^^^^^^^^^^^^^^^^
  File "/home/airflow/.local/lib/python3.12/site-packages/airflow/utils/cli.py", line 115, in wrapper
    return f(*args, **kwargs)
           ^^^^^^^^^^^^^^^^^^
  File "/home/airflow/.local/lib/python3.12/site-packages/airflow/cli/commands/task_command.py", line 483, in task_run
    task_return_code = _run_task_by_selected_method(args, _dag, ti)
                       ^^^^^^^^^^^^^^^^^^^^^^^^^^^^^^^^^^^^^^^^^^^^
  File "/home/airflow/.local/lib/python3.12/site-packages/airflow/cli/commands/task_command.py", line 256, in _run_task_by_selected_method
    return _run_raw_task(args, ti)
           ^^^^^^^^^^^^^^^^^^^^^^^
  File "/home/airflow/.local/lib/python3.12/site-packages/airflow/cli/commands/task_command.py", line 341, in _run_raw_task
    return ti._run_raw_task(
           ^^^^^^^^^^^^^^^^^
  File "/home/airflow/.local/lib/python3.12/site-packages/airflow/utils/session.py", line 97, in wrapper
    return func(*args, session=session, **kwargs)
           ^^^^^^^^^^^^^^^^^^^^^^^^^^^^^^^^^^^^^^
  File "/home/airflow/.local/lib/python3.12/site-packages/airflow/models/taskinstance.py", line 3004, in _run_raw_task
    return _run_raw_task(
           ^^^^^^^^^^^^^^
  File "/home/airflow/.local/lib/python3.12/site-packages/airflow/models/taskinstance.py", line 273, in _run_raw_task
    TaskInstance._execute_task_with_callbacks(
  File "/home/airflow/.local/lib/python3.12/site-packages/airflow/models/taskinstance.py", line 3158, in _execute_task_with_callbacks
    result = self._execute_task(context, task_orig)
             ^^^^^^^^^^^^^^^^^^^^^^^^^^^^^^^^^^^^^^
  File "/home/airflow/.local/lib/python3.12/site-packages/airflow/models/taskinstance.py", line 3182, in _execute_task
    return _execute_task(self, context, task_orig)
           ^^^^^^^^^^^^^^^^^^^^^^^^^^^^^^^^^^^^^^^
  File "/home/airflow/.local/lib/python3.12/site-packages/airflow/models/taskinstance.py", line 767, in _execute_task
    result = _execute_callable(context=context, **execute_callable_kwargs)
             ^^^^^^^^^^^^^^^^^^^^^^^^^^^^^^^^^^^^^^^^^^^^^^^^^^^^^^^^^^^^^
  File "/home/airflow/.local/lib/python3.12/site-packages/airflow/models/taskinstance.py", line 733, in _execute_callable
    return ExecutionCallableRunner(
           ^^^^^^^^^^^^^^^^^^^^^^^^
  File "/home/airflow/.local/lib/python3.12/site-packages/airflow/utils/operator_helpers.py", line 252, in run
    return self.func(*args, **kwargs)
           ^^^^^^^^^^^^^^^^^^^^^^^^^^
  File "/home/airflow/.local/lib/python3.12/site-packages/airflow/models/baseoperator.py", line 406, in wrapper
    return func(self, *args, **kwargs)
           ^^^^^^^^^^^^^^^^^^^^^^^^^^^
  File "/home/airflow/.local/lib/python3.12/site-packages/airflow/operators/python.py", line 238, in execute
    return_value = self.execute_callable()
                   ^^^^^^^^^^^^^^^^^^^^^^^
  File "/home/airflow/.local/lib/python3.12/site-packages/airflow/operators/python.py", line 256, in execute_callable
    return runner.run(*self.op_args, **self.op_kwargs)
           ^^^^^^^^^^^^^^^^^^^^^^^^^^^^^^^^^^^^^^^^^^^
  File "/home/airflow/.local/lib/python3.12/site-packages/airflow/utils/operator_helpers.py", line 252, in run
    return self.func(*args, **kwargs)
           ^^^^^^^^^^^^^^^^^^^^^^^^^^
  File "/opt/airflow/dags/tab_soccer_statics.py", line 83, in fact_matches_statistics
    pf.run()
  File "/opt/airflow/dags/src/soccer_statics/fact_matches_statics.py", line 54, in run
    data_to_load = self.transform_data(data=data)
                   ^^^^^^^^^^^^^^^^^^^^^^^^^^^^^^
  File "/opt/airflow/dags/src/soccer_statics/fact_matches_statics.py", line 101, in transform_data
    data_matches_statistics = data_matches_statistics[["Shots on Goal",
                              ^^^^^^^^^^^^^^^^^^^^^^^^^^^^^^^^^^^^^^^^^
TypeError: list indices must be integers or slices, not list
[2024-09-30T14:14:55.279+0000] {local_task_job_runner.py:266} INFO - Task exited with return code 1
[2024-09-30T14:14:55.293+0000] {taskinstance.py:3900} INFO - 0 downstream tasks scheduled from follow-on schedule check
[2024-09-30T14:14:55.294+0000] {local_task_job_runner.py:245} INFO - ::endgroup::
