[2024-09-30T14:29:57.329+0000] {local_task_job_runner.py:123} INFO - ::group::Pre task execution logs
[2024-09-30T14:29:57.342+0000] {taskinstance.py:2612} INFO - Dependencies all met for dep_context=non-requeueable deps ti=<TaskInstance: tab_soccer_statics.fact_matches_statistics scheduled__2024-09-29T12:00:00+00:00 [queued]>
[2024-09-30T14:29:57.349+0000] {taskinstance.py:2612} INFO - Dependencies all met for dep_context=requeueable deps ti=<TaskInstance: tab_soccer_statics.fact_matches_statistics scheduled__2024-09-29T12:00:00+00:00 [queued]>
[2024-09-30T14:29:57.349+0000] {taskinstance.py:2865} INFO - Starting attempt 17 of 18
[2024-09-30T14:29:57.359+0000] {taskinstance.py:2888} INFO - Executing <Task(PythonOperator): fact_matches_statistics> on 2024-09-29 12:00:00+00:00
[2024-09-30T14:29:57.370+0000] {warnings.py:112} WARNING - /home/***/.local/lib/python3.12/site-packages/***/task/task_runner/standard_task_runner.py:70: DeprecationWarning: This process (pid=4059) is multi-threaded, use of fork() may lead to deadlocks in the child.
  pid = os.fork()

[2024-09-30T14:29:57.371+0000] {standard_task_runner.py:72} INFO - Started process 4072 to run task
[2024-09-30T14:29:57.371+0000] {standard_task_runner.py:104} INFO - Running: ['***', 'tasks', 'run', 'tab_soccer_statics', 'fact_matches_statistics', 'scheduled__2024-09-29T12:00:00+00:00', '--job-id', '173', '--raw', '--subdir', 'DAGS_FOLDER/tab_soccer_statics.py', '--cfg-path', '/tmp/tmpzbydgebv']
[2024-09-30T14:29:57.373+0000] {standard_task_runner.py:105} INFO - Job 173: Subtask fact_matches_statistics
[2024-09-30T14:29:57.409+0000] {task_command.py:467} INFO - Running <TaskInstance: tab_soccer_statics.fact_matches_statistics scheduled__2024-09-29T12:00:00+00:00 [running]> on host 58fa97ed942d
[2024-09-30T14:29:57.475+0000] {taskinstance.py:3131} INFO - Exporting env vars: AIRFLOW_CTX_DAG_OWNER='daniel.cristancho' AIRFLOW_CTX_DAG_ID='tab_soccer_statics' AIRFLOW_CTX_TASK_ID='fact_matches_statistics' AIRFLOW_CTX_EXECUTION_DATE='2024-09-29T12:00:00+00:00' AIRFLOW_CTX_TRY_NUMBER='17' AIRFLOW_CTX_DAG_RUN_ID='scheduled__2024-09-29T12:00:00+00:00'
[2024-09-30T14:29:57.476+0000] {taskinstance.py:731} INFO - ::endgroup::
[2024-09-30T14:29:59.306+0000] {fact_matches_statics.py:32} INFO - Start extract loaded data
[2024-09-30T14:29:59.306+0000] {fact_matches_statics.py:190} INFO - Staring data extraction for dim_teams
[2024-09-30T14:30:00.753+0000] {fact_matches_statics.py:194} INFO - 80 rows extracted from dim_teams
[2024-09-30T14:30:00.754+0000] {fact_matches_statics.py:195} INFO - Data extraction successfully finished
[2024-09-30T14:30:00.754+0000] {fact_matches_statics.py:190} INFO - Staring data extraction for fact_matches_statistics
[2024-09-30T14:30:00.968+0000] {fact_matches_statics.py:194} INFO - 1 rows extracted from fact_matches_statistics
[2024-09-30T14:30:00.968+0000] {fact_matches_statics.py:195} INFO - Data extraction successfully finished
[2024-09-30T14:30:00.971+0000] {fact_matches_statics.py:74} INFO - Request to match 1208558
[2024-09-30T14:30:01.979+0000] {logging_mixin.py:190} INFO -   id_match  id_team  Shots on Goal  ...  Passes %  expected_goals  goals_prevented
0  1208558      530              4  ...       87%            1.28                0
1  1208558      541              4  ...       89%            0.76                0

[2 rows x 20 columns]
[2024-09-30T14:30:01.980+0000] {fact_matches_statics.py:53} INFO - Start transform data
[2024-09-30T14:30:02.005+0000] {logging_mixin.py:190} INFO -   id_match  id_team  Shots on Goal  ...  Passes %  expected_goals  goals_prevented
0  1208558      530              4  ...       87%            1.28                0
1  1208558      541              4  ...       89%            0.76                0

[2 rows x 20 columns]
[2024-09-30T14:30:02.009+0000] {logging_mixin.py:190} INFO -   id_match                                  uuid
0  1208558  ad8a36fa-bdf0-4610-a652-102abd3957a5
[2024-09-30T14:30:02.026+0000] {logging_mixin.py:190} INFO -    shots_on_goal  shots_off_goal  ...  id_team  id_match
0              4               2  ...      530   1208558
1              4               4  ...      541   1208558

[2 rows x 17 columns]
[2024-09-30T14:30:02.041+0000] {fact_matches_statics.py:56} INFO - Start load new data
[2024-09-30T14:30:02.041+0000] {fact_matches_statics.py:175} INFO - writing fact_matches_statistics table
[2024-09-30T14:30:04.612+0000] {fact_matches_statics.py:179} INFO - 2 rows load in fact_matches_statistics
[2024-09-30T14:30:04.613+0000] {fact_matches_statics.py:180} INFO - loading operation finished successfully for fact_matches_statistics
[2024-09-30T14:30:04.719+0000] {logging_mixin.py:190} INFO - ****************** Success process update fact matches statistics
[2024-09-30T14:30:04.719+0000] {python.py:240} INFO - Done. Returned value was: None
[2024-09-30T14:30:04.728+0000] {taskinstance.py:340} INFO - ::group::Post task execution logs
[2024-09-30T14:30:04.728+0000] {taskinstance.py:352} INFO - Marking task as SUCCESS. dag_id=tab_soccer_statics, task_id=fact_matches_statistics, run_id=scheduled__2024-09-29T12:00:00+00:00, execution_date=20240929T120000, start_date=20240930T142957, end_date=20240930T143004
[2024-09-30T14:30:04.766+0000] {local_task_job_runner.py:266} INFO - Task exited with return code 0
[2024-09-30T14:30:04.778+0000] {taskinstance.py:3900} INFO - 0 downstream tasks scheduled from follow-on schedule check
[2024-09-30T14:30:04.779+0000] {local_task_job_runner.py:245} INFO - ::endgroup::
