[2024-10-28T21:19:41.672+0000] {local_task_job_runner.py:123} INFO - ::group::Pre task execution logs
[2024-10-28T21:19:41.702+0000] {taskinstance.py:2612} INFO - Dependencies all met for dep_context=non-requeueable deps ti=<TaskInstance: tab_social_media.instagram_publications manual__2024-10-28T21:19:08.370902+00:00 [queued]>
[2024-10-28T21:19:41.713+0000] {taskinstance.py:2612} INFO - Dependencies all met for dep_context=requeueable deps ti=<TaskInstance: tab_social_media.instagram_publications manual__2024-10-28T21:19:08.370902+00:00 [queued]>
[2024-10-28T21:19:41.713+0000] {taskinstance.py:2865} INFO - Starting attempt 1 of 2
[2024-10-28T21:19:41.728+0000] {taskinstance.py:2888} INFO - Executing <Task(PythonOperator): instagram_publications> on 2024-10-28 21:19:08.370902+00:00
[2024-10-28T21:19:41.741+0000] {warnings.py:112} WARNING - /home/***/.local/lib/python3.12/site-packages/***/task/task_runner/standard_task_runner.py:70: DeprecationWarning: This process (pid=698) is multi-threaded, use of fork() may lead to deadlocks in the child.
  pid = os.fork()

[2024-10-28T21:19:41.743+0000] {standard_task_runner.py:72} INFO - Started process 711 to run task
[2024-10-28T21:19:41.743+0000] {standard_task_runner.py:104} INFO - Running: ['***', 'tasks', 'run', 'tab_social_media', 'instagram_publications', 'manual__2024-10-28T21:19:08.370902+00:00', '--job-id', '23', '--raw', '--subdir', 'DAGS_FOLDER/tab_social_media.py', '--cfg-path', '/tmp/tmpzg7qb0i9']
[2024-10-28T21:19:41.746+0000] {standard_task_runner.py:105} INFO - Job 23: Subtask instagram_publications
[2024-10-28T21:19:41.802+0000] {task_command.py:467} INFO - Running <TaskInstance: tab_social_media.instagram_publications manual__2024-10-28T21:19:08.370902+00:00 [running]> on host 721aaaeb5415
[2024-10-28T21:19:41.892+0000] {taskinstance.py:3131} INFO - Exporting env vars: AIRFLOW_CTX_DAG_OWNER='daniel.cristancho' AIRFLOW_CTX_DAG_ID='tab_social_media' AIRFLOW_CTX_TASK_ID='instagram_publications' AIRFLOW_CTX_EXECUTION_DATE='2024-10-28T21:19:08.370902+00:00' AIRFLOW_CTX_TRY_NUMBER='1' AIRFLOW_CTX_DAG_RUN_ID='manual__2024-10-28T21:19:08.370902+00:00'
[2024-10-28T21:19:41.893+0000] {taskinstance.py:731} INFO - ::endgroup::
[2024-10-28T21:19:43.729+0000] {instagram_posts.py:34} INFO - Start extract loaded data
[2024-10-28T21:19:43.729+0000] {instagram_posts.py:187} INFO - Staring data extraction for Publications Instagram Loaded
[2024-10-28T21:19:44.177+0000] {instagram_posts.py:191} INFO - 60 rows extracted from Publications Instagram Loaded
[2024-10-28T21:19:44.178+0000] {instagram_posts.py:192} INFO - Data extraction successfully finished
[2024-10-28T21:19:53.819+0000] {instagram_posts.py:43} INFO - Start load new data
[2024-10-28T21:19:53.819+0000] {instagram_posts.py:172} INFO - writing instagram_publications table
[2024-10-28T21:19:56.063+0000] {instagram_posts.py:176} INFO - 12 rows load in instagram_publications
[2024-10-28T21:19:56.063+0000] {instagram_posts.py:177} INFO - loading operation finished successfully for instagram_publications
[2024-10-28T21:19:56.064+0000] {instagram_posts.py:53} INFO - Start update old data
[2024-10-28T21:19:56.920+0000] {instagram_posts.py:66} INFO - The update of 25 rows was made.
[2024-10-28T21:19:57.024+0000] {logging_mixin.py:190} INFO - ****************** Success process to update instagram post
[2024-10-28T21:19:57.025+0000] {python.py:240} INFO - Done. Returned value was: None
[2024-10-28T21:19:57.035+0000] {taskinstance.py:340} INFO - ::group::Post task execution logs
[2024-10-28T21:19:57.035+0000] {taskinstance.py:352} INFO - Marking task as SUCCESS. dag_id=tab_social_media, task_id=instagram_publications, run_id=manual__2024-10-28T21:19:08.370902+00:00, execution_date=20241028T211908, start_date=20241028T211941, end_date=20241028T211957
[2024-10-28T21:19:57.068+0000] {local_task_job_runner.py:266} INFO - Task exited with return code 0
[2024-10-28T21:19:57.087+0000] {taskinstance.py:3900} INFO - 0 downstream tasks scheduled from follow-on schedule check
[2024-10-28T21:19:57.089+0000] {local_task_job_runner.py:245} INFO - ::endgroup::
