[2024-10-28T21:22:01.454+0000] {local_task_job_runner.py:123} INFO - ::group::Pre task execution logs
[2024-10-28T21:22:01.829+0000] {taskinstance.py:2612} INFO - Dependencies all met for dep_context=non-requeueable deps ti=<TaskInstance: tab_refresh_stats.daily_instagram_stats manual__2024-10-28T21:22:00.353628+00:00 [queued]>
[2024-10-28T21:22:01.844+0000] {taskinstance.py:2612} INFO - Dependencies all met for dep_context=requeueable deps ti=<TaskInstance: tab_refresh_stats.daily_instagram_stats manual__2024-10-28T21:22:00.353628+00:00 [queued]>
[2024-10-28T21:22:01.845+0000] {taskinstance.py:2865} INFO - Starting attempt 1 of 2
[2024-10-28T21:22:01.895+0000] {taskinstance.py:2888} INFO - Executing <Task(PythonOperator): daily_instagram_stats> on 2024-10-28 21:22:00.353628+00:00
[2024-10-28T21:22:01.910+0000] {warnings.py:112} WARNING - /home/***/.local/lib/python3.12/site-packages/***/task/task_runner/standard_task_runner.py:70: DeprecationWarning: This process (pid=751) is multi-threaded, use of fork() may lead to deadlocks in the child.
  pid = os.fork()

[2024-10-28T21:22:01.912+0000] {standard_task_runner.py:72} INFO - Started process 756 to run task
[2024-10-28T21:22:01.913+0000] {standard_task_runner.py:104} INFO - Running: ['***', 'tasks', 'run', 'tab_refresh_stats', 'daily_instagram_stats', 'manual__2024-10-28T21:22:00.353628+00:00', '--job-id', '27', '--raw', '--subdir', 'DAGS_FOLDER/tab_social_media_refresh.py', '--cfg-path', '/tmp/tmp7aa_yh2g']
[2024-10-28T21:22:01.915+0000] {standard_task_runner.py:105} INFO - Job 27: Subtask daily_instagram_stats
[2024-10-28T21:22:01.970+0000] {task_command.py:467} INFO - Running <TaskInstance: tab_refresh_stats.daily_instagram_stats manual__2024-10-28T21:22:00.353628+00:00 [running]> on host 721aaaeb5415
[2024-10-28T21:22:02.070+0000] {taskinstance.py:3131} INFO - Exporting env vars: AIRFLOW_CTX_DAG_OWNER='daniel.cristancho' AIRFLOW_CTX_DAG_ID='tab_refresh_stats' AIRFLOW_CTX_TASK_ID='daily_instagram_stats' AIRFLOW_CTX_EXECUTION_DATE='2024-10-28T21:22:00.353628+00:00' AIRFLOW_CTX_TRY_NUMBER='1' AIRFLOW_CTX_DAG_RUN_ID='manual__2024-10-28T21:22:00.353628+00:00'
[2024-10-28T21:22:02.071+0000] {taskinstance.py:731} INFO - ::endgroup::
[2024-10-28T21:22:03.779+0000] {evolution_stats_instagram.py:35} INFO - Start extract loaded data
[2024-10-28T21:22:10.275+0000] {evolution_stats_instagram.py:38} INFO - Start load new data
[2024-10-28T21:22:10.276+0000] {evolution_stats_instagram.py:108} INFO - writing user_follow_stats table
[2024-10-28T21:22:14.375+0000] {evolution_stats_instagram.py:112} INFO - 5 rows load in user_follow_stats
[2024-10-28T21:22:14.376+0000] {evolution_stats_instagram.py:113} INFO - loading operation finished successfully for user_follow_stats
[2024-10-28T21:22:14.376+0000] {logging_mixin.py:190} INFO - ****************** Success process to update instagram post
[2024-10-28T21:22:14.376+0000] {python.py:240} INFO - Done. Returned value was: None
[2024-10-28T21:22:14.386+0000] {taskinstance.py:340} INFO - ::group::Post task execution logs
[2024-10-28T21:22:14.386+0000] {taskinstance.py:352} INFO - Marking task as SUCCESS. dag_id=tab_refresh_stats, task_id=daily_instagram_stats, run_id=manual__2024-10-28T21:22:00.353628+00:00, execution_date=20241028T212200, start_date=20241028T212201, end_date=20241028T212214
[2024-10-28T21:22:14.429+0000] {local_task_job_runner.py:266} INFO - Task exited with return code 0
[2024-10-28T21:22:14.441+0000] {taskinstance.py:3900} INFO - 0 downstream tasks scheduled from follow-on schedule check
[2024-10-28T21:22:14.442+0000] {local_task_job_runner.py:245} INFO - ::endgroup::
