[2024-10-08T12:00:01.523+0000] {local_task_job_runner.py:123} INFO - ::group::Pre task execution logs
[2024-10-08T12:00:01.534+0000] {taskinstance.py:2612} INFO - Dependencies all met for dep_context=non-requeueable deps ti=<TaskInstance: tab_soccer_statics.extract_data scheduled__2024-10-07T12:00:00+00:00 [queued]>
[2024-10-08T12:00:01.540+0000] {taskinstance.py:2612} INFO - Dependencies all met for dep_context=requeueable deps ti=<TaskInstance: tab_soccer_statics.extract_data scheduled__2024-10-07T12:00:00+00:00 [queued]>
[2024-10-08T12:00:01.540+0000] {taskinstance.py:2865} INFO - Starting attempt 1 of 2
[2024-10-08T12:00:01.550+0000] {taskinstance.py:2888} INFO - Executing <Task(PythonOperator): extract_data> on 2024-10-07 12:00:00+00:00
[2024-10-08T12:00:01.560+0000] {warnings.py:112} WARNING - /home/***/.local/lib/python3.12/site-packages/***/task/task_runner/standard_task_runner.py:70: DeprecationWarning: This process (pid=25583) is multi-threaded, use of fork() may lead to deadlocks in the child.
  pid = os.fork()

[2024-10-08T12:00:01.561+0000] {standard_task_runner.py:72} INFO - Started process 25596 to run task
[2024-10-08T12:00:01.562+0000] {standard_task_runner.py:104} INFO - Running: ['***', 'tasks', 'run', 'tab_soccer_statics', 'extract_data', 'scheduled__2024-10-07T12:00:00+00:00', '--job-id', '110', '--raw', '--subdir', 'DAGS_FOLDER/tab_soccer_statics.py', '--cfg-path', '/tmp/tmppy219gfs']
[2024-10-08T12:00:01.564+0000] {standard_task_runner.py:105} INFO - Job 110: Subtask extract_data
[2024-10-08T12:00:01.597+0000] {task_command.py:467} INFO - Running <TaskInstance: tab_soccer_statics.extract_data scheduled__2024-10-07T12:00:00+00:00 [running]> on host f74ce347067d
[2024-10-08T12:00:01.658+0000] {taskinstance.py:3131} INFO - Exporting env vars: AIRFLOW_CTX_DAG_OWNER='daniel.cristancho' AIRFLOW_CTX_DAG_ID='tab_soccer_statics' AIRFLOW_CTX_TASK_ID='extract_data' AIRFLOW_CTX_EXECUTION_DATE='2024-10-07T12:00:00+00:00' AIRFLOW_CTX_TRY_NUMBER='1' AIRFLOW_CTX_DAG_RUN_ID='scheduled__2024-10-07T12:00:00+00:00'
[2024-10-08T12:00:01.658+0000] {taskinstance.py:731} INFO - ::endgroup::
[2024-10-08T12:00:01.688+0000] {logging_mixin.py:190} INFO - {'league': '39', 'season': '2024'}
[2024-10-08T12:00:03.834+0000] {logging_mixin.py:190} INFO - {'league': '135', 'season': '2024'}
[2024-10-08T12:00:04.962+0000] {logging_mixin.py:190} INFO - {'league': '140', 'season': '2024'}
[2024-10-08T12:00:05.960+0000] {logging_mixin.py:190} INFO - {'league': '239', 'season': '2024'}
[2024-10-08T12:00:07.255+0000] {logging_mixin.py:190} INFO - ****************** Success process extract data from api scores
[2024-10-08T12:00:07.257+0000] {python.py:240} INFO - Done. Returned value was: None
[2024-10-08T12:00:07.265+0000] {taskinstance.py:340} INFO - ::group::Post task execution logs
[2024-10-08T12:00:07.265+0000] {taskinstance.py:352} INFO - Marking task as SUCCESS. dag_id=tab_soccer_statics, task_id=extract_data, run_id=scheduled__2024-10-07T12:00:00+00:00, execution_date=20241007T120000, start_date=20241008T120001, end_date=20241008T120007
[2024-10-08T12:00:07.319+0000] {local_task_job_runner.py:266} INFO - Task exited with return code 0
[2024-10-08T12:00:07.337+0000] {taskinstance.py:3900} INFO - 2 downstream tasks scheduled from follow-on schedule check
[2024-10-08T12:00:07.338+0000] {local_task_job_runner.py:245} INFO - ::endgroup::
