[2024-10-08T01:51:49.664+0000] {local_task_job_runner.py:123} INFO - ::group::Pre task execution logs
[2024-10-08T01:51:49.677+0000] {taskinstance.py:2612} INFO - Dependencies all met for dep_context=non-requeueable deps ti=<TaskInstance: tab_soccer_statics.extract_data manual__2024-10-08T01:51:48.031379+00:00 [queued]>
[2024-10-08T01:51:49.682+0000] {taskinstance.py:2612} INFO - Dependencies all met for dep_context=requeueable deps ti=<TaskInstance: tab_soccer_statics.extract_data manual__2024-10-08T01:51:48.031379+00:00 [queued]>
[2024-10-08T01:51:49.682+0000] {taskinstance.py:2865} INFO - Starting attempt 1 of 2
[2024-10-08T01:51:49.692+0000] {taskinstance.py:2888} INFO - Executing <Task(PythonOperator): extract_data> on 2024-10-08 01:51:48.031379+00:00
[2024-10-08T01:51:49.701+0000] {warnings.py:112} WARNING - /home/***/.local/lib/python3.12/site-packages/***/task/task_runner/standard_task_runner.py:70: DeprecationWarning: This process (pid=601) is multi-threaded, use of fork() may lead to deadlocks in the child.
  pid = os.fork()

[2024-10-08T01:51:49.702+0000] {standard_task_runner.py:72} INFO - Started process 614 to run task
[2024-10-08T01:51:49.702+0000] {standard_task_runner.py:104} INFO - Running: ['***', 'tasks', 'run', 'tab_soccer_statics', 'extract_data', 'manual__2024-10-08T01:51:48.031379+00:00', '--job-id', '102', '--raw', '--subdir', 'DAGS_FOLDER/tab_soccer_statics.py', '--cfg-path', '/tmp/tmpvptpcjqk']
[2024-10-08T01:51:49.704+0000] {standard_task_runner.py:105} INFO - Job 102: Subtask extract_data
[2024-10-08T01:51:49.749+0000] {task_command.py:467} INFO - Running <TaskInstance: tab_soccer_statics.extract_data manual__2024-10-08T01:51:48.031379+00:00 [running]> on host f74ce347067d
[2024-10-08T01:51:49.829+0000] {taskinstance.py:3131} INFO - Exporting env vars: AIRFLOW_CTX_DAG_OWNER='daniel.cristancho' AIRFLOW_CTX_DAG_ID='tab_soccer_statics' AIRFLOW_CTX_TASK_ID='extract_data' AIRFLOW_CTX_EXECUTION_DATE='2024-10-08T01:51:48.031379+00:00' AIRFLOW_CTX_TRY_NUMBER='1' AIRFLOW_CTX_DAG_RUN_ID='manual__2024-10-08T01:51:48.031379+00:00'
[2024-10-08T01:51:49.830+0000] {taskinstance.py:731} INFO - ::endgroup::
[2024-10-08T01:51:49.875+0000] {logging_mixin.py:190} INFO - {'league': '39', 'season': '2022'}
[2024-10-08T01:51:50.907+0000] {logging_mixin.py:190} INFO - {'league': '135', 'season': '2022'}
[2024-10-08T01:51:52.148+0000] {logging_mixin.py:190} INFO - {'league': '140', 'season': '2022'}
[2024-10-08T01:51:53.132+0000] {logging_mixin.py:190} INFO - {'league': '239', 'season': '2022'}
[2024-10-08T01:51:54.497+0000] {logging_mixin.py:190} INFO - ****************** Success process extract data from api scores
[2024-10-08T01:51:54.501+0000] {python.py:240} INFO - Done. Returned value was: None
[2024-10-08T01:51:54.510+0000] {taskinstance.py:340} INFO - ::group::Post task execution logs
[2024-10-08T01:51:54.511+0000] {taskinstance.py:352} INFO - Marking task as SUCCESS. dag_id=tab_soccer_statics, task_id=extract_data, run_id=manual__2024-10-08T01:51:48.031379+00:00, execution_date=20241008T015148, start_date=20241008T015149, end_date=20241008T015154
[2024-10-08T01:51:54.568+0000] {local_task_job_runner.py:266} INFO - Task exited with return code 0
[2024-10-08T01:51:54.590+0000] {taskinstance.py:3900} INFO - 2 downstream tasks scheduled from follow-on schedule check
[2024-10-08T01:51:54.591+0000] {local_task_job_runner.py:245} INFO - ::endgroup::
