[2024-10-08T01:49:25.505+0000] {local_task_job_runner.py:123} INFO - ::group::Pre task execution logs
[2024-10-08T01:49:25.519+0000] {taskinstance.py:2612} INFO - Dependencies all met for dep_context=non-requeueable deps ti=<TaskInstance: tab_soccer_statics.fact_matches_statistics scheduled__2024-10-04T12:00:00+00:00 [queued]>
[2024-10-08T01:49:25.524+0000] {taskinstance.py:2612} INFO - Dependencies all met for dep_context=requeueable deps ti=<TaskInstance: tab_soccer_statics.fact_matches_statistics scheduled__2024-10-04T12:00:00+00:00 [queued]>
[2024-10-08T01:49:25.524+0000] {taskinstance.py:2865} INFO - Starting attempt 1 of 2
[2024-10-08T01:49:25.533+0000] {taskinstance.py:2888} INFO - Executing <Task(PythonOperator): fact_matches_statistics> on 2024-10-04 12:00:00+00:00
[2024-10-08T01:49:25.543+0000] {warnings.py:112} WARNING - /home/***/.local/lib/python3.12/site-packages/***/task/task_runner/standard_task_runner.py:70: DeprecationWarning: This process (pid=396) is multi-threaded, use of fork() may lead to deadlocks in the child.
  pid = os.fork()

[2024-10-08T01:49:25.544+0000] {standard_task_runner.py:72} INFO - Started process 409 to run task
[2024-10-08T01:49:25.545+0000] {standard_task_runner.py:104} INFO - Running: ['***', 'tasks', 'run', 'tab_soccer_statics', 'fact_matches_statistics', 'scheduled__2024-10-04T12:00:00+00:00', '--job-id', '97', '--raw', '--subdir', 'DAGS_FOLDER/tab_soccer_statics.py', '--cfg-path', '/tmp/tmpi0s7top7']
[2024-10-08T01:49:25.546+0000] {standard_task_runner.py:105} INFO - Job 97: Subtask fact_matches_statistics
[2024-10-08T01:49:25.581+0000] {task_command.py:467} INFO - Running <TaskInstance: tab_soccer_statics.fact_matches_statistics scheduled__2024-10-04T12:00:00+00:00 [running]> on host f74ce347067d
[2024-10-08T01:49:25.648+0000] {taskinstance.py:3131} INFO - Exporting env vars: AIRFLOW_CTX_DAG_OWNER='daniel.cristancho' AIRFLOW_CTX_DAG_ID='tab_soccer_statics' AIRFLOW_CTX_TASK_ID='fact_matches_statistics' AIRFLOW_CTX_EXECUTION_DATE='2024-10-04T12:00:00+00:00' AIRFLOW_CTX_TRY_NUMBER='1' AIRFLOW_CTX_DAG_RUN_ID='scheduled__2024-10-04T12:00:00+00:00'
[2024-10-08T01:49:25.649+0000] {taskinstance.py:731} INFO - ::endgroup::
[2024-10-08T01:49:27.366+0000] {fact_matches_statics.py:32} INFO - Start extract loaded data
[2024-10-08T01:49:27.367+0000] {fact_matches_statics.py:243} INFO - Staring data extraction for dim_teams
[2024-10-08T01:49:30.345+0000] {fact_matches_statics.py:247} INFO - 244 rows extracted from dim_teams
[2024-10-08T01:49:30.346+0000] {fact_matches_statics.py:248} INFO - Data extraction successfully finished
[2024-10-08T01:49:30.346+0000] {fact_matches_statics.py:243} INFO - Staring data extraction for fact_matches_statistics
[2024-10-08T01:49:30.557+0000] {fact_matches_statics.py:247} INFO - 30 rows extracted from fact_matches_statistics
[2024-10-08T01:49:30.557+0000] {fact_matches_statics.py:248} INFO - Data extraction successfully finished
[2024-10-08T01:49:31.410+0000] {fact_matches_statics.py:56} INFO - Start transform data
[2024-10-08T01:49:31.427+0000] {fact_matches_statics.py:59} INFO - Start load new data
[2024-10-08T01:49:31.427+0000] {fact_matches_statics.py:228} INFO - writing fact_matches_statistics table
[2024-10-08T01:49:33.741+0000] {fact_matches_statics.py:232} INFO - 4 rows load in fact_matches_statistics
[2024-10-08T01:49:33.742+0000] {fact_matches_statics.py:233} INFO - loading operation finished successfully for fact_matches_statistics
[2024-10-08T01:49:33.850+0000] {logging_mixin.py:190} INFO - ****************** Success process update fact matches statistics
[2024-10-08T01:49:33.850+0000] {python.py:240} INFO - Done. Returned value was: None
[2024-10-08T01:49:33.859+0000] {taskinstance.py:340} INFO - ::group::Post task execution logs
[2024-10-08T01:49:33.860+0000] {taskinstance.py:352} INFO - Marking task as SUCCESS. dag_id=tab_soccer_statics, task_id=fact_matches_statistics, run_id=scheduled__2024-10-04T12:00:00+00:00, execution_date=20241004T120000, start_date=20241008T014925, end_date=20241008T014933
[2024-10-08T01:49:33.898+0000] {local_task_job_runner.py:266} INFO - Task exited with return code 0
[2024-10-08T01:49:33.911+0000] {taskinstance.py:3900} INFO - 0 downstream tasks scheduled from follow-on schedule check
[2024-10-08T01:49:33.912+0000] {local_task_job_runner.py:245} INFO - ::endgroup::
