[2024-09-30T14:38:04.358+0000] {local_task_job_runner.py:123} INFO - ::group::Pre task execution logs
[2024-09-30T14:38:04.375+0000] {taskinstance.py:2612} INFO - Dependencies all met for dep_context=non-requeueable deps ti=<TaskInstance: tab_soccer_statics.fact_matches_statistics manual__2024-09-30T14:31:47.119862+00:00 [queued]>
[2024-09-30T14:38:04.384+0000] {taskinstance.py:2612} INFO - Dependencies all met for dep_context=requeueable deps ti=<TaskInstance: tab_soccer_statics.fact_matches_statistics manual__2024-09-30T14:31:47.119862+00:00 [queued]>
[2024-09-30T14:38:04.384+0000] {taskinstance.py:2865} INFO - Starting attempt 5 of 6
[2024-09-30T14:38:04.399+0000] {taskinstance.py:2888} INFO - Executing <Task(PythonOperator): fact_matches_statistics> on 2024-09-30 14:31:47.119862+00:00
[2024-09-30T14:38:04.410+0000] {warnings.py:112} WARNING - /home/***/.local/lib/python3.12/site-packages/***/task/task_runner/standard_task_runner.py:70: DeprecationWarning: This process (pid=4565) is multi-threaded, use of fork() may lead to deadlocks in the child.
  pid = os.fork()

[2024-09-30T14:38:04.411+0000] {standard_task_runner.py:72} INFO - Started process 4578 to run task
[2024-09-30T14:38:04.412+0000] {standard_task_runner.py:104} INFO - Running: ['***', 'tasks', 'run', 'tab_soccer_statics', 'fact_matches_statistics', 'manual__2024-09-30T14:31:47.119862+00:00', '--job-id', '182', '--raw', '--subdir', 'DAGS_FOLDER/tab_soccer_statics.py', '--cfg-path', '/tmp/tmp70ngbfks']
[2024-09-30T14:38:04.414+0000] {standard_task_runner.py:105} INFO - Job 182: Subtask fact_matches_statistics
[2024-09-30T14:38:04.450+0000] {task_command.py:467} INFO - Running <TaskInstance: tab_soccer_statics.fact_matches_statistics manual__2024-09-30T14:31:47.119862+00:00 [running]> on host 58fa97ed942d
[2024-09-30T14:38:04.538+0000] {taskinstance.py:3131} INFO - Exporting env vars: AIRFLOW_CTX_DAG_OWNER='daniel.cristancho' AIRFLOW_CTX_DAG_ID='tab_soccer_statics' AIRFLOW_CTX_TASK_ID='fact_matches_statistics' AIRFLOW_CTX_EXECUTION_DATE='2024-09-30T14:31:47.119862+00:00' AIRFLOW_CTX_TRY_NUMBER='5' AIRFLOW_CTX_DAG_RUN_ID='manual__2024-09-30T14:31:47.119862+00:00'
[2024-09-30T14:38:04.539+0000] {taskinstance.py:731} INFO - ::endgroup::
[2024-09-30T14:38:06.341+0000] {fact_matches_statics.py:32} INFO - Start extract loaded data
[2024-09-30T14:38:06.341+0000] {fact_matches_statics.py:186} INFO - Staring data extraction for dim_teams
[2024-09-30T14:38:07.836+0000] {fact_matches_statics.py:190} INFO - 80 rows extracted from dim_teams
[2024-09-30T14:38:07.837+0000] {fact_matches_statics.py:191} INFO - Data extraction successfully finished
[2024-09-30T14:38:07.837+0000] {fact_matches_statics.py:186} INFO - Staring data extraction for fact_matches_statistics
[2024-09-30T14:38:08.055+0000] {fact_matches_statics.py:190} INFO - 30 rows extracted from fact_matches_statistics
[2024-09-30T14:38:08.056+0000] {fact_matches_statics.py:191} INFO - Data extraction successfully finished
[2024-09-30T14:38:08.058+0000] {fact_matches_statics.py:73} INFO - Request to match 1212917
[2024-09-30T14:38:08.059+0000] {fact_matches_statics.py:73} INFO - Request to match 1208559
[2024-09-30T14:38:08.061+0000] {fact_matches_statics.py:73} INFO - Request to match 1223646
[2024-09-30T14:38:08.062+0000] {fact_matches_statics.py:73} INFO - Request to match 1208557
[2024-09-30T14:38:08.063+0000] {fact_matches_statics.py:73} INFO - Request to match 1223650
[2024-09-30T14:38:08.063+0000] {fact_matches_statics.py:73} INFO - Request to match 1208076
[2024-09-30T14:38:08.063+0000] {fact_matches_statics.py:73} INFO - Request to match 1208077
[2024-09-30T14:38:08.064+0000] {fact_matches_statics.py:73} INFO - Request to match 1223653
[2024-09-30T14:38:08.065+0000] {fact_matches_statics.py:73} INFO - Request to match 1223647
[2024-09-30T14:38:08.065+0000] {fact_matches_statics.py:73} INFO - Request to match 1234262
[2024-09-30T14:38:08.066+0000] {fact_matches_statics.py:73} INFO - Request to match 1223652
[2024-09-30T14:38:08.066+0000] {fact_matches_statics.py:73} INFO - Request to match 1234259
[2024-09-30T14:38:08.066+0000] {fact_matches_statics.py:73} INFO - Request to match 1208075
[2024-09-30T14:38:08.067+0000] {fact_matches_statics.py:73} INFO - Request to match 1208079
[2024-09-30T14:38:08.067+0000] {fact_matches_statics.py:73} INFO - Request to match 1234260
[2024-09-30T14:38:08.067+0000] {fact_matches_statics.py:73} INFO - Request to match 1208565
[2024-09-30T14:38:08.068+0000] {fact_matches_statics.py:73} INFO - Request to match 1208564
[2024-09-30T14:38:08.069+0000] {fact_matches_statics.py:73} INFO - Request to match 1223654
[2024-09-30T14:38:08.069+0000] {fact_matches_statics.py:73} INFO - Request to match 1208080
[2024-09-30T14:38:08.069+0000] {fact_matches_statics.py:73} INFO - Request to match 1208073
[2024-09-30T14:38:08.872+0000] {fact_matches_statics.py:73} INFO - Request to match 1208072
[2024-09-30T14:38:08.875+0000] {fact_matches_statics.py:73} INFO - Request to match 1208561
[2024-09-30T14:38:08.878+0000] {fact_matches_statics.py:73} INFO - Request to match 1208560
[2024-09-30T14:38:08.884+0000] {fact_matches_statics.py:73} INFO - Request to match 1234254
[2024-09-30T14:38:08.886+0000] {fact_matches_statics.py:73} INFO - Request to match 1208078
[2024-09-30T14:38:08.891+0000] {fact_matches_statics.py:73} INFO - Request to match 1234261
[2024-09-30T14:38:08.891+0000] {fact_matches_statics.py:73} INFO - Request to match 1223648
[2024-09-30T14:38:08.894+0000] {fact_matches_statics.py:73} INFO - Request to match 1223645
[2024-09-30T14:38:08.897+0000] {fact_matches_statics.py:73} INFO - Request to match 1208074
[2024-09-30T14:38:08.904+0000] {fact_matches_statics.py:73} INFO - Request to match 1208562
[2024-09-30T14:38:09.741+0000] {fact_matches_statics.py:52} INFO - Start transform data
[2024-09-30T14:38:09.778+0000] {fact_matches_statics.py:55} INFO - Start load new data
[2024-09-30T14:38:09.778+0000] {fact_matches_statics.py:171} INFO - writing fact_matches_statistics table
[2024-09-30T14:38:12.136+0000] {fact_matches_statics.py:175} INFO - 60 rows load in fact_matches_statistics
[2024-09-30T14:38:12.137+0000] {fact_matches_statics.py:176} INFO - loading operation finished successfully for fact_matches_statistics
[2024-09-30T14:38:12.246+0000] {logging_mixin.py:190} INFO - ****************** Success process update fact matches statistics
[2024-09-30T14:38:12.246+0000] {python.py:240} INFO - Done. Returned value was: None
[2024-09-30T14:38:12.255+0000] {taskinstance.py:340} INFO - ::group::Post task execution logs
[2024-09-30T14:38:12.256+0000] {taskinstance.py:352} INFO - Marking task as SUCCESS. dag_id=tab_soccer_statics, task_id=fact_matches_statistics, run_id=manual__2024-09-30T14:31:47.119862+00:00, execution_date=20240930T143147, start_date=20240930T143804, end_date=20240930T143812
[2024-09-30T14:38:12.292+0000] {local_task_job_runner.py:266} INFO - Task exited with return code 0
[2024-09-30T14:38:12.304+0000] {taskinstance.py:3900} INFO - 0 downstream tasks scheduled from follow-on schedule check
[2024-09-30T14:38:12.305+0000] {local_task_job_runner.py:245} INFO - ::endgroup::
