[2024-09-30T14:32:03.593+0000] {local_task_job_runner.py:123} INFO - ::group::Pre task execution logs
[2024-09-30T14:32:03.607+0000] {taskinstance.py:2612} INFO - Dependencies all met for dep_context=non-requeueable deps ti=<TaskInstance: tab_soccer_statics.fact_matches manual__2024-09-30T14:31:47.119862+00:00 [queued]>
[2024-09-30T14:32:03.613+0000] {taskinstance.py:2612} INFO - Dependencies all met for dep_context=requeueable deps ti=<TaskInstance: tab_soccer_statics.fact_matches manual__2024-09-30T14:31:47.119862+00:00 [queued]>
[2024-09-30T14:32:03.613+0000] {taskinstance.py:2865} INFO - Starting attempt 1 of 2
[2024-09-30T14:32:03.623+0000] {taskinstance.py:2888} INFO - Executing <Task(PythonOperator): fact_matches> on 2024-09-30 14:31:47.119862+00:00
[2024-09-30T14:32:03.632+0000] {warnings.py:112} WARNING - /home/***/.local/lib/python3.12/site-packages/***/task/task_runner/standard_task_runner.py:70: DeprecationWarning: This process (pid=4208) is multi-threaded, use of fork() may lead to deadlocks in the child.
  pid = os.fork()

[2024-09-30T14:32:03.634+0000] {standard_task_runner.py:72} INFO - Started process 4221 to run task
[2024-09-30T14:32:03.634+0000] {standard_task_runner.py:104} INFO - Running: ['***', 'tasks', 'run', 'tab_soccer_statics', 'fact_matches', 'manual__2024-09-30T14:31:47.119862+00:00', '--job-id', '177', '--raw', '--subdir', 'DAGS_FOLDER/tab_soccer_statics.py', '--cfg-path', '/tmp/tmpcniv6sxu']
[2024-09-30T14:32:03.636+0000] {standard_task_runner.py:105} INFO - Job 177: Subtask fact_matches
[2024-09-30T14:32:03.674+0000] {task_command.py:467} INFO - Running <TaskInstance: tab_soccer_statics.fact_matches manual__2024-09-30T14:31:47.119862+00:00 [running]> on host 58fa97ed942d
[2024-09-30T14:32:03.748+0000] {taskinstance.py:3131} INFO - Exporting env vars: AIRFLOW_CTX_DAG_OWNER='daniel.cristancho' AIRFLOW_CTX_DAG_ID='tab_soccer_statics' AIRFLOW_CTX_TASK_ID='fact_matches' AIRFLOW_CTX_EXECUTION_DATE='2024-09-30T14:31:47.119862+00:00' AIRFLOW_CTX_TRY_NUMBER='1' AIRFLOW_CTX_DAG_RUN_ID='manual__2024-09-30T14:31:47.119862+00:00'
[2024-09-30T14:32:03.749+0000] {taskinstance.py:731} INFO - ::endgroup::
[2024-09-30T14:32:03.770+0000] {warnings.py:112} WARNING - /opt/***/dags/tab_soccer_statics.py:69: FutureWarning: Passing literal json to 'read_json' is deprecated and will be removed in a future version. To read from a literal string, wrap it in a 'StringIO' object.
  data_extract = pd.read_json(data_extract)

[2024-09-30T14:32:05.559+0000] {fact_matches.py:31} INFO - Start extract loaded data
[2024-09-30T14:32:05.559+0000] {fact_matches.py:175} INFO - Staring data extraction for dim_teams
[2024-09-30T14:32:06.924+0000] {fact_matches.py:179} INFO - 80 rows extracted from dim_teams
[2024-09-30T14:32:06.924+0000] {fact_matches.py:180} INFO - Data extraction successfully finished
[2024-09-30T14:32:06.924+0000] {fact_matches.py:175} INFO - Staring data extraction for dim_league
[2024-09-30T14:32:07.156+0000] {fact_matches.py:179} INFO - 4 rows extracted from dim_league
[2024-09-30T14:32:07.156+0000] {fact_matches.py:180} INFO - Data extraction successfully finished
[2024-09-30T14:32:07.156+0000] {fact_matches.py:175} INFO - Staring data extraction for fact_matches
[2024-09-30T14:32:07.370+0000] {fact_matches.py:179} INFO - 516 rows extracted from fact_matches
[2024-09-30T14:32:07.370+0000] {fact_matches.py:180} INFO - Data extraction successfully finished
[2024-09-30T14:32:07.371+0000] {fact_matches.py:42} INFO - Start transform data
[2024-09-30T14:32:07.508+0000] {logging_mixin.py:190} INFO - ****************** Success process update fact matches
[2024-09-30T14:32:07.509+0000] {python.py:240} INFO - Done. Returned value was: None
[2024-09-30T14:32:07.518+0000] {taskinstance.py:340} INFO - ::group::Post task execution logs
[2024-09-30T14:32:07.518+0000] {taskinstance.py:352} INFO - Marking task as SUCCESS. dag_id=tab_soccer_statics, task_id=fact_matches, run_id=manual__2024-09-30T14:31:47.119862+00:00, execution_date=20240930T143147, start_date=20240930T143203, end_date=20240930T143207
[2024-09-30T14:32:07.578+0000] {local_task_job_runner.py:266} INFO - Task exited with return code 0
[2024-09-30T14:32:07.596+0000] {taskinstance.py:3900} INFO - 1 downstream tasks scheduled from follow-on schedule check
[2024-09-30T14:32:07.597+0000] {local_task_job_runner.py:245} INFO - ::endgroup::
