[2024-10-28T20:54:02.589+0000] {local_task_job_runner.py:123} INFO - ::group::Pre task execution logs
[2024-10-28T20:54:02.604+0000] {taskinstance.py:2612} INFO - Dependencies all met for dep_context=non-requeueable deps ti=<TaskInstance: tab_social_media.instagram_publications scheduled__2024-10-27T12:00:00+00:00 [queued]>
[2024-10-28T20:54:02.609+0000] {taskinstance.py:2612} INFO - Dependencies all met for dep_context=requeueable deps ti=<TaskInstance: tab_social_media.instagram_publications scheduled__2024-10-27T12:00:00+00:00 [queued]>
[2024-10-28T20:54:02.609+0000] {taskinstance.py:2865} INFO - Starting attempt 3 of 4
[2024-10-28T20:54:02.619+0000] {taskinstance.py:2888} INFO - Executing <Task(PythonOperator): instagram_publications> on 2024-10-27 12:00:00+00:00
[2024-10-28T20:54:02.627+0000] {warnings.py:112} WARNING - /home/***/.local/lib/python3.12/site-packages/***/task/task_runner/standard_task_runner.py:70: DeprecationWarning: This process (pid=280) is multi-threaded, use of fork() may lead to deadlocks in the child.
  pid = os.fork()

[2024-10-28T20:54:02.628+0000] {standard_task_runner.py:72} INFO - Started process 293 to run task
[2024-10-28T20:54:02.629+0000] {standard_task_runner.py:104} INFO - Running: ['***', 'tasks', 'run', 'tab_social_media', 'instagram_publications', 'scheduled__2024-10-27T12:00:00+00:00', '--job-id', '9', '--raw', '--subdir', 'DAGS_FOLDER/tab_social_media.py', '--cfg-path', '/tmp/tmp4owirq5z']
[2024-10-28T20:54:02.631+0000] {standard_task_runner.py:105} INFO - Job 9: Subtask instagram_publications
[2024-10-28T20:54:02.670+0000] {task_command.py:467} INFO - Running <TaskInstance: tab_social_media.instagram_publications scheduled__2024-10-27T12:00:00+00:00 [running]> on host 721aaaeb5415
[2024-10-28T20:54:02.736+0000] {taskinstance.py:3131} INFO - Exporting env vars: AIRFLOW_CTX_DAG_OWNER='daniel.cristancho' AIRFLOW_CTX_DAG_ID='tab_social_media' AIRFLOW_CTX_TASK_ID='instagram_publications' AIRFLOW_CTX_EXECUTION_DATE='2024-10-27T12:00:00+00:00' AIRFLOW_CTX_TRY_NUMBER='3' AIRFLOW_CTX_DAG_RUN_ID='scheduled__2024-10-27T12:00:00+00:00'
[2024-10-28T20:54:02.736+0000] {taskinstance.py:731} INFO - ::endgroup::
[2024-10-28T20:54:04.537+0000] {instagram_posts.py:34} INFO - Start extract loaded data
[2024-10-28T20:54:04.538+0000] {instagram_posts.py:187} INFO - Staring data extraction for Publications Instagram Loaded
[2024-10-28T20:54:04.851+0000] {instagram_posts.py:191} INFO - 36 rows extracted from Publications Instagram Loaded
[2024-10-28T20:54:04.851+0000] {instagram_posts.py:192} INFO - Data extraction successfully finished
[2024-10-28T20:54:13.520+0000] {instagram_posts.py:43} INFO - Start load new data
[2024-10-28T20:54:13.520+0000] {instagram_posts.py:172} INFO - writing instagram_publications table
[2024-10-28T20:54:15.807+0000] {instagram_posts.py:176} INFO - 24 rows load in instagram_publications
[2024-10-28T20:54:15.807+0000] {instagram_posts.py:177} INFO - loading operation finished successfully for instagram_publications
[2024-10-28T20:54:15.808+0000] {instagram_posts.py:53} INFO - Start update old data
[2024-10-28T20:54:16.669+0000] {instagram_posts.py:66} INFO - The update of 1 rows was made.
[2024-10-28T20:54:16.769+0000] {logging_mixin.py:190} INFO - ****************** Success process to update instagram post
[2024-10-28T20:54:16.770+0000] {python.py:240} INFO - Done. Returned value was: None
[2024-10-28T20:54:16.781+0000] {taskinstance.py:340} INFO - ::group::Post task execution logs
[2024-10-28T20:54:16.781+0000] {taskinstance.py:352} INFO - Marking task as SUCCESS. dag_id=tab_social_media, task_id=instagram_publications, run_id=scheduled__2024-10-27T12:00:00+00:00, execution_date=20241027T120000, start_date=20241028T205402, end_date=20241028T205416
[2024-10-28T20:54:16.813+0000] {local_task_job_runner.py:266} INFO - Task exited with return code 0
[2024-10-28T20:54:16.836+0000] {taskinstance.py:3900} INFO - 0 downstream tasks scheduled from follow-on schedule check
[2024-10-28T20:54:16.838+0000] {local_task_job_runner.py:245} INFO - ::endgroup::
