[2024-10-28T20:48:47.140+0000] {local_task_job_runner.py:123} INFO - ::group::Pre task execution logs
[2024-10-28T20:48:47.154+0000] {taskinstance.py:2612} INFO - Dependencies all met for dep_context=non-requeueable deps ti=<TaskInstance: tab_social_media.user_info scheduled__2024-10-27T12:00:00+00:00 [queued]>
[2024-10-28T20:48:47.159+0000] {taskinstance.py:2612} INFO - Dependencies all met for dep_context=requeueable deps ti=<TaskInstance: tab_social_media.user_info scheduled__2024-10-27T12:00:00+00:00 [queued]>
[2024-10-28T20:48:47.159+0000] {taskinstance.py:2865} INFO - Starting attempt 3 of 4
[2024-10-28T20:48:47.169+0000] {taskinstance.py:2888} INFO - Executing <Task(PythonOperator): user_info> on 2024-10-27 12:00:00+00:00
[2024-10-28T20:48:47.177+0000] {warnings.py:112} WARNING - /home/***/.local/lib/python3.12/site-packages/***/task/task_runner/standard_task_runner.py:70: DeprecationWarning: This process (pid=150) is multi-threaded, use of fork() may lead to deadlocks in the child.
  pid = os.fork()

[2024-10-28T20:48:47.179+0000] {standard_task_runner.py:72} INFO - Started process 163 to run task
[2024-10-28T20:48:47.179+0000] {standard_task_runner.py:104} INFO - Running: ['***', 'tasks', 'run', 'tab_social_media', 'user_info', 'scheduled__2024-10-27T12:00:00+00:00', '--job-id', '5', '--raw', '--subdir', 'DAGS_FOLDER/tab_social_media.py', '--cfg-path', '/tmp/tmp98rqtbyi']
[2024-10-28T20:48:47.181+0000] {standard_task_runner.py:105} INFO - Job 5: Subtask user_info
[2024-10-28T20:48:47.217+0000] {task_command.py:467} INFO - Running <TaskInstance: tab_social_media.user_info scheduled__2024-10-27T12:00:00+00:00 [running]> on host 721aaaeb5415
[2024-10-28T20:48:47.279+0000] {taskinstance.py:3131} INFO - Exporting env vars: AIRFLOW_CTX_DAG_OWNER='daniel.cristancho' AIRFLOW_CTX_DAG_ID='tab_social_media' AIRFLOW_CTX_TASK_ID='user_info' AIRFLOW_CTX_EXECUTION_DATE='2024-10-27T12:00:00+00:00' AIRFLOW_CTX_TRY_NUMBER='3' AIRFLOW_CTX_DAG_RUN_ID='scheduled__2024-10-27T12:00:00+00:00'
[2024-10-28T20:48:47.280+0000] {taskinstance.py:731} INFO - ::endgroup::
[2024-10-28T20:48:49.107+0000] {user_info.py:36} INFO - Start extract loaded data
[2024-10-28T20:48:49.107+0000] {user_info.py:198} INFO - Staring data extraction for users data
[2024-10-28T20:48:50.045+0000] {user_info.py:202} INFO - 3 rows extracted from users data
[2024-10-28T20:48:50.045+0000] {user_info.py:203} INFO - Data extraction successfully finished
[2024-10-28T20:48:58.595+0000] {warnings.py:112} WARNING - /opt/***/dags/src/social_media/user_info.py:135: SettingWithCopyWarning: 
A value is trying to be set on a copy of a slice from a DataFrame.
Try using .loc[row_indexer,col_indexer] = value instead

See the caveats in the documentation: https://pandas.pydata.org/pandas-docs/stable/user_guide/indexing.html#returning-a-view-versus-a-copy
  result_append["publications"] = result_append["publications"].astype(

[2024-10-28T20:48:58.599+0000] {user_info.py:43} INFO - Start load new data
[2024-10-28T20:48:58.600+0000] {user_info.py:183} INFO - writing users table
[2024-10-28T20:49:01.309+0000] {user_info.py:187} INFO - 2 rows load in users
[2024-10-28T20:49:01.310+0000] {user_info.py:188} INFO - loading operation finished successfully for users
[2024-10-28T20:49:01.310+0000] {user_info.py:53} INFO - Start update old data
[2024-10-28T20:49:02.885+0000] {user_info.py:66} INFO - The update of 2 rows was made.
[2024-10-28T20:49:02.986+0000] {logging_mixin.py:190} INFO - ****************** Success process to extract data to users
[2024-10-28T20:49:02.987+0000] {python.py:240} INFO - Done. Returned value was: None
[2024-10-28T20:49:03.001+0000] {taskinstance.py:340} INFO - ::group::Post task execution logs
[2024-10-28T20:49:03.002+0000] {taskinstance.py:352} INFO - Marking task as SUCCESS. dag_id=tab_social_media, task_id=user_info, run_id=scheduled__2024-10-27T12:00:00+00:00, execution_date=20241027T120000, start_date=20241028T204847, end_date=20241028T204903
[2024-10-28T20:49:03.084+0000] {local_task_job_runner.py:266} INFO - Task exited with return code 0
[2024-10-28T20:49:03.109+0000] {taskinstance.py:3900} INFO - 1 downstream tasks scheduled from follow-on schedule check
[2024-10-28T20:49:03.110+0000] {local_task_job_runner.py:245} INFO - ::endgroup::
