[2024-10-08T01:48:26.672+0000] {local_task_job_runner.py:123} INFO - ::group::Pre task execution logs
[2024-10-08T01:48:26.688+0000] {taskinstance.py:2612} INFO - Dependencies all met for dep_context=non-requeueable deps ti=<TaskInstance: tab_soccer_statics.dim_teams scheduled__2024-10-06T12:00:00+00:00 [queued]>
[2024-10-08T01:48:26.696+0000] {taskinstance.py:2612} INFO - Dependencies all met for dep_context=requeueable deps ti=<TaskInstance: tab_soccer_statics.dim_teams scheduled__2024-10-06T12:00:00+00:00 [queued]>
[2024-10-08T01:48:26.697+0000] {taskinstance.py:2865} INFO - Starting attempt 1 of 2
[2024-10-08T01:48:26.710+0000] {taskinstance.py:2888} INFO - Executing <Task(PythonOperator): dim_teams> on 2024-10-06 12:00:00+00:00
[2024-10-08T01:48:26.722+0000] {warnings.py:112} WARNING - /home/***/.local/lib/python3.12/site-packages/***/task/task_runner/standard_task_runner.py:70: DeprecationWarning: This process (pid=197) is multi-threaded, use of fork() may lead to deadlocks in the child.
  pid = os.fork()

[2024-10-08T01:48:26.724+0000] {standard_task_runner.py:72} INFO - Started process 251 to run task
[2024-10-08T01:48:26.724+0000] {standard_task_runner.py:104} INFO - Running: ['***', 'tasks', 'run', 'tab_soccer_statics', 'dim_teams', 'scheduled__2024-10-06T12:00:00+00:00', '--job-id', '88', '--raw', '--subdir', 'DAGS_FOLDER/tab_soccer_statics.py', '--cfg-path', '/tmp/tmpqmv8juff']
[2024-10-08T01:48:26.727+0000] {standard_task_runner.py:105} INFO - Job 88: Subtask dim_teams
[2024-10-08T01:48:26.777+0000] {task_command.py:467} INFO - Running <TaskInstance: tab_soccer_statics.dim_teams scheduled__2024-10-06T12:00:00+00:00 [running]> on host f74ce347067d
[2024-10-08T01:48:26.872+0000] {taskinstance.py:3131} INFO - Exporting env vars: AIRFLOW_CTX_DAG_OWNER='daniel.cristancho' AIRFLOW_CTX_DAG_ID='tab_soccer_statics' AIRFLOW_CTX_TASK_ID='dim_teams' AIRFLOW_CTX_EXECUTION_DATE='2024-10-06T12:00:00+00:00' AIRFLOW_CTX_TRY_NUMBER='1' AIRFLOW_CTX_DAG_RUN_ID='scheduled__2024-10-06T12:00:00+00:00'
[2024-10-08T01:48:26.874+0000] {taskinstance.py:731} INFO - ::endgroup::
[2024-10-08T01:48:26.914+0000] {warnings.py:112} WARNING - /opt/***/dags/tab_soccer_statics.py:35: FutureWarning: Passing literal json to 'read_json' is deprecated and will be removed in a future version. To read from a literal string, wrap it in a 'StringIO' object.
  data_extract = pd.read_json(data_extract)

[2024-10-08T01:48:28.845+0000] {dim_teams.py:35} INFO - Start extract loaded data
[2024-10-08T01:48:28.845+0000] {dim_teams.py:171} INFO - Staring data extraction for dim_teams
[2024-10-08T01:48:32.951+0000] {dim_teams.py:175} INFO - 244 rows extracted from dim_teams
[2024-10-08T01:48:32.951+0000] {dim_teams.py:176} INFO - Data extraction successfully finished
[2024-10-08T01:48:32.951+0000] {dim_teams.py:40} INFO - Start transform data
[2024-10-08T01:48:58.800+0000] {dim_teams.py:53} INFO - Start update old data
[2024-10-08T01:49:00.703+0000] {dim_teams.py:66} INFO - The update of 80 rows was made.
[2024-10-08T01:49:00.829+0000] {logging_mixin.py:190} INFO - ****************** Success process update dim teams
[2024-10-08T01:49:00.830+0000] {python.py:240} INFO - Done. Returned value was: None
[2024-10-08T01:49:00.839+0000] {taskinstance.py:340} INFO - ::group::Post task execution logs
[2024-10-08T01:49:00.839+0000] {taskinstance.py:352} INFO - Marking task as SUCCESS. dag_id=tab_soccer_statics, task_id=dim_teams, run_id=scheduled__2024-10-06T12:00:00+00:00, execution_date=20241006T120000, start_date=20241008T014826, end_date=20241008T014900
[2024-10-08T01:49:00.871+0000] {local_task_job_runner.py:266} INFO - Task exited with return code 0
[2024-10-08T01:49:00.890+0000] {taskinstance.py:3900} INFO - 1 downstream tasks scheduled from follow-on schedule check
[2024-10-08T01:49:00.891+0000] {local_task_job_runner.py:245} INFO - ::endgroup::
