[2024-10-28T21:09:24.295+0000] {local_task_job_runner.py:123} INFO - ::group::Pre task execution logs
[2024-10-28T21:09:24.492+0000] {taskinstance.py:2612} INFO - Dependencies all met for dep_context=non-requeueable deps ti=<TaskInstance: tab_refresh_stats.daily_instagram_stats manual__2024-10-28T21:09:23.507485+00:00 [queued]>
[2024-10-28T21:09:24.497+0000] {taskinstance.py:2612} INFO - Dependencies all met for dep_context=requeueable deps ti=<TaskInstance: tab_refresh_stats.daily_instagram_stats manual__2024-10-28T21:09:23.507485+00:00 [queued]>
[2024-10-28T21:09:24.498+0000] {taskinstance.py:2865} INFO - Starting attempt 1 of 2
[2024-10-28T21:09:24.514+0000] {taskinstance.py:2888} INFO - Executing <Task(PythonOperator): daily_instagram_stats> on 2024-10-28 21:09:23.507485+00:00
[2024-10-28T21:09:24.524+0000] {warnings.py:112} WARNING - /home/***/.local/lib/python3.12/site-packages/***/task/task_runner/standard_task_runner.py:70: DeprecationWarning: This process (pid=499) is multi-threaded, use of fork() may lead to deadlocks in the child.
  pid = os.fork()

[2024-10-28T21:09:24.525+0000] {standard_task_runner.py:72} INFO - Started process 501 to run task
[2024-10-28T21:09:24.526+0000] {standard_task_runner.py:104} INFO - Running: ['***', 'tasks', 'run', 'tab_refresh_stats', 'daily_instagram_stats', 'manual__2024-10-28T21:09:23.507485+00:00', '--job-id', '12', '--raw', '--subdir', 'DAGS_FOLDER/tab_social_media_refresh.py', '--cfg-path', '/tmp/tmp0547507t']
[2024-10-28T21:09:24.528+0000] {standard_task_runner.py:105} INFO - Job 12: Subtask daily_instagram_stats
[2024-10-28T21:09:24.569+0000] {task_command.py:467} INFO - Running <TaskInstance: tab_refresh_stats.daily_instagram_stats manual__2024-10-28T21:09:23.507485+00:00 [running]> on host 721aaaeb5415
[2024-10-28T21:09:24.639+0000] {taskinstance.py:3131} INFO - Exporting env vars: AIRFLOW_CTX_DAG_OWNER='daniel.cristancho' AIRFLOW_CTX_DAG_ID='tab_refresh_stats' AIRFLOW_CTX_TASK_ID='daily_instagram_stats' AIRFLOW_CTX_EXECUTION_DATE='2024-10-28T21:09:23.507485+00:00' AIRFLOW_CTX_TRY_NUMBER='1' AIRFLOW_CTX_DAG_RUN_ID='manual__2024-10-28T21:09:23.507485+00:00'
[2024-10-28T21:09:24.640+0000] {taskinstance.py:731} INFO - ::endgroup::
[2024-10-28T21:09:26.482+0000] {evolution_stats_instagram.py:35} INFO - Start extract loaded data
[2024-10-28T21:09:32.282+0000] {evolution_stats_instagram.py:38} INFO - Start load new data
[2024-10-28T21:09:32.283+0000] {evolution_stats_instagram.py:108} INFO - writing user_follow_stats table
[2024-10-28T21:09:34.666+0000] {evolution_stats_instagram.py:112} INFO - 4 rows load in user_follow_stats
[2024-10-28T21:09:34.667+0000] {evolution_stats_instagram.py:113} INFO - loading operation finished successfully for user_follow_stats
[2024-10-28T21:09:34.667+0000] {logging_mixin.py:190} INFO - ****************** Success process to update instagram post
[2024-10-28T21:09:34.667+0000] {python.py:240} INFO - Done. Returned value was: None
[2024-10-28T21:09:34.677+0000] {taskinstance.py:340} INFO - ::group::Post task execution logs
[2024-10-28T21:09:34.678+0000] {taskinstance.py:352} INFO - Marking task as SUCCESS. dag_id=tab_refresh_stats, task_id=daily_instagram_stats, run_id=manual__2024-10-28T21:09:23.507485+00:00, execution_date=20241028T210923, start_date=20241028T210924, end_date=20241028T210934
[2024-10-28T21:09:34.720+0000] {local_task_job_runner.py:266} INFO - Task exited with return code 0
[2024-10-28T21:09:34.734+0000] {taskinstance.py:3900} INFO - 0 downstream tasks scheduled from follow-on schedule check
[2024-10-28T21:09:34.735+0000] {local_task_job_runner.py:245} INFO - ::endgroup::
