[2024-10-28T21:19:10.299+0000] {local_task_job_runner.py:123} INFO - ::group::Pre task execution logs
[2024-10-28T21:19:10.315+0000] {taskinstance.py:2612} INFO - Dependencies all met for dep_context=non-requeueable deps ti=<TaskInstance: tab_social_media.user_info manual__2024-10-28T21:19:08.370902+00:00 [queued]>
[2024-10-28T21:19:10.321+0000] {taskinstance.py:2612} INFO - Dependencies all met for dep_context=requeueable deps ti=<TaskInstance: tab_social_media.user_info manual__2024-10-28T21:19:08.370902+00:00 [queued]>
[2024-10-28T21:19:10.321+0000] {taskinstance.py:2865} INFO - Starting attempt 1 of 2
[2024-10-28T21:19:10.334+0000] {taskinstance.py:2888} INFO - Executing <Task(PythonOperator): user_info> on 2024-10-28 21:19:08.370902+00:00
[2024-10-28T21:19:10.350+0000] {warnings.py:112} WARNING - /home/***/.local/lib/python3.12/site-packages/***/task/task_runner/standard_task_runner.py:70: DeprecationWarning: This process (pid=661) is multi-threaded, use of fork() may lead to deadlocks in the child.
  pid = os.fork()

[2024-10-28T21:19:10.352+0000] {standard_task_runner.py:72} INFO - Started process 674 to run task
[2024-10-28T21:19:10.352+0000] {standard_task_runner.py:104} INFO - Running: ['***', 'tasks', 'run', 'tab_social_media', 'user_info', 'manual__2024-10-28T21:19:08.370902+00:00', '--job-id', '21', '--raw', '--subdir', 'DAGS_FOLDER/tab_social_media.py', '--cfg-path', '/tmp/tmpfp9tpprd']
[2024-10-28T21:19:10.354+0000] {standard_task_runner.py:105} INFO - Job 21: Subtask user_info
[2024-10-28T21:19:10.396+0000] {task_command.py:467} INFO - Running <TaskInstance: tab_social_media.user_info manual__2024-10-28T21:19:08.370902+00:00 [running]> on host 721aaaeb5415
[2024-10-28T21:19:10.477+0000] {taskinstance.py:3131} INFO - Exporting env vars: AIRFLOW_CTX_DAG_OWNER='daniel.cristancho' AIRFLOW_CTX_DAG_ID='tab_social_media' AIRFLOW_CTX_TASK_ID='user_info' AIRFLOW_CTX_EXECUTION_DATE='2024-10-28T21:19:08.370902+00:00' AIRFLOW_CTX_TRY_NUMBER='1' AIRFLOW_CTX_DAG_RUN_ID='manual__2024-10-28T21:19:08.370902+00:00'
[2024-10-28T21:19:10.478+0000] {taskinstance.py:731} INFO - ::endgroup::
[2024-10-28T21:19:12.289+0000] {user_info.py:36} INFO - Start extract loaded data
[2024-10-28T21:19:12.289+0000] {user_info.py:198} INFO - Staring data extraction for users data
[2024-10-28T21:19:13.239+0000] {user_info.py:202} INFO - 5 rows extracted from users data
[2024-10-28T21:19:13.240+0000] {user_info.py:203} INFO - Data extraction successfully finished
[2024-10-28T21:19:23.984+0000] {warnings.py:112} WARNING - /opt/***/dags/src/social_media/user_info.py:135: SettingWithCopyWarning: 
A value is trying to be set on a copy of a slice from a DataFrame.
Try using .loc[row_indexer,col_indexer] = value instead

See the caveats in the documentation: https://pandas.pydata.org/pandas-docs/stable/user_guide/indexing.html#returning-a-view-versus-a-copy
  result_append["publications"] = result_append["publications"].astype(

[2024-10-28T21:19:23.990+0000] {user_info.py:43} INFO - Start load new data
[2024-10-28T21:19:23.990+0000] {user_info.py:183} INFO - writing users table
[2024-10-28T21:19:26.610+0000] {user_info.py:187} INFO - 1 rows load in users
[2024-10-28T21:19:26.610+0000] {user_info.py:188} INFO - loading operation finished successfully for users
[2024-10-28T21:19:26.610+0000] {user_info.py:53} INFO - Start update old data
[2024-10-28T21:19:28.023+0000] {user_info.py:66} INFO - The update of 4 rows was made.
[2024-10-28T21:19:28.128+0000] {logging_mixin.py:190} INFO - ****************** Success process to extract data to users
[2024-10-28T21:19:28.128+0000] {python.py:240} INFO - Done. Returned value was: None
[2024-10-28T21:19:28.141+0000] {taskinstance.py:340} INFO - ::group::Post task execution logs
[2024-10-28T21:19:28.141+0000] {taskinstance.py:352} INFO - Marking task as SUCCESS. dag_id=tab_social_media, task_id=user_info, run_id=manual__2024-10-28T21:19:08.370902+00:00, execution_date=20241028T211908, start_date=20241028T211910, end_date=20241028T211928
[2024-10-28T21:19:28.203+0000] {local_task_job_runner.py:266} INFO - Task exited with return code 0
[2024-10-28T21:19:28.226+0000] {taskinstance.py:3900} INFO - 1 downstream tasks scheduled from follow-on schedule check
[2024-10-28T21:19:28.227+0000] {local_task_job_runner.py:245} INFO - ::endgroup::
