[2024-10-08T01:50:28.076+0000] {local_task_job_runner.py:123} INFO - ::group::Pre task execution logs
[2024-10-08T01:50:28.092+0000] {taskinstance.py:2612} INFO - Dependencies all met for dep_context=non-requeueable deps ti=<TaskInstance: tab_soccer_statics.dim_league manual__2024-10-08T01:50:20.566545+00:00 [queued]>
[2024-10-08T01:50:28.099+0000] {taskinstance.py:2612} INFO - Dependencies all met for dep_context=requeueable deps ti=<TaskInstance: tab_soccer_statics.dim_league manual__2024-10-08T01:50:20.566545+00:00 [queued]>
[2024-10-08T01:50:28.100+0000] {taskinstance.py:2865} INFO - Starting attempt 1 of 2
[2024-10-08T01:50:28.110+0000] {taskinstance.py:2888} INFO - Executing <Task(PythonOperator): dim_league> on 2024-10-08 01:50:20.566545+00:00
[2024-10-08T01:50:28.120+0000] {warnings.py:112} WARNING - /home/***/.local/lib/python3.12/site-packages/***/task/task_runner/standard_task_runner.py:70: DeprecationWarning: This process (pid=490) is multi-threaded, use of fork() may lead to deadlocks in the child.
  pid = os.fork()

[2024-10-08T01:50:28.121+0000] {standard_task_runner.py:72} INFO - Started process 517 to run task
[2024-10-08T01:50:28.122+0000] {standard_task_runner.py:104} INFO - Running: ['***', 'tasks', 'run', 'tab_soccer_statics', 'dim_league', 'manual__2024-10-08T01:50:20.566545+00:00', '--job-id', '99', '--raw', '--subdir', 'DAGS_FOLDER/tab_soccer_statics.py', '--cfg-path', '/tmp/tmpi0jjjto7']
[2024-10-08T01:50:28.124+0000] {standard_task_runner.py:105} INFO - Job 99: Subtask dim_league
[2024-10-08T01:50:28.163+0000] {task_command.py:467} INFO - Running <TaskInstance: tab_soccer_statics.dim_league manual__2024-10-08T01:50:20.566545+00:00 [running]> on host f74ce347067d
[2024-10-08T01:50:28.239+0000] {taskinstance.py:3131} INFO - Exporting env vars: AIRFLOW_CTX_DAG_OWNER='daniel.cristancho' AIRFLOW_CTX_DAG_ID='tab_soccer_statics' AIRFLOW_CTX_TASK_ID='dim_league' AIRFLOW_CTX_EXECUTION_DATE='2024-10-08T01:50:20.566545+00:00' AIRFLOW_CTX_TRY_NUMBER='1' AIRFLOW_CTX_DAG_RUN_ID='manual__2024-10-08T01:50:20.566545+00:00'
[2024-10-08T01:50:28.240+0000] {taskinstance.py:731} INFO - ::endgroup::
[2024-10-08T01:50:28.290+0000] {warnings.py:112} WARNING - /opt/***/dags/tab_soccer_statics.py:52: FutureWarning: Passing literal json to 'read_json' is deprecated and will be removed in a future version. To read from a literal string, wrap it in a 'StringIO' object.
  data_extract = pd.read_json(data_extract)

[2024-10-08T01:50:30.133+0000] {dim_league.py:35} INFO - Start extract loaded data
[2024-10-08T01:50:30.133+0000] {dim_league.py:180} INFO - Staring data extraction for dim_league
[2024-10-08T01:50:31.577+0000] {dim_league.py:184} INFO - 9 rows extracted from dim_league
[2024-10-08T01:50:31.577+0000] {dim_league.py:185} INFO - Data extraction successfully finished
[2024-10-08T01:50:31.577+0000] {dim_league.py:40} INFO - Start transform data
[2024-10-08T01:50:35.880+0000] {dim_league.py:53} INFO - Start update old data
[2024-10-08T01:50:37.392+0000] {dim_league.py:66} INFO - The update of 4 rows was made.
[2024-10-08T01:50:37.500+0000] {logging_mixin.py:190} INFO - ****************** Success process update dim league
[2024-10-08T01:50:37.503+0000] {python.py:240} INFO - Done. Returned value was: None
[2024-10-08T01:50:37.513+0000] {taskinstance.py:340} INFO - ::group::Post task execution logs
[2024-10-08T01:50:37.513+0000] {taskinstance.py:352} INFO - Marking task as SUCCESS. dag_id=tab_soccer_statics, task_id=dim_league, run_id=manual__2024-10-08T01:50:20.566545+00:00, execution_date=20241008T015020, start_date=20241008T015028, end_date=20241008T015037
[2024-10-08T01:50:37.558+0000] {local_task_job_runner.py:266} INFO - Task exited with return code 0
[2024-10-08T01:50:37.576+0000] {taskinstance.py:3900} INFO - 0 downstream tasks scheduled from follow-on schedule check
[2024-10-08T01:50:37.577+0000] {local_task_job_runner.py:245} INFO - ::endgroup::
