[2024-09-18T20:01:46.015+0000] {processor.py:186} INFO - Started process (PID=219) to work on /opt/airflow/dags/prueba_dag.py
[2024-09-18T20:01:46.015+0000] {processor.py:914} INFO - Processing file /opt/airflow/dags/prueba_dag.py for tasks to queue
[2024-09-18T20:01:46.017+0000] {logging_mixin.py:190} INFO - [2024-09-18T20:01:46.016+0000] {dagbag.py:587} INFO - Filling up the DagBag from /opt/airflow/dags/prueba_dag.py
[2024-09-18T20:01:46.036+0000] {processor.py:925} INFO - DAG(s) 'prueba_librerias' retrieved from /opt/airflow/dags/prueba_dag.py
[2024-09-18T20:01:46.433+0000] {logging_mixin.py:190} INFO - [2024-09-18T20:01:46.433+0000] {override.py:1900} INFO - Created Permission View: can read on DAG:prueba_librerias
[2024-09-18T20:01:46.440+0000] {logging_mixin.py:190} INFO - [2024-09-18T20:01:46.440+0000] {override.py:1900} INFO - Created Permission View: can delete on DAG:prueba_librerias
[2024-09-18T20:01:46.444+0000] {logging_mixin.py:190} INFO - [2024-09-18T20:01:46.444+0000] {override.py:1900} INFO - Created Permission View: can edit on DAG:prueba_librerias
[2024-09-18T20:01:46.448+0000] {logging_mixin.py:190} INFO - [2024-09-18T20:01:46.448+0000] {override.py:1900} INFO - Created Permission View: can read on DAG Run:prueba_librerias
[2024-09-18T20:01:46.452+0000] {logging_mixin.py:190} INFO - [2024-09-18T20:01:46.452+0000] {override.py:1900} INFO - Created Permission View: menu access on DAG Run:prueba_librerias
[2024-09-18T20:01:46.456+0000] {logging_mixin.py:190} INFO - [2024-09-18T20:01:46.456+0000] {override.py:1900} INFO - Created Permission View: can create on DAG Run:prueba_librerias
[2024-09-18T20:01:46.459+0000] {logging_mixin.py:190} INFO - [2024-09-18T20:01:46.459+0000] {override.py:1900} INFO - Created Permission View: can delete on DAG Run:prueba_librerias
[2024-09-18T20:01:46.459+0000] {logging_mixin.py:190} INFO - [2024-09-18T20:01:46.459+0000] {dag.py:3229} INFO - Sync 1 DAGs
[2024-09-18T20:01:46.468+0000] {logging_mixin.py:190} INFO - [2024-09-18T20:01:46.468+0000] {dag.py:3252} INFO - Creating ORM DAG for prueba_librerias
[2024-09-18T20:01:46.475+0000] {logging_mixin.py:190} INFO - [2024-09-18T20:01:46.475+0000] {dag.py:4156} INFO - Setting next_dagrun for prueba_librerias to 2024-09-17 10:00:00+00:00, run_after=2024-09-17 12:00:00+00:00
[2024-09-18T20:01:46.483+0000] {processor.py:208} INFO - Processing /opt/airflow/dags/prueba_dag.py took 0.472 seconds
[2024-09-18T20:01:48.033+0000] {processor.py:186} INFO - Started process (PID=220) to work on /opt/airflow/dags/prueba_dag.py
[2024-09-18T20:01:48.033+0000] {processor.py:914} INFO - Processing file /opt/airflow/dags/prueba_dag.py for tasks to queue
[2024-09-18T20:01:48.035+0000] {logging_mixin.py:190} INFO - [2024-09-18T20:01:48.035+0000] {dagbag.py:587} INFO - Filling up the DagBag from /opt/airflow/dags/prueba_dag.py
[2024-09-18T20:01:48.044+0000] {processor.py:925} INFO - DAG(s) 'prueba_librerias' retrieved from /opt/airflow/dags/prueba_dag.py
[2024-09-18T20:01:48.055+0000] {logging_mixin.py:190} INFO - [2024-09-18T20:01:48.055+0000] {dag.py:3229} INFO - Sync 1 DAGs
[2024-09-18T20:01:48.074+0000] {logging_mixin.py:190} INFO - [2024-09-18T20:01:48.074+0000] {dag.py:4156} INFO - Setting next_dagrun for prueba_librerias to 2024-09-17 10:00:00+00:00, run_after=2024-09-17 12:00:00+00:00
[2024-09-18T20:01:48.090+0000] {processor.py:208} INFO - Processing /opt/airflow/dags/prueba_dag.py took 0.061 seconds
[2024-09-18T20:01:53.070+0000] {processor.py:186} INFO - Started process (PID=221) to work on /opt/airflow/dags/prueba_dag.py
[2024-09-18T20:01:53.076+0000] {processor.py:914} INFO - Processing file /opt/airflow/dags/prueba_dag.py for tasks to queue
[2024-09-18T20:01:53.078+0000] {logging_mixin.py:190} INFO - [2024-09-18T20:01:53.077+0000] {dagbag.py:587} INFO - Filling up the DagBag from /opt/airflow/dags/prueba_dag.py
[2024-09-18T20:01:53.089+0000] {processor.py:925} INFO - DAG(s) 'prueba_librerias' retrieved from /opt/airflow/dags/prueba_dag.py
[2024-09-18T20:01:53.098+0000] {logging_mixin.py:190} INFO - [2024-09-18T20:01:53.098+0000] {dag.py:3229} INFO - Sync 1 DAGs
[2024-09-18T20:01:53.120+0000] {logging_mixin.py:190} INFO - [2024-09-18T20:01:53.119+0000] {dag.py:4156} INFO - Setting next_dagrun for prueba_librerias to 2024-09-17 10:00:00+00:00, run_after=2024-09-17 12:00:00+00:00
[2024-09-18T20:01:53.132+0000] {processor.py:208} INFO - Processing /opt/airflow/dags/prueba_dag.py took 0.068 seconds
[2024-09-18T20:01:54.140+0000] {processor.py:186} INFO - Started process (PID=222) to work on /opt/airflow/dags/prueba_dag.py
[2024-09-18T20:01:54.141+0000] {processor.py:914} INFO - Processing file /opt/airflow/dags/prueba_dag.py for tasks to queue
[2024-09-18T20:01:54.142+0000] {logging_mixin.py:190} INFO - [2024-09-18T20:01:54.142+0000] {dagbag.py:587} INFO - Filling up the DagBag from /opt/airflow/dags/prueba_dag.py
[2024-09-18T20:01:54.151+0000] {processor.py:925} INFO - DAG(s) 'prueba_librerias' retrieved from /opt/airflow/dags/prueba_dag.py
[2024-09-18T20:01:54.159+0000] {logging_mixin.py:190} INFO - [2024-09-18T20:01:54.159+0000] {dag.py:3229} INFO - Sync 1 DAGs
[2024-09-18T20:01:54.177+0000] {logging_mixin.py:190} INFO - [2024-09-18T20:01:54.176+0000] {dag.py:4156} INFO - Setting next_dagrun for prueba_librerias to 2024-09-17 10:00:00+00:00, run_after=2024-09-17 12:00:00+00:00
[2024-09-18T20:01:54.188+0000] {processor.py:208} INFO - Processing /opt/airflow/dags/prueba_dag.py took 0.052 seconds
[2024-09-18T20:01:57.174+0000] {processor.py:186} INFO - Started process (PID=223) to work on /opt/airflow/dags/prueba_dag.py
[2024-09-18T20:01:57.175+0000] {processor.py:914} INFO - Processing file /opt/airflow/dags/prueba_dag.py for tasks to queue
[2024-09-18T20:01:57.177+0000] {logging_mixin.py:190} INFO - [2024-09-18T20:01:57.177+0000] {dagbag.py:587} INFO - Filling up the DagBag from /opt/airflow/dags/prueba_dag.py
[2024-09-18T20:01:57.185+0000] {processor.py:925} INFO - DAG(s) 'prueba_librerias' retrieved from /opt/airflow/dags/prueba_dag.py
[2024-09-18T20:01:57.194+0000] {logging_mixin.py:190} INFO - [2024-09-18T20:01:57.194+0000] {dag.py:3229} INFO - Sync 1 DAGs
[2024-09-18T20:01:57.211+0000] {logging_mixin.py:190} INFO - [2024-09-18T20:01:57.211+0000] {dag.py:4156} INFO - Setting next_dagrun for prueba_librerias to 2024-09-17 10:00:00+00:00, run_after=2024-09-17 12:00:00+00:00
[2024-09-18T20:01:57.226+0000] {processor.py:208} INFO - Processing /opt/airflow/dags/prueba_dag.py took 0.056 seconds
[2024-09-18T20:01:58.225+0000] {processor.py:186} INFO - Started process (PID=224) to work on /opt/airflow/dags/prueba_dag.py
[2024-09-18T20:01:58.226+0000] {processor.py:914} INFO - Processing file /opt/airflow/dags/prueba_dag.py for tasks to queue
[2024-09-18T20:01:58.228+0000] {logging_mixin.py:190} INFO - [2024-09-18T20:01:58.228+0000] {dagbag.py:587} INFO - Filling up the DagBag from /opt/airflow/dags/prueba_dag.py
[2024-09-18T20:01:58.236+0000] {processor.py:925} INFO - DAG(s) 'prueba_librerias' retrieved from /opt/airflow/dags/prueba_dag.py
[2024-09-18T20:01:58.244+0000] {logging_mixin.py:190} INFO - [2024-09-18T20:01:58.244+0000] {dag.py:3229} INFO - Sync 1 DAGs
[2024-09-18T20:01:58.261+0000] {logging_mixin.py:190} INFO - [2024-09-18T20:01:58.261+0000] {dag.py:4156} INFO - Setting next_dagrun for prueba_librerias to 2024-09-17 10:00:00+00:00, run_after=2024-09-17 12:00:00+00:00
[2024-09-18T20:01:58.272+0000] {processor.py:208} INFO - Processing /opt/airflow/dags/prueba_dag.py took 0.051 seconds
[2024-09-18T20:02:54.722+0000] {processor.py:186} INFO - Started process (PID=38) to work on /opt/airflow/dags/prueba_dag.py
[2024-09-18T20:02:54.722+0000] {processor.py:914} INFO - Processing file /opt/airflow/dags/prueba_dag.py for tasks to queue
[2024-09-18T20:02:54.724+0000] {logging_mixin.py:190} INFO - [2024-09-18T20:02:54.724+0000] {dagbag.py:587} INFO - Filling up the DagBag from /opt/airflow/dags/prueba_dag.py
[2024-09-18T20:02:54.733+0000] {processor.py:925} INFO - DAG(s) 'prueba_librerias' retrieved from /opt/airflow/dags/prueba_dag.py
[2024-09-18T20:02:54.754+0000] {logging_mixin.py:190} INFO - [2024-09-18T20:02:54.753+0000] {dag.py:3229} INFO - Sync 1 DAGs
[2024-09-18T20:02:54.774+0000] {logging_mixin.py:190} INFO - [2024-09-18T20:02:54.774+0000] {dag.py:4156} INFO - Setting next_dagrun for prueba_librerias to 2024-09-17 10:00:00+00:00, run_after=2024-09-17 12:00:00+00:00
[2024-09-18T20:02:54.788+0000] {processor.py:208} INFO - Processing /opt/airflow/dags/prueba_dag.py took 0.071 seconds
[2024-09-18T20:03:24.870+0000] {processor.py:186} INFO - Started process (PID=45) to work on /opt/airflow/dags/prueba_dag.py
[2024-09-18T20:03:24.870+0000] {processor.py:914} INFO - Processing file /opt/airflow/dags/prueba_dag.py for tasks to queue
[2024-09-18T20:03:24.872+0000] {logging_mixin.py:190} INFO - [2024-09-18T20:03:24.872+0000] {dagbag.py:587} INFO - Filling up the DagBag from /opt/airflow/dags/prueba_dag.py
[2024-09-18T20:03:24.880+0000] {processor.py:925} INFO - DAG(s) 'prueba_librerias' retrieved from /opt/airflow/dags/prueba_dag.py
[2024-09-18T20:03:24.900+0000] {logging_mixin.py:190} INFO - [2024-09-18T20:03:24.900+0000] {dag.py:3229} INFO - Sync 1 DAGs
[2024-09-18T20:03:24.919+0000] {logging_mixin.py:190} INFO - [2024-09-18T20:03:24.919+0000] {dag.py:4156} INFO - Setting next_dagrun for prueba_librerias to 2024-09-17 10:00:00+00:00, run_after=2024-09-17 12:00:00+00:00
[2024-09-18T20:03:24.931+0000] {processor.py:208} INFO - Processing /opt/airflow/dags/prueba_dag.py took 0.066 seconds
[2024-09-18T20:03:55.059+0000] {processor.py:186} INFO - Started process (PID=52) to work on /opt/airflow/dags/prueba_dag.py
[2024-09-18T20:03:55.060+0000] {processor.py:914} INFO - Processing file /opt/airflow/dags/prueba_dag.py for tasks to queue
[2024-09-18T20:03:55.062+0000] {logging_mixin.py:190} INFO - [2024-09-18T20:03:55.061+0000] {dagbag.py:587} INFO - Filling up the DagBag from /opt/airflow/dags/prueba_dag.py
[2024-09-18T20:03:55.069+0000] {processor.py:925} INFO - DAG(s) 'prueba_librerias' retrieved from /opt/airflow/dags/prueba_dag.py
[2024-09-18T20:03:55.088+0000] {logging_mixin.py:190} INFO - [2024-09-18T20:03:55.088+0000] {dag.py:3229} INFO - Sync 1 DAGs
[2024-09-18T20:03:55.105+0000] {logging_mixin.py:190} INFO - [2024-09-18T20:03:55.105+0000] {dag.py:4156} INFO - Setting next_dagrun for prueba_librerias to 2024-09-18 13:00:00+00:00, run_after=2024-09-19 10:00:00+00:00
[2024-09-18T20:03:55.115+0000] {processor.py:208} INFO - Processing /opt/airflow/dags/prueba_dag.py took 0.060 seconds
[2024-09-18T20:04:25.218+0000] {processor.py:186} INFO - Started process (PID=59) to work on /opt/airflow/dags/prueba_dag.py
[2024-09-18T20:04:25.219+0000] {processor.py:914} INFO - Processing file /opt/airflow/dags/prueba_dag.py for tasks to queue
[2024-09-18T20:04:25.221+0000] {logging_mixin.py:190} INFO - [2024-09-18T20:04:25.221+0000] {dagbag.py:587} INFO - Filling up the DagBag from /opt/airflow/dags/prueba_dag.py
[2024-09-18T20:04:25.232+0000] {processor.py:925} INFO - DAG(s) 'prueba_librerias' retrieved from /opt/airflow/dags/prueba_dag.py
[2024-09-18T20:04:25.258+0000] {logging_mixin.py:190} INFO - [2024-09-18T20:04:25.257+0000] {dag.py:3229} INFO - Sync 1 DAGs
[2024-09-18T20:04:25.286+0000] {logging_mixin.py:190} INFO - [2024-09-18T20:04:25.286+0000] {dag.py:4156} INFO - Setting next_dagrun for prueba_librerias to 2024-09-18 13:00:00+00:00, run_after=2024-09-19 10:00:00+00:00
[2024-09-18T20:04:25.305+0000] {processor.py:208} INFO - Processing /opt/airflow/dags/prueba_dag.py took 0.092 seconds
[2024-09-18T20:04:55.388+0000] {processor.py:186} INFO - Started process (PID=66) to work on /opt/airflow/dags/prueba_dag.py
[2024-09-18T20:04:55.397+0000] {processor.py:914} INFO - Processing file /opt/airflow/dags/prueba_dag.py for tasks to queue
[2024-09-18T20:04:55.398+0000] {logging_mixin.py:190} INFO - [2024-09-18T20:04:55.398+0000] {dagbag.py:587} INFO - Filling up the DagBag from /opt/airflow/dags/prueba_dag.py
[2024-09-18T20:04:55.406+0000] {processor.py:925} INFO - DAG(s) 'prueba_librerias' retrieved from /opt/airflow/dags/prueba_dag.py
[2024-09-18T20:04:55.426+0000] {logging_mixin.py:190} INFO - [2024-09-18T20:04:55.426+0000] {dag.py:3229} INFO - Sync 1 DAGs
[2024-09-18T20:04:55.444+0000] {logging_mixin.py:190} INFO - [2024-09-18T20:04:55.444+0000] {dag.py:4156} INFO - Setting next_dagrun for prueba_librerias to 2024-09-18 13:00:00+00:00, run_after=2024-09-19 10:00:00+00:00
[2024-09-18T20:04:55.454+0000] {processor.py:208} INFO - Processing /opt/airflow/dags/prueba_dag.py took 0.070 seconds
[2024-09-18T20:05:25.582+0000] {processor.py:186} INFO - Started process (PID=73) to work on /opt/airflow/dags/prueba_dag.py
[2024-09-18T20:05:25.583+0000] {processor.py:914} INFO - Processing file /opt/airflow/dags/prueba_dag.py for tasks to queue
[2024-09-18T20:05:25.584+0000] {logging_mixin.py:190} INFO - [2024-09-18T20:05:25.584+0000] {dagbag.py:587} INFO - Filling up the DagBag from /opt/airflow/dags/prueba_dag.py
[2024-09-18T20:05:25.591+0000] {processor.py:925} INFO - DAG(s) 'prueba_librerias' retrieved from /opt/airflow/dags/prueba_dag.py
[2024-09-18T20:05:25.613+0000] {logging_mixin.py:190} INFO - [2024-09-18T20:05:25.613+0000] {dag.py:3229} INFO - Sync 1 DAGs
[2024-09-18T20:05:25.631+0000] {logging_mixin.py:190} INFO - [2024-09-18T20:05:25.631+0000] {dag.py:4156} INFO - Setting next_dagrun for prueba_librerias to 2024-09-18 13:00:00+00:00, run_after=2024-09-19 10:00:00+00:00
[2024-09-18T20:05:25.644+0000] {processor.py:208} INFO - Processing /opt/airflow/dags/prueba_dag.py took 0.066 seconds
[2024-09-18T20:05:55.729+0000] {processor.py:186} INFO - Started process (PID=80) to work on /opt/airflow/dags/prueba_dag.py
[2024-09-18T20:05:55.737+0000] {processor.py:914} INFO - Processing file /opt/airflow/dags/prueba_dag.py for tasks to queue
[2024-09-18T20:05:55.740+0000] {logging_mixin.py:190} INFO - [2024-09-18T20:05:55.739+0000] {dagbag.py:587} INFO - Filling up the DagBag from /opt/airflow/dags/prueba_dag.py
[2024-09-18T20:05:55.749+0000] {processor.py:925} INFO - DAG(s) 'prueba_librerias' retrieved from /opt/airflow/dags/prueba_dag.py
[2024-09-18T20:05:55.773+0000] {logging_mixin.py:190} INFO - [2024-09-18T20:05:55.772+0000] {dag.py:3229} INFO - Sync 1 DAGs
[2024-09-18T20:05:55.792+0000] {logging_mixin.py:190} INFO - [2024-09-18T20:05:55.792+0000] {dag.py:4156} INFO - Setting next_dagrun for prueba_librerias to 2024-09-18 13:00:00+00:00, run_after=2024-09-19 10:00:00+00:00
[2024-09-18T20:05:55.962+0000] {processor.py:208} INFO - Processing /opt/airflow/dags/prueba_dag.py took 0.238 seconds
[2024-09-18T20:06:26.100+0000] {processor.py:186} INFO - Started process (PID=87) to work on /opt/airflow/dags/prueba_dag.py
[2024-09-18T20:06:26.100+0000] {processor.py:914} INFO - Processing file /opt/airflow/dags/prueba_dag.py for tasks to queue
[2024-09-18T20:06:26.102+0000] {logging_mixin.py:190} INFO - [2024-09-18T20:06:26.102+0000] {dagbag.py:587} INFO - Filling up the DagBag from /opt/airflow/dags/prueba_dag.py
[2024-09-18T20:06:26.110+0000] {processor.py:925} INFO - DAG(s) 'prueba_librerias' retrieved from /opt/airflow/dags/prueba_dag.py
[2024-09-18T20:06:26.128+0000] {logging_mixin.py:190} INFO - [2024-09-18T20:06:26.128+0000] {dag.py:3229} INFO - Sync 1 DAGs
[2024-09-18T20:06:26.279+0000] {logging_mixin.py:190} INFO - [2024-09-18T20:06:26.279+0000] {dag.py:4156} INFO - Setting next_dagrun for prueba_librerias to 2024-09-18 13:00:00+00:00, run_after=2024-09-19 10:00:00+00:00
[2024-09-18T20:06:26.298+0000] {processor.py:208} INFO - Processing /opt/airflow/dags/prueba_dag.py took 0.202 seconds
[2024-09-18T20:45:18.580+0000] {processor.py:186} INFO - Started process (PID=45) to work on /opt/airflow/dags/prueba_dag.py
[2024-09-18T20:45:18.581+0000] {processor.py:914} INFO - Processing file /opt/airflow/dags/prueba_dag.py for tasks to queue
[2024-09-18T20:45:18.583+0000] {logging_mixin.py:190} INFO - [2024-09-18T20:45:18.583+0000] {dagbag.py:587} INFO - Filling up the DagBag from /opt/airflow/dags/prueba_dag.py
[2024-09-18T20:45:18.604+0000] {processor.py:925} INFO - DAG(s) 'prueba_librerias' retrieved from /opt/airflow/dags/prueba_dag.py
[2024-09-18T20:45:18.654+0000] {logging_mixin.py:190} INFO - [2024-09-18T20:45:18.653+0000] {dag.py:3229} INFO - Sync 1 DAGs
[2024-09-18T20:45:18.679+0000] {logging_mixin.py:190} INFO - [2024-09-18T20:45:18.679+0000] {dag.py:4156} INFO - Setting next_dagrun for prueba_librerias to 2024-09-18 13:00:00+00:00, run_after=2024-09-19 10:00:00+00:00
[2024-09-18T20:45:18.694+0000] {processor.py:208} INFO - Processing /opt/airflow/dags/prueba_dag.py took 0.119 seconds
[2024-09-18T20:45:48.752+0000] {processor.py:186} INFO - Started process (PID=52) to work on /opt/airflow/dags/prueba_dag.py
[2024-09-18T20:45:48.753+0000] {processor.py:914} INFO - Processing file /opt/airflow/dags/prueba_dag.py for tasks to queue
[2024-09-18T20:45:48.755+0000] {logging_mixin.py:190} INFO - [2024-09-18T20:45:48.755+0000] {dagbag.py:587} INFO - Filling up the DagBag from /opt/airflow/dags/prueba_dag.py
[2024-09-18T20:45:48.763+0000] {processor.py:925} INFO - DAG(s) 'prueba_librerias' retrieved from /opt/airflow/dags/prueba_dag.py
[2024-09-18T20:45:48.785+0000] {logging_mixin.py:190} INFO - [2024-09-18T20:45:48.785+0000] {dag.py:3229} INFO - Sync 1 DAGs
[2024-09-18T20:45:48.802+0000] {logging_mixin.py:190} INFO - [2024-09-18T20:45:48.802+0000] {dag.py:4156} INFO - Setting next_dagrun for prueba_librerias to 2024-09-18 13:00:00+00:00, run_after=2024-09-19 10:00:00+00:00
[2024-09-18T20:45:48.813+0000] {processor.py:208} INFO - Processing /opt/airflow/dags/prueba_dag.py took 0.066 seconds
[2024-09-18T20:46:18.916+0000] {processor.py:186} INFO - Started process (PID=59) to work on /opt/airflow/dags/prueba_dag.py
[2024-09-18T20:46:18.917+0000] {processor.py:914} INFO - Processing file /opt/airflow/dags/prueba_dag.py for tasks to queue
[2024-09-18T20:46:18.919+0000] {logging_mixin.py:190} INFO - [2024-09-18T20:46:18.919+0000] {dagbag.py:587} INFO - Filling up the DagBag from /opt/airflow/dags/prueba_dag.py
[2024-09-18T20:46:18.926+0000] {processor.py:925} INFO - DAG(s) 'prueba_librerias' retrieved from /opt/airflow/dags/prueba_dag.py
[2024-09-18T20:46:18.951+0000] {logging_mixin.py:190} INFO - [2024-09-18T20:46:18.951+0000] {dag.py:3229} INFO - Sync 1 DAGs
[2024-09-18T20:46:18.970+0000] {logging_mixin.py:190} INFO - [2024-09-18T20:46:18.970+0000] {dag.py:4156} INFO - Setting next_dagrun for prueba_librerias to 2024-09-18 13:00:00+00:00, run_after=2024-09-19 10:00:00+00:00
[2024-09-18T20:46:18.982+0000] {processor.py:208} INFO - Processing /opt/airflow/dags/prueba_dag.py took 0.070 seconds
[2024-09-18T20:46:49.119+0000] {processor.py:186} INFO - Started process (PID=66) to work on /opt/airflow/dags/prueba_dag.py
[2024-09-18T20:46:49.120+0000] {processor.py:914} INFO - Processing file /opt/airflow/dags/prueba_dag.py for tasks to queue
[2024-09-18T20:46:49.122+0000] {logging_mixin.py:190} INFO - [2024-09-18T20:46:49.121+0000] {dagbag.py:587} INFO - Filling up the DagBag from /opt/airflow/dags/prueba_dag.py
[2024-09-18T20:46:49.133+0000] {processor.py:925} INFO - DAG(s) 'prueba_librerias' retrieved from /opt/airflow/dags/prueba_dag.py
[2024-09-18T20:46:49.158+0000] {logging_mixin.py:190} INFO - [2024-09-18T20:46:49.158+0000] {dag.py:3229} INFO - Sync 1 DAGs
[2024-09-18T20:46:49.180+0000] {logging_mixin.py:190} INFO - [2024-09-18T20:46:49.179+0000] {dag.py:4156} INFO - Setting next_dagrun for prueba_librerias to 2024-09-18 13:00:00+00:00, run_after=2024-09-19 10:00:00+00:00
[2024-09-18T20:46:49.198+0000] {processor.py:208} INFO - Processing /opt/airflow/dags/prueba_dag.py took 0.085 seconds
[2024-09-18T20:47:19.279+0000] {processor.py:186} INFO - Started process (PID=73) to work on /opt/airflow/dags/prueba_dag.py
[2024-09-18T20:47:19.285+0000] {processor.py:914} INFO - Processing file /opt/airflow/dags/prueba_dag.py for tasks to queue
[2024-09-18T20:47:19.287+0000] {logging_mixin.py:190} INFO - [2024-09-18T20:47:19.287+0000] {dagbag.py:587} INFO - Filling up the DagBag from /opt/airflow/dags/prueba_dag.py
[2024-09-18T20:47:19.297+0000] {processor.py:925} INFO - DAG(s) 'prueba_librerias' retrieved from /opt/airflow/dags/prueba_dag.py
[2024-09-18T20:47:19.319+0000] {logging_mixin.py:190} INFO - [2024-09-18T20:47:19.319+0000] {dag.py:3229} INFO - Sync 1 DAGs
[2024-09-18T20:47:19.339+0000] {logging_mixin.py:190} INFO - [2024-09-18T20:47:19.339+0000] {dag.py:4156} INFO - Setting next_dagrun for prueba_librerias to 2024-09-18 13:00:00+00:00, run_after=2024-09-19 10:00:00+00:00
[2024-09-18T20:47:19.354+0000] {processor.py:208} INFO - Processing /opt/airflow/dags/prueba_dag.py took 0.080 seconds
[2024-09-18T20:47:49.520+0000] {processor.py:186} INFO - Started process (PID=80) to work on /opt/airflow/dags/prueba_dag.py
[2024-09-18T20:47:49.528+0000] {processor.py:914} INFO - Processing file /opt/airflow/dags/prueba_dag.py for tasks to queue
[2024-09-18T20:47:49.531+0000] {logging_mixin.py:190} INFO - [2024-09-18T20:47:49.531+0000] {dagbag.py:587} INFO - Filling up the DagBag from /opt/airflow/dags/prueba_dag.py
[2024-09-18T20:47:49.544+0000] {processor.py:925} INFO - DAG(s) 'prueba_librerias' retrieved from /opt/airflow/dags/prueba_dag.py
[2024-09-18T20:47:49.575+0000] {logging_mixin.py:190} INFO - [2024-09-18T20:47:49.575+0000] {dag.py:3229} INFO - Sync 1 DAGs
[2024-09-18T20:47:49.604+0000] {logging_mixin.py:190} INFO - [2024-09-18T20:47:49.604+0000] {dag.py:4156} INFO - Setting next_dagrun for prueba_librerias to 2024-09-18 13:00:00+00:00, run_after=2024-09-19 10:00:00+00:00
[2024-09-18T20:47:49.618+0000] {processor.py:208} INFO - Processing /opt/airflow/dags/prueba_dag.py took 0.104 seconds
[2024-09-18T20:48:19.692+0000] {processor.py:186} INFO - Started process (PID=87) to work on /opt/airflow/dags/prueba_dag.py
[2024-09-18T20:48:19.701+0000] {processor.py:914} INFO - Processing file /opt/airflow/dags/prueba_dag.py for tasks to queue
[2024-09-18T20:48:19.703+0000] {logging_mixin.py:190} INFO - [2024-09-18T20:48:19.703+0000] {dagbag.py:587} INFO - Filling up the DagBag from /opt/airflow/dags/prueba_dag.py
[2024-09-18T20:48:19.713+0000] {processor.py:925} INFO - DAG(s) 'prueba_librerias' retrieved from /opt/airflow/dags/prueba_dag.py
[2024-09-18T20:48:19.739+0000] {logging_mixin.py:190} INFO - [2024-09-18T20:48:19.739+0000] {dag.py:3229} INFO - Sync 1 DAGs
[2024-09-18T20:48:19.759+0000] {logging_mixin.py:190} INFO - [2024-09-18T20:48:19.759+0000] {dag.py:4156} INFO - Setting next_dagrun for prueba_librerias to 2024-09-18 13:00:00+00:00, run_after=2024-09-19 10:00:00+00:00
[2024-09-18T20:48:19.774+0000] {processor.py:208} INFO - Processing /opt/airflow/dags/prueba_dag.py took 0.089 seconds
[2024-09-18T20:48:49.931+0000] {processor.py:186} INFO - Started process (PID=94) to work on /opt/airflow/dags/prueba_dag.py
[2024-09-18T20:48:49.940+0000] {processor.py:914} INFO - Processing file /opt/airflow/dags/prueba_dag.py for tasks to queue
[2024-09-18T20:48:49.942+0000] {logging_mixin.py:190} INFO - [2024-09-18T20:48:49.941+0000] {dagbag.py:587} INFO - Filling up the DagBag from /opt/airflow/dags/prueba_dag.py
[2024-09-18T20:48:49.951+0000] {processor.py:925} INFO - DAG(s) 'prueba_librerias' retrieved from /opt/airflow/dags/prueba_dag.py
[2024-09-18T20:48:49.971+0000] {logging_mixin.py:190} INFO - [2024-09-18T20:48:49.971+0000] {dag.py:3229} INFO - Sync 1 DAGs
[2024-09-18T20:48:49.990+0000] {logging_mixin.py:190} INFO - [2024-09-18T20:48:49.990+0000] {dag.py:4156} INFO - Setting next_dagrun for prueba_librerias to 2024-09-18 13:00:00+00:00, run_after=2024-09-19 10:00:00+00:00
[2024-09-18T20:48:50.002+0000] {processor.py:208} INFO - Processing /opt/airflow/dags/prueba_dag.py took 0.075 seconds
[2024-09-18T20:49:20.105+0000] {processor.py:186} INFO - Started process (PID=101) to work on /opt/airflow/dags/prueba_dag.py
[2024-09-18T20:49:20.105+0000] {processor.py:914} INFO - Processing file /opt/airflow/dags/prueba_dag.py for tasks to queue
[2024-09-18T20:49:20.107+0000] {logging_mixin.py:190} INFO - [2024-09-18T20:49:20.107+0000] {dagbag.py:587} INFO - Filling up the DagBag from /opt/airflow/dags/prueba_dag.py
[2024-09-18T20:49:20.118+0000] {processor.py:925} INFO - DAG(s) 'prueba_librerias' retrieved from /opt/airflow/dags/prueba_dag.py
[2024-09-18T20:49:20.142+0000] {logging_mixin.py:190} INFO - [2024-09-18T20:49:20.142+0000] {dag.py:3229} INFO - Sync 1 DAGs
[2024-09-18T20:49:20.164+0000] {logging_mixin.py:190} INFO - [2024-09-18T20:49:20.164+0000] {dag.py:4156} INFO - Setting next_dagrun for prueba_librerias to 2024-09-18 13:00:00+00:00, run_after=2024-09-19 10:00:00+00:00
[2024-09-18T20:49:20.183+0000] {processor.py:208} INFO - Processing /opt/airflow/dags/prueba_dag.py took 0.083 seconds
[2024-09-18T20:49:50.320+0000] {processor.py:186} INFO - Started process (PID=108) to work on /opt/airflow/dags/prueba_dag.py
[2024-09-18T20:49:50.328+0000] {processor.py:914} INFO - Processing file /opt/airflow/dags/prueba_dag.py for tasks to queue
[2024-09-18T20:49:50.331+0000] {logging_mixin.py:190} INFO - [2024-09-18T20:49:50.331+0000] {dagbag.py:587} INFO - Filling up the DagBag from /opt/airflow/dags/prueba_dag.py
[2024-09-18T20:49:50.341+0000] {processor.py:925} INFO - DAG(s) 'prueba_librerias' retrieved from /opt/airflow/dags/prueba_dag.py
[2024-09-18T20:49:50.367+0000] {logging_mixin.py:190} INFO - [2024-09-18T20:49:50.366+0000] {dag.py:3229} INFO - Sync 1 DAGs
[2024-09-18T20:49:50.387+0000] {logging_mixin.py:190} INFO - [2024-09-18T20:49:50.387+0000] {dag.py:4156} INFO - Setting next_dagrun for prueba_librerias to 2024-09-18 13:00:00+00:00, run_after=2024-09-19 10:00:00+00:00
[2024-09-18T20:49:50.402+0000] {processor.py:208} INFO - Processing /opt/airflow/dags/prueba_dag.py took 0.088 seconds
[2024-09-18T20:50:20.505+0000] {processor.py:186} INFO - Started process (PID=115) to work on /opt/airflow/dags/prueba_dag.py
[2024-09-18T20:50:20.514+0000] {processor.py:914} INFO - Processing file /opt/airflow/dags/prueba_dag.py for tasks to queue
[2024-09-18T20:50:20.517+0000] {logging_mixin.py:190} INFO - [2024-09-18T20:50:20.517+0000] {dagbag.py:587} INFO - Filling up the DagBag from /opt/airflow/dags/prueba_dag.py
[2024-09-18T20:50:20.528+0000] {processor.py:925} INFO - DAG(s) 'prueba_librerias' retrieved from /opt/airflow/dags/prueba_dag.py
[2024-09-18T20:50:20.554+0000] {logging_mixin.py:190} INFO - [2024-09-18T20:50:20.553+0000] {dag.py:3229} INFO - Sync 1 DAGs
[2024-09-18T20:50:20.827+0000] {logging_mixin.py:190} INFO - [2024-09-18T20:50:20.827+0000] {dag.py:4156} INFO - Setting next_dagrun for prueba_librerias to 2024-09-18 13:00:00+00:00, run_after=2024-09-19 10:00:00+00:00
[2024-09-18T20:50:20.849+0000] {processor.py:208} INFO - Processing /opt/airflow/dags/prueba_dag.py took 0.349 seconds
[2024-09-18T21:32:30.441+0000] {processor.py:186} INFO - Started process (PID=116) to work on /opt/airflow/dags/prueba_dag.py
[2024-09-18T21:32:30.443+0000] {processor.py:914} INFO - Processing file /opt/airflow/dags/prueba_dag.py for tasks to queue
[2024-09-18T21:32:30.445+0000] {logging_mixin.py:190} INFO - [2024-09-18T21:32:30.445+0000] {dagbag.py:587} INFO - Filling up the DagBag from /opt/airflow/dags/prueba_dag.py
[2024-09-18T21:32:30.460+0000] {processor.py:925} INFO - DAG(s) 'prueba_librerias' retrieved from /opt/airflow/dags/prueba_dag.py
[2024-09-18T21:32:30.504+0000] {logging_mixin.py:190} INFO - [2024-09-18T21:32:30.504+0000] {dag.py:3229} INFO - Sync 1 DAGs
[2024-09-18T21:32:30.857+0000] {logging_mixin.py:190} INFO - [2024-09-18T21:32:30.857+0000] {dag.py:4156} INFO - Setting next_dagrun for prueba_librerias to 2024-09-18 13:00:00+00:00, run_after=2024-09-19 10:00:00+00:00
[2024-09-18T21:32:30.880+0000] {processor.py:208} INFO - Processing /opt/airflow/dags/prueba_dag.py took 0.451 seconds
[2024-09-18T22:32:19.558+0000] {processor.py:186} INFO - Started process (PID=123) to work on /opt/airflow/dags/prueba_dag.py
[2024-09-18T22:32:19.560+0000] {processor.py:914} INFO - Processing file /opt/airflow/dags/prueba_dag.py for tasks to queue
[2024-09-18T22:32:19.569+0000] {logging_mixin.py:190} INFO - [2024-09-18T22:32:19.568+0000] {dagbag.py:587} INFO - Filling up the DagBag from /opt/airflow/dags/prueba_dag.py
[2024-09-18T22:32:19.589+0000] {processor.py:925} INFO - DAG(s) 'prueba_librerias' retrieved from /opt/airflow/dags/prueba_dag.py
[2024-09-18T22:32:19.629+0000] {logging_mixin.py:190} INFO - [2024-09-18T22:32:19.628+0000] {dag.py:3229} INFO - Sync 1 DAGs
[2024-09-18T22:32:19.966+0000] {logging_mixin.py:190} INFO - [2024-09-18T22:32:19.966+0000] {dag.py:4156} INFO - Setting next_dagrun for prueba_librerias to 2024-09-18 13:00:00+00:00, run_after=2024-09-19 10:00:00+00:00
[2024-09-18T22:32:19.987+0000] {processor.py:208} INFO - Processing /opt/airflow/dags/prueba_dag.py took 0.440 seconds
[2024-09-18T22:48:39.997+0000] {processor.py:186} INFO - Started process (PID=130) to work on /opt/airflow/dags/prueba_dag.py
[2024-09-18T22:48:39.997+0000] {processor.py:914} INFO - Processing file /opt/airflow/dags/prueba_dag.py for tasks to queue
[2024-09-18T22:48:39.999+0000] {logging_mixin.py:190} INFO - [2024-09-18T22:48:39.999+0000] {dagbag.py:587} INFO - Filling up the DagBag from /opt/airflow/dags/prueba_dag.py
[2024-09-18T22:48:40.013+0000] {processor.py:925} INFO - DAG(s) 'prueba_librerias' retrieved from /opt/airflow/dags/prueba_dag.py
[2024-09-18T22:48:40.046+0000] {logging_mixin.py:190} INFO - [2024-09-18T22:48:40.045+0000] {dag.py:3229} INFO - Sync 1 DAGs
[2024-09-18T22:48:40.068+0000] {logging_mixin.py:190} INFO - [2024-09-18T22:48:40.067+0000] {dag.py:4156} INFO - Setting next_dagrun for prueba_librerias to 2024-09-18 13:00:00+00:00, run_after=2024-09-19 10:00:00+00:00
[2024-09-18T22:48:40.083+0000] {processor.py:208} INFO - Processing /opt/airflow/dags/prueba_dag.py took 0.092 seconds
[2024-09-18T22:49:10.173+0000] {processor.py:186} INFO - Started process (PID=137) to work on /opt/airflow/dags/prueba_dag.py
[2024-09-18T22:49:10.174+0000] {processor.py:914} INFO - Processing file /opt/airflow/dags/prueba_dag.py for tasks to queue
[2024-09-18T22:49:10.177+0000] {logging_mixin.py:190} INFO - [2024-09-18T22:49:10.176+0000] {dagbag.py:587} INFO - Filling up the DagBag from /opt/airflow/dags/prueba_dag.py
[2024-09-18T22:49:10.191+0000] {processor.py:925} INFO - DAG(s) 'prueba_librerias' retrieved from /opt/airflow/dags/prueba_dag.py
[2024-09-18T22:49:10.218+0000] {logging_mixin.py:190} INFO - [2024-09-18T22:49:10.218+0000] {dag.py:3229} INFO - Sync 1 DAGs
[2024-09-18T22:49:10.246+0000] {logging_mixin.py:190} INFO - [2024-09-18T22:49:10.245+0000] {dag.py:4156} INFO - Setting next_dagrun for prueba_librerias to 2024-09-18 13:00:00+00:00, run_after=2024-09-19 10:00:00+00:00
[2024-09-18T22:49:10.262+0000] {processor.py:208} INFO - Processing /opt/airflow/dags/prueba_dag.py took 0.096 seconds
[2024-09-18T23:56:01.061+0000] {processor.py:186} INFO - Started process (PID=38) to work on /opt/airflow/dags/prueba_dag.py
[2024-09-18T23:56:01.063+0000] {processor.py:914} INFO - Processing file /opt/airflow/dags/prueba_dag.py for tasks to queue
[2024-09-18T23:56:01.067+0000] {logging_mixin.py:190} INFO - [2024-09-18T23:56:01.066+0000] {dagbag.py:587} INFO - Filling up the DagBag from /opt/airflow/dags/prueba_dag.py
[2024-09-18T23:56:01.083+0000] {processor.py:925} INFO - DAG(s) 'prueba_librerias' retrieved from /opt/airflow/dags/prueba_dag.py
[2024-09-18T23:56:01.118+0000] {logging_mixin.py:190} INFO - [2024-09-18T23:56:01.118+0000] {dag.py:3229} INFO - Sync 1 DAGs
[2024-09-18T23:56:01.170+0000] {logging_mixin.py:190} INFO - [2024-09-18T23:56:01.170+0000] {dag.py:4156} INFO - Setting next_dagrun for prueba_librerias to 2024-09-18 13:00:00+00:00, run_after=2024-09-19 10:00:00+00:00
[2024-09-18T23:56:01.198+0000] {processor.py:208} INFO - Processing /opt/airflow/dags/prueba_dag.py took 0.146 seconds
[2024-09-18T23:56:31.250+0000] {processor.py:186} INFO - Started process (PID=45) to work on /opt/airflow/dags/prueba_dag.py
[2024-09-18T23:56:31.251+0000] {processor.py:914} INFO - Processing file /opt/airflow/dags/prueba_dag.py for tasks to queue
[2024-09-18T23:56:31.253+0000] {logging_mixin.py:190} INFO - [2024-09-18T23:56:31.253+0000] {dagbag.py:587} INFO - Filling up the DagBag from /opt/airflow/dags/prueba_dag.py
[2024-09-18T23:56:31.263+0000] {processor.py:925} INFO - DAG(s) 'prueba_librerias' retrieved from /opt/airflow/dags/prueba_dag.py
[2024-09-18T23:56:31.288+0000] {logging_mixin.py:190} INFO - [2024-09-18T23:56:31.288+0000] {dag.py:3229} INFO - Sync 1 DAGs
[2024-09-18T23:56:31.309+0000] {logging_mixin.py:190} INFO - [2024-09-18T23:56:31.309+0000] {dag.py:4156} INFO - Setting next_dagrun for prueba_librerias to 2024-09-18 13:00:00+00:00, run_after=2024-09-19 10:00:00+00:00
[2024-09-18T23:56:31.324+0000] {processor.py:208} INFO - Processing /opt/airflow/dags/prueba_dag.py took 0.080 seconds
[2024-09-18T23:57:01.425+0000] {processor.py:186} INFO - Started process (PID=52) to work on /opt/airflow/dags/prueba_dag.py
[2024-09-18T23:57:01.426+0000] {processor.py:914} INFO - Processing file /opt/airflow/dags/prueba_dag.py for tasks to queue
[2024-09-18T23:57:01.431+0000] {logging_mixin.py:190} INFO - [2024-09-18T23:57:01.430+0000] {dagbag.py:587} INFO - Filling up the DagBag from /opt/airflow/dags/prueba_dag.py
[2024-09-18T23:57:01.445+0000] {processor.py:925} INFO - DAG(s) 'prueba_librerias' retrieved from /opt/airflow/dags/prueba_dag.py
[2024-09-18T23:57:01.484+0000] {logging_mixin.py:190} INFO - [2024-09-18T23:57:01.483+0000] {dag.py:3229} INFO - Sync 1 DAGs
[2024-09-18T23:57:01.515+0000] {logging_mixin.py:190} INFO - [2024-09-18T23:57:01.515+0000] {dag.py:4156} INFO - Setting next_dagrun for prueba_librerias to 2024-09-18 13:00:00+00:00, run_after=2024-09-19 10:00:00+00:00
[2024-09-18T23:57:01.543+0000] {processor.py:208} INFO - Processing /opt/airflow/dags/prueba_dag.py took 0.124 seconds
[2024-09-18T23:57:32.106+0000] {processor.py:186} INFO - Started process (PID=59) to work on /opt/airflow/dags/prueba_dag.py
[2024-09-18T23:57:32.106+0000] {processor.py:914} INFO - Processing file /opt/airflow/dags/prueba_dag.py for tasks to queue
[2024-09-18T23:57:32.108+0000] {logging_mixin.py:190} INFO - [2024-09-18T23:57:32.108+0000] {dagbag.py:587} INFO - Filling up the DagBag from /opt/airflow/dags/prueba_dag.py
[2024-09-18T23:57:32.116+0000] {processor.py:925} INFO - DAG(s) 'prueba_librerias' retrieved from /opt/airflow/dags/prueba_dag.py
[2024-09-18T23:57:32.136+0000] {logging_mixin.py:190} INFO - [2024-09-18T23:57:32.136+0000] {dag.py:3229} INFO - Sync 1 DAGs
[2024-09-18T23:57:32.157+0000] {logging_mixin.py:190} INFO - [2024-09-18T23:57:32.156+0000] {dag.py:4156} INFO - Setting next_dagrun for prueba_librerias to 2024-09-18 13:00:00+00:00, run_after=2024-09-19 10:00:00+00:00
[2024-09-18T23:57:32.171+0000] {processor.py:208} INFO - Processing /opt/airflow/dags/prueba_dag.py took 0.070 seconds
[2024-09-18T23:58:02.342+0000] {processor.py:186} INFO - Started process (PID=66) to work on /opt/airflow/dags/prueba_dag.py
[2024-09-18T23:58:02.344+0000] {processor.py:914} INFO - Processing file /opt/airflow/dags/prueba_dag.py for tasks to queue
[2024-09-18T23:58:02.346+0000] {logging_mixin.py:190} INFO - [2024-09-18T23:58:02.346+0000] {dagbag.py:587} INFO - Filling up the DagBag from /opt/airflow/dags/prueba_dag.py
[2024-09-18T23:58:02.358+0000] {processor.py:925} INFO - DAG(s) 'prueba_librerias' retrieved from /opt/airflow/dags/prueba_dag.py
[2024-09-18T23:58:02.389+0000] {logging_mixin.py:190} INFO - [2024-09-18T23:58:02.389+0000] {dag.py:3229} INFO - Sync 1 DAGs
[2024-09-18T23:58:02.414+0000] {logging_mixin.py:190} INFO - [2024-09-18T23:58:02.414+0000] {dag.py:4156} INFO - Setting next_dagrun for prueba_librerias to 2024-09-18 13:00:00+00:00, run_after=2024-09-19 10:00:00+00:00
[2024-09-18T23:58:02.429+0000] {processor.py:208} INFO - Processing /opt/airflow/dags/prueba_dag.py took 0.093 seconds
[2024-09-18T23:58:32.526+0000] {processor.py:186} INFO - Started process (PID=72) to work on /opt/airflow/dags/prueba_dag.py
[2024-09-18T23:58:32.534+0000] {processor.py:914} INFO - Processing file /opt/airflow/dags/prueba_dag.py for tasks to queue
[2024-09-18T23:58:32.537+0000] {logging_mixin.py:190} INFO - [2024-09-18T23:58:32.536+0000] {dagbag.py:587} INFO - Filling up the DagBag from /opt/airflow/dags/prueba_dag.py
[2024-09-18T23:58:32.547+0000] {processor.py:925} INFO - DAG(s) 'prueba_librerias' retrieved from /opt/airflow/dags/prueba_dag.py
[2024-09-18T23:58:32.574+0000] {logging_mixin.py:190} INFO - [2024-09-18T23:58:32.574+0000] {dag.py:3229} INFO - Sync 1 DAGs
[2024-09-18T23:58:32.597+0000] {logging_mixin.py:190} INFO - [2024-09-18T23:58:32.597+0000] {dag.py:4156} INFO - Setting next_dagrun for prueba_librerias to 2024-09-18 13:00:00+00:00, run_after=2024-09-19 10:00:00+00:00
[2024-09-18T23:58:32.614+0000] {processor.py:208} INFO - Processing /opt/airflow/dags/prueba_dag.py took 0.094 seconds
[2024-09-18T23:59:02.752+0000] {processor.py:186} INFO - Started process (PID=79) to work on /opt/airflow/dags/prueba_dag.py
[2024-09-18T23:59:02.760+0000] {processor.py:914} INFO - Processing file /opt/airflow/dags/prueba_dag.py for tasks to queue
[2024-09-18T23:59:02.762+0000] {logging_mixin.py:190} INFO - [2024-09-18T23:59:02.762+0000] {dagbag.py:587} INFO - Filling up the DagBag from /opt/airflow/dags/prueba_dag.py
[2024-09-18T23:59:02.772+0000] {processor.py:925} INFO - DAG(s) 'prueba_librerias' retrieved from /opt/airflow/dags/prueba_dag.py
[2024-09-18T23:59:02.799+0000] {logging_mixin.py:190} INFO - [2024-09-18T23:59:02.798+0000] {dag.py:3229} INFO - Sync 1 DAGs
[2024-09-18T23:59:02.821+0000] {logging_mixin.py:190} INFO - [2024-09-18T23:59:02.821+0000] {dag.py:4156} INFO - Setting next_dagrun for prueba_librerias to 2024-09-18 13:00:00+00:00, run_after=2024-09-19 10:00:00+00:00
[2024-09-18T23:59:03.123+0000] {processor.py:208} INFO - Processing /opt/airflow/dags/prueba_dag.py took 0.377 seconds
[2024-09-18T23:59:33.305+0000] {processor.py:186} INFO - Started process (PID=86) to work on /opt/airflow/dags/prueba_dag.py
[2024-09-18T23:59:33.314+0000] {processor.py:914} INFO - Processing file /opt/airflow/dags/prueba_dag.py for tasks to queue
[2024-09-18T23:59:33.317+0000] {logging_mixin.py:190} INFO - [2024-09-18T23:59:33.317+0000] {dagbag.py:587} INFO - Filling up the DagBag from /opt/airflow/dags/prueba_dag.py
[2024-09-18T23:59:33.327+0000] {processor.py:925} INFO - DAG(s) 'prueba_librerias' retrieved from /opt/airflow/dags/prueba_dag.py
[2024-09-18T23:59:33.350+0000] {logging_mixin.py:190} INFO - [2024-09-18T23:59:33.350+0000] {dag.py:3229} INFO - Sync 1 DAGs
[2024-09-18T23:59:33.627+0000] {logging_mixin.py:190} INFO - [2024-09-18T23:59:33.626+0000] {dag.py:4156} INFO - Setting next_dagrun for prueba_librerias to 2024-09-18 13:00:00+00:00, run_after=2024-09-19 10:00:00+00:00
[2024-09-18T23:59:33.649+0000] {processor.py:208} INFO - Processing /opt/airflow/dags/prueba_dag.py took 0.349 seconds
